{"total": {"lines":{"total":5066,"covered":4945,"skipped":0,"pct":97.61},"statements":{"total":5066,"covered":4945,"skipped":0,"pct":97.61},"functions":{"total":180,"covered":166,"skipped":0,"pct":92.22},"branches":{"total":755,"covered":706,"skipped":0,"pct":93.5},"branchesTrue":{"total":0,"covered":0,"skipped":0,"pct":100}}
,"C:\\Users\\weife\\telegram-theme-generator\\src\\components\\common\\DownloadButton.tsx": {"lines":{"total":234,"covered":222,"skipped":0,"pct":94.87},"functions":{"total":6,"covered":6,"skipped":0,"pct":100},"statements":{"total":234,"covered":222,"skipped":0,"pct":94.87},"branches":{"total":31,"covered":28,"skipped":0,"pct":90.32}}
,"C:\\Users\\weife\\telegram-theme-generator\\src\\components\\common\\ErrorBoundary.tsx": {"lines":{"total":231,"covered":222,"skipped":0,"pct":96.1},"functions":{"total":10,"covered":9,"skipped":0,"pct":90},"statements":{"total":231,"covered":222,"skipped":0,"pct":96.1},"branches":{"total":30,"covered":29,"skipped":0,"pct":96.66}}
,"C:\\Users\\weife\\telegram-theme-generator\\src\\components\\common\\ProcessingSteps.tsx": {"lines":{"total":176,"covered":176,"skipped":0,"pct":100},"functions":{"total":4,"covered":4,"skipped":0,"pct":100},"statements":{"total":176,"covered":176,"skipped":0,"pct":100},"branches":{"total":41,"covered":40,"skipped":0,"pct":97.56}}
,"C:\\Users\\weife\\telegram-theme-generator\\src\\components\\common\\ProgressBar.tsx": {"lines":{"total":139,"covered":137,"skipped":0,"pct":98.56},"functions":{"total":2,"covered":2,"skipped":0,"pct":100},"statements":{"total":139,"covered":137,"skipped":0,"pct":98.56},"branches":{"total":36,"covered":31,"skipped":0,"pct":86.11}}
,"C:\\Users\\weife\\telegram-theme-generator\\src\\components\\common\\Skeleton.tsx": {"lines":{"total":212,"covered":212,"skipped":0,"pct":100},"functions":{"total":8,"covered":8,"skipped":0,"pct":100},"statements":{"total":212,"covered":212,"skipped":0,"pct":100},"branches":{"total":42,"covered":40,"skipped":0,"pct":95.23}}
,"C:\\Users\\weife\\telegram-theme-generator\\src\\components\\common\\Spinner.tsx": {"lines":{"total":92,"covered":92,"skipped":0,"pct":100},"functions":{"total":3,"covered":3,"skipped":0,"pct":100},"statements":{"total":92,"covered":92,"skipped":0,"pct":100},"branches":{"total":4,"covered":4,"skipped":0,"pct":100}}
,"C:\\Users\\weife\\telegram-theme-generator\\src\\components\\common\\Toast.tsx": {"lines":{"total":138,"covered":138,"skipped":0,"pct":100},"functions":{"total":4,"covered":4,"skipped":0,"pct":100},"statements":{"total":138,"covered":138,"skipped":0,"pct":100},"branches":{"total":12,"covered":12,"skipped":0,"pct":100}}
,"C:\\Users\\weife\\telegram-theme-generator\\src\\components\\common\\useProcessingSteps.ts": {"lines":{"total":66,"covered":66,"skipped":0,"pct":100},"functions":{"total":6,"covered":6,"skipped":0,"pct":100},"statements":{"total":66,"covered":66,"skipped":0,"pct":100},"branches":{"total":32,"covered":32,"skipped":0,"pct":100}}
,"C:\\Users\\weife\\telegram-theme-generator\\src\\components\\common\\useToast.tsx": {"lines":{"total":119,"covered":119,"skipped":0,"pct":100},"functions":{"total":4,"covered":4,"skipped":0,"pct":100},"statements":{"total":119,"covered":119,"skipped":0,"pct":100},"branches":{"total":23,"covered":22,"skipped":0,"pct":95.65}}
,"C:\\Users\\weife\\telegram-theme-generator\\src\\components\\preview\\ChatBubble.tsx": {"lines":{"total":199,"covered":198,"skipped":0,"pct":99.49},"functions":{"total":4,"covered":4,"skipped":0,"pct":100},"statements":{"total":199,"covered":198,"skipped":0,"pct":99.49},"branches":{"total":37,"covered":36,"skipped":0,"pct":97.29}}
,"C:\\Users\\weife\\telegram-theme-generator\\src\\components\\preview\\MessageList.tsx": {"lines":{"total":130,"covered":128,"skipped":0,"pct":98.46},"functions":{"total":5,"covered":5,"skipped":0,"pct":100},"statements":{"total":130,"covered":128,"skipped":0,"pct":98.46},"branches":{"total":19,"covered":18,"skipped":0,"pct":94.73}}
,"C:\\Users\\weife\\telegram-theme-generator\\src\\components\\preview\\ThemePreview.tsx": {"lines":{"total":455,"covered":450,"skipped":0,"pct":98.9},"functions":{"total":9,"covered":9,"skipped":0,"pct":100},"statements":{"total":455,"covered":450,"skipped":0,"pct":98.9},"branches":{"total":46,"covered":44,"skipped":0,"pct":95.65}}
,"C:\\Users\\weife\\telegram-theme-generator\\src\\components\\preview\\types.ts": {"lines":{"total":88,"covered":86,"skipped":0,"pct":97.72},"functions":{"total":1,"covered":1,"skipped":0,"pct":100},"statements":{"total":88,"covered":86,"skipped":0,"pct":97.72},"branches":{"total":4,"covered":3,"skipped":0,"pct":75}}
,"C:\\Users\\weife\\telegram-theme-generator\\src\\components\\uploader\\ImageUploader.tsx": {"lines":{"total":308,"covered":287,"skipped":0,"pct":93.18},"functions":{"total":7,"covered":6,"skipped":0,"pct":85.71},"statements":{"total":308,"covered":287,"skipped":0,"pct":93.18},"branches":{"total":56,"covered":53,"skipped":0,"pct":94.64}}
,"C:\\Users\\weife\\telegram-theme-generator\\src\\components\\uploader\\types.ts": {"lines":{"total":9,"covered":9,"skipped":0,"pct":100},"functions":{"total":0,"covered":0,"skipped":0,"pct":100},"statements":{"total":9,"covered":9,"skipped":0,"pct":100},"branches":{"total":0,"covered":0,"skipped":0,"pct":100}}
,"C:\\Users\\weife\\telegram-theme-generator\\src\\core\\color-extraction\\ColorExtractor.ts": {"lines":{"total":238,"covered":194,"skipped":0,"pct":81.51},"functions":{"total":21,"covered":18,"skipped":0,"pct":85.71},"statements":{"total":238,"covered":194,"skipped":0,"pct":81.51},"branches":{"total":51,"covered":38,"skipped":0,"pct":74.5}}
,"C:\\Users\\weife\\telegram-theme-generator\\src\\core\\contrast\\ContrastOptimizer.ts": {"lines":{"total":262,"covered":254,"skipped":0,"pct":96.94},"functions":{"total":19,"covered":19,"skipped":0,"pct":100},"statements":{"total":262,"covered":254,"skipped":0,"pct":96.94},"branches":{"total":74,"covered":71,"skipped":0,"pct":95.94}}
,"C:\\Users\\weife\\telegram-theme-generator\\src\\core\\contrast\\wcag-standards.ts": {"lines":{"total":30,"covered":30,"skipped":0,"pct":100},"functions":{"total":0,"covered":0,"skipped":0,"pct":100},"statements":{"total":30,"covered":30,"skipped":0,"pct":100},"branches":{"total":0,"covered":0,"skipped":0,"pct":100}}
,"C:\\Users\\weife\\telegram-theme-generator\\src\\core\\theme-generation\\TelegramThemeBuilder.ts": {"lines":{"total":406,"covered":399,"skipped":0,"pct":98.27},"functions":{"total":21,"covered":19,"skipped":0,"pct":90.47},"statements":{"total":406,"covered":399,"skipped":0,"pct":98.27},"branches":{"total":71,"covered":68,"skipped":0,"pct":95.77}}
,"C:\\Users\\weife\\telegram-theme-generator\\src\\core\\theme-generation\\ThemeValidator.ts": {"lines":{"total":212,"covered":204,"skipped":0,"pct":96.22},"functions":{"total":19,"covered":17,"skipped":0,"pct":89.47},"statements":{"total":212,"covered":204,"skipped":0,"pct":96.22},"branches":{"total":61,"covered":59,"skipped":0,"pct":96.72}}
,"C:\\Users\\weife\\telegram-theme-generator\\src\\core\\theme-generation\\templates\\base-theme.ts": {"lines":{"total":984,"covered":984,"skipped":0,"pct":100},"functions":{"total":0,"covered":0,"skipped":0,"pct":100},"statements":{"total":984,"covered":984,"skipped":0,"pct":100},"branches":{"total":0,"covered":0,"skipped":0,"pct":100}}
,"C:\\Users\\weife\\telegram-theme-generator\\src\\utils\\error-handling.ts": {"lines":{"total":280,"covered":280,"skipped":0,"pct":100},"functions":{"total":20,"covered":15,"skipped":0,"pct":75},"statements":{"total":280,"covered":280,"skipped":0,"pct":100},"branches":{"total":67,"covered":61,"skipped":0,"pct":91.04}}
,"C:\\Users\\weife\\telegram-theme-generator\\src\\utils\\file-utils.ts": {"lines":{"total":58,"covered":58,"skipped":0,"pct":100},"functions":{"total":7,"covered":7,"skipped":0,"pct":100},"statements":{"total":58,"covered":58,"skipped":0,"pct":100},"branches":{"total":18,"covered":17,"skipped":0,"pct":94.44}}
}
