{"C:\\Users\\weife\\telegram-theme-generator\\src\\components\\common\\DownloadButton.tsx": {"path":"C:\\Users\\weife\\telegram-theme-generator\\src\\components\\common\\DownloadButton.tsx","all":false,"statementMap":{"0":{"start":{"line":1,"column":0},"end":{"line":1,"column":46}},"1":{"start":{"line":2,"column":0},"end":{"line":2,"column":76}},"69":{"start":{"line":70,"column":0},"end":{"line":70,"column":23}},"70":{"start":{"line":71,"column":0},"end":{"line":71,"column":7}},"71":{"start":{"line":72,"column":0},"end":{"line":72,"column":10}},"72":{"start":{"line":73,"column":0},"end":{"line":73,"column":12}},"73":{"start":{"line":74,"column":0},"end":{"line":74,"column":4}},"77":{"start":{"line":78,"column":0},"end":{"line":78,"column":4}},"78":{"start":{"line":79,"column":0},"end":{"line":79,"column":10}},"79":{"start":{"line":80,"column":0},"end":{"line":80,"column":8}},"80":{"start":{"line":81,"column":0},"end":{"line":81,"column":18}},"83":{"start":{"line":84,"column":0},"end":{"line":84,"column":83}},"85":{"start":{"line":86,"column":0},"end":{"line":86,"column":18}},"86":{"start":{"line":87,"column":0},"end":{"line":87,"column":42}},"88":{"start":{"line":89,"column":0},"end":{"line":89,"column":29}},"89":{"start":{"line":90,"column":0},"end":{"line":90,"column":12}},"90":{"start":{"line":91,"column":0},"end":{"line":91,"column":43}},"91":{"start":{"line":92,"column":0},"end":{"line":92,"column":21}},"92":{"start":{"line":93,"column":0},"end":{"line":93,"column":29}},"93":{"start":{"line":94,"column":0},"end":{"line":94,"column":31}},"95":{"start":{"line":96,"column":0},"end":{"line":96,"column":15}},"96":{"start":{"line":97,"column":0},"end":{"line":97,"column":33}},"97":{"start":{"line":98,"column":0},"end":{"line":98,"column":34}},"98":{"start":{"line":99,"column":0},"end":{"line":99,"column":27}},"99":{"start":{"line":100,"column":0},"end":{"line":100,"column":30}},"100":{"start":{"line":101,"column":0},"end":{"line":101,"column":12}},"101":{"start":{"line":102,"column":0},"end":{"line":102,"column":14}},"103":{"start":{"line":104,"column":0},"end":{"line":104,"column":12}},"104":{"start":{"line":105,"column":0},"end":{"line":105,"column":43}},"105":{"start":{"line":106,"column":0},"end":{"line":106,"column":21}},"106":{"start":{"line":107,"column":0},"end":{"line":107,"column":29}},"107":{"start":{"line":108,"column":0},"end":{"line":108,"column":31}},"109":{"start":{"line":110,"column":0},"end":{"line":110,"column":15}},"110":{"start":{"line":111,"column":0},"end":{"line":111,"column":33}},"111":{"start":{"line":112,"column":0},"end":{"line":112,"column":34}},"112":{"start":{"line":113,"column":0},"end":{"line":113,"column":27}},"113":{"start":{"line":114,"column":0},"end":{"line":114,"column":36}},"114":{"start":{"line":115,"column":0},"end":{"line":115,"column":12}},"115":{"start":{"line":116,"column":0},"end":{"line":116,"column":14}},"117":{"start":{"line":118,"column":0},"end":{"line":118,"column":60}},"118":{"start":{"line":119,"column":0},"end":{"line":119,"column":13}},"119":{"start":{"line":120,"column":0},"end":{"line":120,"column":21}},"120":{"start":{"line":121,"column":0},"end":{"line":121,"column":27}},"121":{"start":{"line":122,"column":0},"end":{"line":122,"column":77}},"122":{"start":{"line":123,"column":0},"end":{"line":123,"column":41}},"124":{"start":{"line":125,"column":0},"end":{"line":125,"column":87}},"125":{"start":{"line":126,"column":0},"end":{"line":126,"column":15}},"126":{"start":{"line":127,"column":0},"end":{"line":127,"column":33}},"127":{"start":{"line":128,"column":0},"end":{"line":128,"column":34}},"128":{"start":{"line":129,"column":0},"end":{"line":129,"column":27}},"129":{"start":{"line":130,"column":0},"end":{"line":130,"column":36}},"130":{"start":{"line":131,"column":0},"end":{"line":131,"column":12}},"131":{"start":{"line":132,"column":0},"end":{"line":132,"column":14}},"132":{"start":{"line":133,"column":0},"end":{"line":133,"column":15}},"133":{"start":{"line":134,"column":0},"end":{"line":134,"column":10}},"135":{"start":{"line":136,"column":0},"end":{"line":136,"column":1}},"155":{"start":{"line":156,"column":0},"end":{"line":156,"column":32}},"156":{"start":{"line":157,"column":0},"end":{"line":157,"column":10}},"157":{"start":{"line":158,"column":0},"end":{"line":158,"column":11}},"158":{"start":{"line":159,"column":0},"end":{"line":159,"column":12}},"159":{"start":{"line":160,"column":0},"end":{"line":160,"column":10}},"160":{"start":{"line":161,"column":0},"end":{"line":161,"column":19}},"161":{"start":{"line":162,"column":0},"end":{"line":162,"column":17}},"162":{"start":{"line":163,"column":0},"end":{"line":163,"column":22}},"163":{"start":{"line":164,"column":0},"end":{"line":164,"column":18}},"164":{"start":{"line":165,"column":0},"end":{"line":165,"column":26}},"165":{"start":{"line":166,"column":0},"end":{"line":166,"column":11}},"166":{"start":{"line":167,"column":0},"end":{"line":167,"column":25}},"167":{"start":{"line":168,"column":0},"end":{"line":168,"column":60}},"168":{"start":{"line":169,"column":0},"end":{"line":169,"column":52}},"171":{"start":{"line":172,"column":0},"end":{"line":172,"column":18}},"173":{"start":{"line":174,"column":0},"end":{"line":174,"column":49}},"174":{"start":{"line":175,"column":0},"end":{"line":175,"column":26}},"175":{"start":{"line":176,"column":0},"end":{"line":176,"column":9}},"177":{"start":{"line":178,"column":0},"end":{"line":178,"column":50}},"178":{"start":{"line":179,"column":0},"end":{"line":179,"column":52}},"180":{"start":{"line":181,"column":0},"end":{"line":181,"column":28}},"182":{"start":{"line":183,"column":0},"end":{"line":183,"column":40}},"183":{"start":{"line":184,"column":0},"end":{"line":184,"column":15}},"184":{"start":{"line":185,"column":0},"end":{"line":185,"column":14}},"185":{"start":{"line":186,"column":0},"end":{"line":186,"column":45}},"186":{"start":{"line":187,"column":0},"end":{"line":187,"column":38}},"187":{"start":{"line":188,"column":0},"end":{"line":188,"column":28}},"188":{"start":{"line":189,"column":0},"end":{"line":189,"column":25}},"189":{"start":{"line":190,"column":0},"end":{"line":190,"column":26}},"190":{"start":{"line":191,"column":0},"end":{"line":191,"column":59}},"191":{"start":{"line":192,"column":0},"end":{"line":192,"column":11}},"192":{"start":{"line":193,"column":0},"end":{"line":193,"column":36}},"194":{"start":{"line":195,"column":0},"end":{"line":195,"column":26}},"195":{"start":{"line":196,"column":0},"end":{"line":196,"column":27}},"196":{"start":{"line":197,"column":0},"end":{"line":197,"column":32}},"197":{"start":{"line":198,"column":0},"end":{"line":198,"column":29}},"198":{"start":{"line":199,"column":0},"end":{"line":199,"column":8}},"199":{"start":{"line":200,"column":0},"end":{"line":200,"column":27}},"200":{"start":{"line":201,"column":0},"end":{"line":201,"column":26}},"201":{"start":{"line":202,"column":0},"end":{"line":202,"column":25}},"202":{"start":{"line":203,"column":0},"end":{"line":203,"column":24}},"203":{"start":{"line":204,"column":0},"end":{"line":204,"column":73}},"204":{"start":{"line":205,"column":0},"end":{"line":205,"column":11}},"205":{"start":{"line":206,"column":0},"end":{"line":206,"column":25}},"207":{"start":{"line":208,"column":0},"end":{"line":208,"column":26}},"208":{"start":{"line":209,"column":0},"end":{"line":209,"column":27}},"209":{"start":{"line":210,"column":0},"end":{"line":210,"column":32}},"210":{"start":{"line":211,"column":0},"end":{"line":211,"column":29}},"211":{"start":{"line":212,"column":0},"end":{"line":212,"column":8}},"212":{"start":{"line":213,"column":0},"end":{"line":213,"column":7}},"215":{"start":{"line":216,"column":0},"end":{"line":216,"column":53}},"216":{"start":{"line":217,"column":0},"end":{"line":217,"column":24}},"217":{"start":{"line":218,"column":0},"end":{"line":218,"column":23}},"218":{"start":{"line":219,"column":0},"end":{"line":219,"column":22}},"219":{"start":{"line":220,"column":0},"end":{"line":220,"column":70}},"220":{"start":{"line":221,"column":0},"end":{"line":221,"column":9}},"221":{"start":{"line":222,"column":0},"end":{"line":222,"column":24}},"222":{"start":{"line":223,"column":0},"end":{"line":223,"column":25}},"223":{"start":{"line":224,"column":0},"end":{"line":224,"column":30}},"224":{"start":{"line":225,"column":0},"end":{"line":225,"column":27}},"225":{"start":{"line":226,"column":0},"end":{"line":226,"column":5}},"226":{"start":{"line":227,"column":0},"end":{"line":227,"column":81}},"229":{"start":{"line":230,"column":0},"end":{"line":230,"column":25}},"230":{"start":{"line":231,"column":0},"end":{"line":231,"column":14}},"235":{"start":{"line":236,"column":0},"end":{"line":236,"column":16}},"240":{"start":{"line":241,"column":0},"end":{"line":241,"column":14}},"245":{"start":{"line":246,"column":0},"end":{"line":246,"column":4}},"248":{"start":{"line":249,"column":0},"end":{"line":249,"column":22}},"249":{"start":{"line":250,"column":0},"end":{"line":250,"column":33}},"250":{"start":{"line":251,"column":0},"end":{"line":251,"column":34}},"251":{"start":{"line":252,"column":0},"end":{"line":252,"column":31}},"252":{"start":{"line":253,"column":0},"end":{"line":253,"column":4}},"255":{"start":{"line":256,"column":0},"end":{"line":256,"column":23}},"256":{"start":{"line":257,"column":0},"end":{"line":257,"column":13}},"257":{"start":{"line":258,"column":0},"end":{"line":258,"column":42}},"258":{"start":{"line":259,"column":0},"end":{"line":259,"column":88}},"259":{"start":{"line":260,"column":0},"end":{"line":260,"column":80}},"260":{"start":{"line":261,"column":0},"end":{"line":261,"column":4}},"262":{"start":{"line":263,"column":0},"end":{"line":263,"column":31}},"263":{"start":{"line":264,"column":0},"end":{"line":264,"column":20}},"264":{"start":{"line":265,"column":0},"end":{"line":265,"column":25}},"265":{"start":{"line":266,"column":0},"end":{"line":266,"column":16}},"266":{"start":{"line":267,"column":0},"end":{"line":267,"column":12}},"267":{"start":{"line":268,"column":0},"end":{"line":268,"column":16}},"268":{"start":{"line":269,"column":0},"end":{"line":269,"column":57}},"269":{"start":{"line":270,"column":0},"end":{"line":270,"column":48}},"270":{"start":{"line":271,"column":0},"end":{"line":271,"column":25}},"271":{"start":{"line":272,"column":0},"end":{"line":272,"column":33}},"273":{"start":{"line":274,"column":0},"end":{"line":274,"column":21}},"274":{"start":{"line":275,"column":0},"end":{"line":275,"column":38}},"275":{"start":{"line":276,"column":0},"end":{"line":276,"column":23}},"276":{"start":{"line":277,"column":0},"end":{"line":277,"column":23}},"277":{"start":{"line":278,"column":0},"end":{"line":278,"column":22}},"278":{"start":{"line":279,"column":0},"end":{"line":279,"column":37}},"279":{"start":{"line":280,"column":0},"end":{"line":280,"column":31}},"280":{"start":{"line":281,"column":0},"end":{"line":281,"column":16}},"281":{"start":{"line":282,"column":0},"end":{"line":282,"column":19}},"282":{"start":{"line":283,"column":0},"end":{"line":283,"column":38}},"283":{"start":{"line":284,"column":0},"end":{"line":284,"column":35}},"284":{"start":{"line":285,"column":0},"end":{"line":285,"column":131}},"285":{"start":{"line":286,"column":0},"end":{"line":286,"column":16}},"286":{"start":{"line":287,"column":0},"end":{"line":287,"column":18}},"288":{"start":{"line":289,"column":0},"end":{"line":289,"column":13}},"290":{"start":{"line":291,"column":0},"end":{"line":291,"column":21}},"291":{"start":{"line":292,"column":0},"end":{"line":292,"column":16}},"292":{"start":{"line":293,"column":0},"end":{"line":293,"column":12}},"293":{"start":{"line":294,"column":0},"end":{"line":294,"column":16}},"294":{"start":{"line":295,"column":0},"end":{"line":295,"column":44}},"295":{"start":{"line":296,"column":0},"end":{"line":296,"column":25}},"296":{"start":{"line":297,"column":0},"end":{"line":297,"column":33}},"297":{"start":{"line":298,"column":0},"end":{"line":298,"column":35}},"299":{"start":{"line":300,"column":0},"end":{"line":300,"column":19}},"300":{"start":{"line":301,"column":0},"end":{"line":301,"column":37}},"301":{"start":{"line":302,"column":0},"end":{"line":302,"column":38}},"302":{"start":{"line":303,"column":0},"end":{"line":303,"column":31}},"303":{"start":{"line":304,"column":0},"end":{"line":304,"column":34}},"304":{"start":{"line":305,"column":0},"end":{"line":305,"column":16}},"305":{"start":{"line":306,"column":0},"end":{"line":306,"column":18}},"307":{"start":{"line":308,"column":0},"end":{"line":308,"column":13}},"309":{"start":{"line":310,"column":0},"end":{"line":310,"column":19}},"310":{"start":{"line":311,"column":0},"end":{"line":311,"column":16}},"311":{"start":{"line":312,"column":0},"end":{"line":312,"column":12}},"312":{"start":{"line":313,"column":0},"end":{"line":313,"column":16}},"313":{"start":{"line":314,"column":0},"end":{"line":314,"column":44}},"314":{"start":{"line":315,"column":0},"end":{"line":315,"column":25}},"315":{"start":{"line":316,"column":0},"end":{"line":316,"column":33}},"316":{"start":{"line":317,"column":0},"end":{"line":317,"column":35}},"318":{"start":{"line":319,"column":0},"end":{"line":319,"column":19}},"319":{"start":{"line":320,"column":0},"end":{"line":320,"column":37}},"320":{"start":{"line":321,"column":0},"end":{"line":321,"column":38}},"321":{"start":{"line":322,"column":0},"end":{"line":322,"column":31}},"322":{"start":{"line":323,"column":0},"end":{"line":323,"column":40}},"323":{"start":{"line":324,"column":0},"end":{"line":324,"column":16}},"324":{"start":{"line":325,"column":0},"end":{"line":325,"column":18}},"326":{"start":{"line":327,"column":0},"end":{"line":327,"column":13}},"328":{"start":{"line":329,"column":0},"end":{"line":329,"column":14}},"329":{"start":{"line":330,"column":0},"end":{"line":330,"column":16}},"330":{"start":{"line":331,"column":0},"end":{"line":331,"column":23}},"331":{"start":{"line":332,"column":0},"end":{"line":332,"column":14}},"332":{"start":{"line":333,"column":0},"end":{"line":333,"column":18}},"333":{"start":{"line":334,"column":0},"end":{"line":334,"column":46}},"334":{"start":{"line":335,"column":0},"end":{"line":335,"column":27}},"335":{"start":{"line":336,"column":0},"end":{"line":336,"column":35}},"336":{"start":{"line":337,"column":0},"end":{"line":337,"column":37}},"338":{"start":{"line":339,"column":0},"end":{"line":339,"column":21}},"339":{"start":{"line":340,"column":0},"end":{"line":340,"column":39}},"340":{"start":{"line":341,"column":0},"end":{"line":341,"column":40}},"341":{"start":{"line":342,"column":0},"end":{"line":342,"column":33}},"342":{"start":{"line":343,"column":0},"end":{"line":343,"column":84}},"343":{"start":{"line":344,"column":0},"end":{"line":344,"column":18}},"344":{"start":{"line":345,"column":0},"end":{"line":345,"column":20}},"346":{"start":{"line":347,"column":0},"end":{"line":347,"column":15}},"349":{"start":{"line":350,"column":0},"end":{"line":350,"column":5}},"350":{"start":{"line":351,"column":0},"end":{"line":351,"column":4}},"352":{"start":{"line":353,"column":0},"end":{"line":353,"column":10}},"353":{"start":{"line":354,"column":0},"end":{"line":354,"column":6}},"354":{"start":{"line":355,"column":0},"end":{"line":355,"column":13}},"355":{"start":{"line":356,"column":0},"end":{"line":356,"column":21}},"356":{"start":{"line":357,"column":0},"end":{"line":357,"column":32}},"357":{"start":{"line":358,"column":0},"end":{"line":358,"column":54}},"358":{"start":{"line":359,"column":0},"end":{"line":359,"column":20}},"362":{"start":{"line":363,"column":0},"end":{"line":363,"column":35}},"363":{"start":{"line":364,"column":0},"end":{"line":364,"column":29}},"364":{"start":{"line":365,"column":0},"end":{"line":365,"column":31}},"365":{"start":{"line":366,"column":0},"end":{"line":366,"column":22}},"367":{"start":{"line":368,"column":0},"end":{"line":368,"column":37}},"368":{"start":{"line":369,"column":0},"end":{"line":369,"column":43}},"370":{"start":{"line":371,"column":0},"end":{"line":371,"column":25}},"371":{"start":{"line":372,"column":0},"end":{"line":372,"column":15}},"372":{"start":{"line":373,"column":0},"end":{"line":373,"column":24}},"373":{"start":{"line":374,"column":0},"end":{"line":374,"column":21}},"374":{"start":{"line":375,"column":0},"end":{"line":375,"column":34}},"375":{"start":{"line":376,"column":0},"end":{"line":376,"column":40}},"376":{"start":{"line":377,"column":0},"end":{"line":377,"column":41}},"377":{"start":{"line":378,"column":0},"end":{"line":378,"column":10}},"379":{"start":{"line":380,"column":0},"end":{"line":380,"column":7}},"381":{"start":{"line":382,"column":0},"end":{"line":382,"column":1}},"383":{"start":{"line":384,"column":0},"end":{"line":384,"column":30}}},"s":{"0":1,"1":1,"69":10,"70":10,"71":10,"72":10,"73":10,"77":10,"78":10,"79":10,"80":10,"83":10,"85":10,"86":10,"88":10,"89":7,"90":7,"91":7,"92":7,"93":7,"95":7,"96":7,"97":7,"98":7,"99":7,"100":7,"101":7,"103":3,"104":3,"105":3,"106":3,"107":3,"109":3,"110":3,"111":3,"112":3,"113":3,"114":3,"115":3,"117":10,"118":10,"119":10,"120":10,"121":10,"122":10,"124":10,"125":10,"126":10,"127":10,"128":10,"129":10,"130":10,"131":10,"132":10,"133":10,"135":10,"155":1,"156":41,"157":41,"158":41,"159":41,"160":41,"161":41,"162":41,"163":41,"164":41,"165":41,"166":41,"167":41,"168":41,"171":41,"173":41,"174":1,"175":41,"177":41,"178":13,"180":13,"182":13,"183":13,"184":13,"185":13,"186":13,"187":7,"188":7,"189":7,"190":7,"191":7,"192":7,"194":7,"195":1,"196":1,"197":7,"198":7,"199":13,"200":3,"201":3,"202":3,"203":3,"204":3,"205":3,"207":3,"208":0,"209":0,"210":3,"211":3,"212":13,"215":13,"216":0,"217":0,"218":0,"219":0,"220":0,"221":0,"222":0,"223":0,"224":0,"225":0,"226":41,"229":41,"230":41,"235":41,"240":41,"245":41,"248":41,"249":41,"250":41,"251":41,"252":41,"255":41,"256":41,"257":41,"258":41,"259":41,"260":41,"262":41,"263":41,"264":41,"265":3,"266":3,"267":3,"268":3,"269":3,"270":3,"271":3,"273":3,"274":3,"275":3,"276":3,"277":3,"278":3,"279":3,"280":3,"281":3,"282":3,"283":3,"284":3,"285":3,"286":3,"288":3,"290":41,"291":8,"292":8,"293":8,"294":8,"295":8,"296":8,"297":8,"299":8,"300":8,"301":8,"302":8,"303":8,"304":8,"305":8,"307":8,"309":41,"310":3,"311":3,"312":3,"313":3,"314":3,"315":3,"316":3,"318":3,"319":3,"320":3,"321":3,"322":3,"323":3,"324":3,"326":3,"328":41,"329":27,"330":27,"331":26,"332":26,"333":26,"334":26,"335":26,"336":26,"338":26,"339":26,"340":26,"341":26,"342":26,"343":26,"344":26,"346":26,"349":41,"350":41,"352":41,"353":41,"354":41,"355":41,"356":41,"357":41,"358":41,"362":41,"363":41,"364":41,"365":41,"367":41,"368":41,"370":41,"371":41,"372":41,"373":10,"374":10,"375":10,"376":10,"377":10,"379":41,"381":41,"383":1},"branchMap":{"0":{"type":"branch","line":70,"loc":{"start":{"line":70,"column":0},"end":{"line":136,"column":1}},"locations":[{"start":{"line":70,"column":0},"end":{"line":136,"column":1}}]},"1":{"type":"branch","line":84,"loc":{"start":{"line":84,"column":19},"end":{"line":84,"column":59}},"locations":[{"start":{"line":84,"column":19},"end":{"line":84,"column":59}}]},"2":{"type":"branch","line":84,"loc":{"start":{"line":84,"column":31},"end":{"line":84,"column":82}},"locations":[{"start":{"line":84,"column":31},"end":{"line":84,"column":82}}]},"3":{"type":"branch","line":89,"loc":{"start":{"line":89,"column":16},"end":{"line":102,"column":14}},"locations":[{"start":{"line":89,"column":16},"end":{"line":102,"column":14}}]},"4":{"type":"branch","line":102,"loc":{"start":{"line":102,"column":8},"end":{"line":116,"column":14}},"locations":[{"start":{"line":102,"column":8},"end":{"line":116,"column":14}}]},"5":{"type":"branch","line":156,"loc":{"start":{"line":156,"column":7},"end":{"line":382,"column":1}},"locations":[{"start":{"line":156,"column":7},"end":{"line":382,"column":1}}]},"6":{"type":"branch","line":259,"loc":{"start":{"line":259,"column":25},"end":{"line":259,"column":73}},"locations":[{"start":{"line":259,"column":25},"end":{"line":259,"column":73}}]},"7":{"type":"branch","line":259,"loc":{"start":{"line":259,"column":37},"end":{"line":259,"column":88}},"locations":[{"start":{"line":259,"column":37},"end":{"line":259,"column":88}}]},"8":{"type":"branch","line":260,"loc":{"start":{"line":260,"column":23},"end":{"line":260,"column":67}},"locations":[{"start":{"line":260,"column":23},"end":{"line":260,"column":67}}]},"9":{"type":"branch","line":260,"loc":{"start":{"line":260,"column":35},"end":{"line":260,"column":80}},"locations":[{"start":{"line":260,"column":35},"end":{"line":260,"column":80}}]},"10":{"type":"branch","line":358,"loc":{"start":{"line":358,"column":18},"end":{"line":358,"column":54}},"locations":[{"start":{"line":358,"column":18},"end":{"line":358,"column":54}}]},"11":{"type":"branch","line":373,"loc":{"start":{"line":373,"column":7},"end":{"line":378,"column":10}},"locations":[{"start":{"line":373,"column":7},"end":{"line":378,"column":10}}]},"12":{"type":"branch","line":174,"loc":{"start":{"line":174,"column":42},"end":{"line":176,"column":5}},"locations":[{"start":{"line":174,"column":42},"end":{"line":176,"column":5}}]},"13":{"type":"branch","line":178,"loc":{"start":{"line":178,"column":37},"end":{"line":227,"column":5}},"locations":[{"start":{"line":178,"column":37},"end":{"line":227,"column":5}}]},"14":{"type":"branch","line":179,"loc":{"start":{"line":179,"column":45},"end":{"line":179,"column":52}},"locations":[{"start":{"line":179,"column":45},"end":{"line":179,"column":52}}]},"15":{"type":"branch","line":213,"loc":{"start":{"line":213,"column":5},"end":{"line":216,"column":27}},"locations":[{"start":{"line":213,"column":5},"end":{"line":216,"column":27}}]},"16":{"type":"branch","line":216,"loc":{"start":{"line":216,"column":16},"end":{"line":216,"column":52}},"locations":[{"start":{"line":216,"column":16},"end":{"line":216,"column":52}}]},"17":{"type":"branch","line":216,"loc":{"start":{"line":216,"column":52},"end":{"line":226,"column":5}},"locations":[{"start":{"line":216,"column":52},"end":{"line":226,"column":5}}]},"18":{"type":"branch","line":186,"loc":{"start":{"line":186,"column":15},"end":{"line":186,"column":45}},"locations":[{"start":{"line":186,"column":15},"end":{"line":186,"column":45}}]},"19":{"type":"branch","line":187,"loc":{"start":{"line":187,"column":17},"end":{"line":199,"column":8}},"locations":[{"start":{"line":187,"column":17},"end":{"line":199,"column":8}}]},"20":{"type":"branch","line":193,"loc":{"start":{"line":193,"column":8},"end":{"line":193,"column":36}},"locations":[{"start":{"line":193,"column":8},"end":{"line":193,"column":36}}]},"21":{"type":"branch","line":195,"loc":{"start":{"line":195,"column":19},"end":{"line":198,"column":11}},"locations":[{"start":{"line":195,"column":19},"end":{"line":198,"column":11}}]},"22":{"type":"branch","line":200,"loc":{"start":{"line":200,"column":15},"end":{"line":212,"column":8}},"locations":[{"start":{"line":200,"column":15},"end":{"line":212,"column":8}}]},"23":{"type":"branch","line":204,"loc":{"start":{"line":204,"column":25},"end":{"line":204,"column":73}},"locations":[{"start":{"line":204,"column":25},"end":{"line":204,"column":73}}]},"24":{"type":"branch","line":206,"loc":{"start":{"line":206,"column":8},"end":{"line":206,"column":25}},"locations":[{"start":{"line":206,"column":8},"end":{"line":206,"column":25}}]},"25":{"type":"branch","line":263,"loc":{"start":{"line":263,"column":24},"end":{"line":351,"column":4}},"locations":[{"start":{"line":263,"column":24},"end":{"line":351,"column":4}}]},"26":{"type":"branch","line":265,"loc":{"start":{"line":265,"column":6},"end":{"line":289,"column":13}},"locations":[{"start":{"line":265,"column":6},"end":{"line":289,"column":13}}]},"27":{"type":"branch","line":291,"loc":{"start":{"line":291,"column":6},"end":{"line":308,"column":13}},"locations":[{"start":{"line":291,"column":6},"end":{"line":308,"column":13}}]},"28":{"type":"branch","line":310,"loc":{"start":{"line":310,"column":6},"end":{"line":327,"column":13}},"locations":[{"start":{"line":310,"column":6},"end":{"line":327,"column":13}}]},"29":{"type":"branch","line":329,"loc":{"start":{"line":329,"column":6},"end":{"line":347,"column":15}},"locations":[{"start":{"line":329,"column":6},"end":{"line":347,"column":15}}]},"30":{"type":"branch","line":331,"loc":{"start":{"line":331,"column":10},"end":{"line":347,"column":15}},"locations":[{"start":{"line":331,"column":10},"end":{"line":347,"column":15}}]}},"b":{"0":[10],"1":[7],"2":[3],"3":[7],"4":[3],"5":[41],"6":[1],"7":[40],"8":[1],"9":[40],"10":[38],"11":[10],"12":[1],"13":[13],"14":[0],"15":[10],"16":[3],"17":[0],"18":[13],"19":[7],"20":[1],"21":[1],"22":[3],"23":[0],"24":[1],"25":[41],"26":[3],"27":[8],"28":[3],"29":[27],"30":[26]},"fnMap":{"0":{"name":"Notification","decl":{"start":{"line":70,"column":0},"end":{"line":136,"column":1}},"loc":{"start":{"line":70,"column":0},"end":{"line":136,"column":1}},"line":70},"1":{"name":"DownloadButton","decl":{"start":{"line":156,"column":7},"end":{"line":382,"column":1}},"loc":{"start":{"line":156,"column":7},"end":{"line":382,"column":1}},"line":156},"2":{"name":"onStart","decl":{"start":{"line":186,"column":15},"end":{"line":186,"column":45}},"loc":{"start":{"line":186,"column":15},"end":{"line":186,"column":45}},"line":186},"3":{"name":"onSuccess","decl":{"start":{"line":187,"column":17},"end":{"line":199,"column":8}},"loc":{"start":{"line":187,"column":17},"end":{"line":199,"column":8}},"line":187},"4":{"name":"onError","decl":{"start":{"line":200,"column":15},"end":{"line":212,"column":8}},"loc":{"start":{"line":200,"column":15},"end":{"line":212,"column":8}},"line":200},"5":{"name":"buttonContent","decl":{"start":{"line":263,"column":24},"end":{"line":351,"column":4}},"loc":{"start":{"line":263,"column":24},"end":{"line":351,"column":4}},"line":263}},"f":{"0":10,"1":41,"2":13,"3":7,"4":3,"5":41}}
,"C:\\Users\\weife\\telegram-theme-generator\\src\\components\\common\\ErrorBoundary.tsx": {"path":"C:\\Users\\weife\\telegram-theme-generator\\src\\components\\common\\ErrorBoundary.tsx","all":false,"statementMap":{"0":{"start":{"line":1,"column":0},"end":{"line":1,"column":66}},"1":{"start":{"line":2,"column":0},"end":{"line":2,"column":91}},"48":{"start":{"line":49,"column":0},"end":{"line":49,"column":86}},"49":{"start":{"line":50,"column":0},"end":{"line":50,"column":42}},"50":{"start":{"line":51,"column":0},"end":{"line":51,"column":17}},"51":{"start":{"line":52,"column":0},"end":{"line":52,"column":50}},"52":{"start":{"line":53,"column":0},"end":{"line":53,"column":3}},"54":{"start":{"line":55,"column":0},"end":{"line":55,"column":69}},"55":{"start":{"line":56,"column":0},"end":{"line":56,"column":43}},"56":{"start":{"line":57,"column":0},"end":{"line":57,"column":47}},"57":{"start":{"line":58,"column":0},"end":{"line":58,"column":3}},"59":{"start":{"line":60,"column":0},"end":{"line":60,"column":63}},"60":{"start":{"line":61,"column":0},"end":{"line":61,"column":62}},"61":{"start":{"line":62,"column":0},"end":{"line":62,"column":43}},"63":{"start":{"line":64,"column":0},"end":{"line":64,"column":20}},"64":{"start":{"line":65,"column":0},"end":{"line":65,"column":53}},"65":{"start":{"line":66,"column":0},"end":{"line":66,"column":66}},"66":{"start":{"line":67,"column":0},"end":{"line":67,"column":5}},"68":{"start":{"line":69,"column":0},"end":{"line":69,"column":35}},"69":{"start":{"line":70,"column":0},"end":{"line":70,"column":3}},"71":{"start":{"line":72,"column":0},"end":{"line":72,"column":28}},"72":{"start":{"line":73,"column":0},"end":{"line":73,"column":52}},"73":{"start":{"line":74,"column":0},"end":{"line":74,"column":4}},"75":{"start":{"line":76,"column":0},"end":{"line":76,"column":23}},"76":{"start":{"line":77,"column":0},"end":{"line":77,"column":43}},"77":{"start":{"line":78,"column":0},"end":{"line":78,"column":46}},"79":{"start":{"line":80,"column":0},"end":{"line":80,"column":28}},"80":{"start":{"line":81,"column":0},"end":{"line":81,"column":43}},"81":{"start":{"line":82,"column":0},"end":{"line":82,"column":48}},"82":{"start":{"line":83,"column":0},"end":{"line":83,"column":7}},"84":{"start":{"line":85,"column":0},"end":{"line":85,"column":21}},"85":{"start":{"line":86,"column":0},"end":{"line":86,"column":24}},"86":{"start":{"line":87,"column":0},"end":{"line":87,"column":7}},"88":{"start":{"line":89,"column":0},"end":{"line":89,"column":14}},"89":{"start":{"line":90,"column":0},"end":{"line":90,"column":29}},"90":{"start":{"line":91,"column":0},"end":{"line":91,"column":23}},"91":{"start":{"line":92,"column":0},"end":{"line":92,"column":35}},"92":{"start":{"line":93,"column":0},"end":{"line":93,"column":10}},"94":{"start":{"line":95,"column":0},"end":{"line":95,"column":5}},"96":{"start":{"line":97,"column":0},"end":{"line":97,"column":20}},"97":{"start":{"line":98,"column":0},"end":{"line":98,"column":3}},"98":{"start":{"line":99,"column":0},"end":{"line":99,"column":1}},"111":{"start":{"line":112,"column":0},"end":{"line":112,"column":78}},"112":{"start":{"line":113,"column":0},"end":{"line":113,"column":10}},"113":{"start":{"line":114,"column":0},"end":{"line":114,"column":8}},"114":{"start":{"line":115,"column":0},"end":{"line":115,"column":34}},"115":{"start":{"line":116,"column":0},"end":{"line":116,"column":120}},"116":{"start":{"line":117,"column":0},"end":{"line":117,"column":18}},"118":{"start":{"line":119,"column":0},"end":{"line":119,"column":95}},"119":{"start":{"line":120,"column":0},"end":{"line":120,"column":12}},"120":{"start":{"line":121,"column":0},"end":{"line":121,"column":42}},"121":{"start":{"line":122,"column":0},"end":{"line":122,"column":21}},"122":{"start":{"line":123,"column":0},"end":{"line":123,"column":29}},"123":{"start":{"line":124,"column":0},"end":{"line":124,"column":31}},"124":{"start":{"line":125,"column":0},"end":{"line":125,"column":28}},"126":{"start":{"line":127,"column":0},"end":{"line":127,"column":15}},"127":{"start":{"line":128,"column":0},"end":{"line":128,"column":33}},"128":{"start":{"line":129,"column":0},"end":{"line":129,"column":34}},"129":{"start":{"line":130,"column":0},"end":{"line":130,"column":27}},"130":{"start":{"line":131,"column":0},"end":{"line":131,"column":148}},"131":{"start":{"line":132,"column":0},"end":{"line":132,"column":12}},"132":{"start":{"line":133,"column":0},"end":{"line":133,"column":14}},"133":{"start":{"line":134,"column":0},"end":{"line":134,"column":12}},"135":{"start":{"line":136,"column":0},"end":{"line":136,"column":62}},"137":{"start":{"line":138,"column":0},"end":{"line":138,"column":11}},"139":{"start":{"line":140,"column":0},"end":{"line":140,"column":68}},"140":{"start":{"line":141,"column":0},"end":{"line":141,"column":27}},"141":{"start":{"line":142,"column":0},"end":{"line":142,"column":10}},"143":{"start":{"line":144,"column":0},"end":{"line":144,"column":34}},"144":{"start":{"line":145,"column":0},"end":{"line":145,"column":15}},"145":{"start":{"line":146,"column":0},"end":{"line":146,"column":42}},"146":{"start":{"line":147,"column":0},"end":{"line":147,"column":27}},"147":{"start":{"line":148,"column":0},"end":{"line":148,"column":190}},"148":{"start":{"line":149,"column":0},"end":{"line":149,"column":9}},"150":{"start":{"line":151,"column":0},"end":{"line":151,"column":17}},"152":{"start":{"line":153,"column":0},"end":{"line":153,"column":15}},"153":{"start":{"line":154,"column":0},"end":{"line":154,"column":43}},"154":{"start":{"line":155,"column":0},"end":{"line":155,"column":50}},"155":{"start":{"line":156,"column":0},"end":{"line":156,"column":211}},"156":{"start":{"line":157,"column":0},"end":{"line":157,"column":9}},"158":{"start":{"line":159,"column":0},"end":{"line":159,"column":17}},"159":{"start":{"line":160,"column":0},"end":{"line":160,"column":12}},"161":{"start":{"line":162,"column":0},"end":{"line":162,"column":50}},"162":{"start":{"line":163,"column":0},"end":{"line":163,"column":50}},"163":{"start":{"line":164,"column":0},"end":{"line":164,"column":86}},"165":{"start":{"line":166,"column":0},"end":{"line":166,"column":20}},"166":{"start":{"line":167,"column":0},"end":{"line":167,"column":86}},"167":{"start":{"line":168,"column":0},"end":{"line":168,"column":84}},"168":{"start":{"line":169,"column":0},"end":{"line":169,"column":16}},"169":{"start":{"line":170,"column":0},"end":{"line":170,"column":18}},"171":{"start":{"line":172,"column":0},"end":{"line":172,"column":10}},"173":{"start":{"line":174,"column":0},"end":{"line":174,"column":1}},"200":{"start":{"line":201,"column":0},"end":{"line":201,"column":29}},"201":{"start":{"line":202,"column":0},"end":{"line":202,"column":8}},"202":{"start":{"line":203,"column":0},"end":{"line":203,"column":10}},"203":{"start":{"line":204,"column":0},"end":{"line":204,"column":12}},"204":{"start":{"line":205,"column":0},"end":{"line":205,"column":17}},"205":{"start":{"line":206,"column":0},"end":{"line":206,"column":22}},"206":{"start":{"line":207,"column":0},"end":{"line":207,"column":44}},"207":{"start":{"line":208,"column":0},"end":{"line":208,"column":69}},"208":{"start":{"line":209,"column":0},"end":{"line":209,"column":28}},"210":{"start":{"line":211,"column":0},"end":{"line":211,"column":10}},"211":{"start":{"line":212,"column":0},"end":{"line":212,"column":8}},"212":{"start":{"line":213,"column":0},"end":{"line":213,"column":32}},"213":{"start":{"line":214,"column":0},"end":{"line":214,"column":102}},"214":{"start":{"line":215,"column":0},"end":{"line":215,"column":18}},"216":{"start":{"line":217,"column":0},"end":{"line":217,"column":10}},"217":{"start":{"line":218,"column":0},"end":{"line":218,"column":61}},"218":{"start":{"line":219,"column":0},"end":{"line":219,"column":27}},"219":{"start":{"line":220,"column":0},"end":{"line":220,"column":27}},"220":{"start":{"line":221,"column":0},"end":{"line":221,"column":26}},"222":{"start":{"line":223,"column":0},"end":{"line":223,"column":13}},"223":{"start":{"line":224,"column":0},"end":{"line":224,"column":28}},"224":{"start":{"line":225,"column":0},"end":{"line":225,"column":229}},"225":{"start":{"line":226,"column":0},"end":{"line":226,"column":28}},"226":{"start":{"line":227,"column":0},"end":{"line":227,"column":10}},"227":{"start":{"line":228,"column":0},"end":{"line":228,"column":12}},"229":{"start":{"line":230,"column":0},"end":{"line":230,"column":38}},"230":{"start":{"line":231,"column":0},"end":{"line":231,"column":44}},"231":{"start":{"line":232,"column":0},"end":{"line":232,"column":32}},"232":{"start":{"line":233,"column":0},"end":{"line":233,"column":12}},"234":{"start":{"line":235,"column":0},"end":{"line":235,"column":36}},"235":{"start":{"line":236,"column":0},"end":{"line":236,"column":43}},"236":{"start":{"line":237,"column":0},"end":{"line":237,"column":25}},"237":{"start":{"line":238,"column":0},"end":{"line":238,"column":21}},"238":{"start":{"line":239,"column":0},"end":{"line":239,"column":48}},"239":{"start":{"line":240,"column":0},"end":{"line":240,"column":33}},"240":{"start":{"line":241,"column":0},"end":{"line":241,"column":89}},"241":{"start":{"line":242,"column":0},"end":{"line":242,"column":15}},"243":{"start":{"line":244,"column":0},"end":{"line":244,"column":23}},"245":{"start":{"line":246,"column":0},"end":{"line":246,"column":27}},"246":{"start":{"line":247,"column":0},"end":{"line":247,"column":21}},"247":{"start":{"line":248,"column":0},"end":{"line":248,"column":50}},"248":{"start":{"line":249,"column":0},"end":{"line":249,"column":35}},"249":{"start":{"line":250,"column":0},"end":{"line":250,"column":79}},"250":{"start":{"line":251,"column":0},"end":{"line":251,"column":15}},"252":{"start":{"line":253,"column":0},"end":{"line":253,"column":23}},"254":{"start":{"line":255,"column":0},"end":{"line":255,"column":16}},"256":{"start":{"line":257,"column":0},"end":{"line":257,"column":12}},"258":{"start":{"line":259,"column":0},"end":{"line":259,"column":21}},"259":{"start":{"line":260,"column":0},"end":{"line":260,"column":15}},"260":{"start":{"line":261,"column":0},"end":{"line":261,"column":29}},"261":{"start":{"line":262,"column":0},"end":{"line":262,"column":67}},"262":{"start":{"line":263,"column":0},"end":{"line":263,"column":36}},"264":{"start":{"line":265,"column":0},"end":{"line":265,"column":75}},"265":{"start":{"line":266,"column":0},"end":{"line":266,"column":17}},"266":{"start":{"line":267,"column":0},"end":{"line":267,"column":32}},"267":{"start":{"line":268,"column":0},"end":{"line":268,"column":212}},"268":{"start":{"line":269,"column":0},"end":{"line":269,"column":32}},"269":{"start":{"line":270,"column":0},"end":{"line":270,"column":14}},"270":{"start":{"line":271,"column":0},"end":{"line":271,"column":16}},"271":{"start":{"line":272,"column":0},"end":{"line":272,"column":17}},"273":{"start":{"line":274,"column":0},"end":{"line":274,"column":10}},"275":{"start":{"line":276,"column":0},"end":{"line":276,"column":1}},"319":{"start":{"line":320,"column":0},"end":{"line":320,"column":28}},"320":{"start":{"line":321,"column":0},"end":{"line":321,"column":33}},"321":{"start":{"line":322,"column":0},"end":{"line":322,"column":14}},"322":{"start":{"line":323,"column":0},"end":{"line":323,"column":17}},"323":{"start":{"line":324,"column":0},"end":{"line":324,"column":9}},"324":{"start":{"line":325,"column":0},"end":{"line":325,"column":18}},"325":{"start":{"line":326,"column":0},"end":{"line":326,"column":17}},"326":{"start":{"line":327,"column":0},"end":{"line":327,"column":21}},"327":{"start":{"line":328,"column":0},"end":{"line":328,"column":22}},"328":{"start":{"line":329,"column":0},"end":{"line":329,"column":37}},"329":{"start":{"line":330,"column":0},"end":{"line":330,"column":45}},"330":{"start":{"line":331,"column":0},"end":{"line":331,"column":39}},"331":{"start":{"line":332,"column":0},"end":{"line":332,"column":4}},"333":{"start":{"line":334,"column":0},"end":{"line":334,"column":17}},"334":{"start":{"line":335,"column":0},"end":{"line":335,"column":12}},"335":{"start":{"line":336,"column":0},"end":{"line":336,"column":11}},"336":{"start":{"line":337,"column":0},"end":{"line":337,"column":29}},"337":{"start":{"line":338,"column":0},"end":{"line":338,"column":30}},"338":{"start":{"line":339,"column":0},"end":{"line":339,"column":23}},"339":{"start":{"line":340,"column":0},"end":{"line":340,"column":32}},"340":{"start":{"line":341,"column":0},"end":{"line":341,"column":8}},"342":{"start":{"line":343,"column":0},"end":{"line":343,"column":14}},"343":{"start":{"line":344,"column":0},"end":{"line":344,"column":11}},"344":{"start":{"line":345,"column":0},"end":{"line":345,"column":29}},"345":{"start":{"line":346,"column":0},"end":{"line":346,"column":30}},"346":{"start":{"line":347,"column":0},"end":{"line":347,"column":23}},"347":{"start":{"line":348,"column":0},"end":{"line":348,"column":144}},"348":{"start":{"line":349,"column":0},"end":{"line":349,"column":8}},"350":{"start":{"line":351,"column":0},"end":{"line":351,"column":12}},"351":{"start":{"line":352,"column":0},"end":{"line":352,"column":11}},"352":{"start":{"line":353,"column":0},"end":{"line":353,"column":29}},"353":{"start":{"line":354,"column":0},"end":{"line":354,"column":30}},"354":{"start":{"line":355,"column":0},"end":{"line":355,"column":23}},"355":{"start":{"line":356,"column":0},"end":{"line":356,"column":207}},"356":{"start":{"line":357,"column":0},"end":{"line":357,"column":8}},"358":{"start":{"line":359,"column":0},"end":{"line":359,"column":4}},"360":{"start":{"line":361,"column":0},"end":{"line":361,"column":10}},"361":{"start":{"line":362,"column":0},"end":{"line":362,"column":8}},"362":{"start":{"line":363,"column":0},"end":{"line":363,"column":31}},"363":{"start":{"line":364,"column":0},"end":{"line":364,"column":90}},"365":{"start":{"line":366,"column":0},"end":{"line":366,"column":10}},"366":{"start":{"line":367,"column":0},"end":{"line":367,"column":102}},"368":{"start":{"line":369,"column":0},"end":{"line":369,"column":12}},"369":{"start":{"line":370,"column":0},"end":{"line":370,"column":29}},"370":{"start":{"line":371,"column":0},"end":{"line":371,"column":21}},"371":{"start":{"line":372,"column":0},"end":{"line":372,"column":29}},"372":{"start":{"line":373,"column":0},"end":{"line":373,"column":31}},"373":{"start":{"line":374,"column":0},"end":{"line":374,"column":28}},"375":{"start":{"line":376,"column":0},"end":{"line":376,"column":23}},"376":{"start":{"line":377,"column":0},"end":{"line":377,"column":14}},"377":{"start":{"line":378,"column":0},"end":{"line":378,"column":12}},"379":{"start":{"line":380,"column":0},"end":{"line":380,"column":63}},"380":{"start":{"line":381,"column":0},"end":{"line":381,"column":15}},"381":{"start":{"line":382,"column":0},"end":{"line":382,"column":11}},"383":{"start":{"line":384,"column":0},"end":{"line":384,"column":57}},"384":{"start":{"line":385,"column":0},"end":{"line":385,"column":21}},"385":{"start":{"line":386,"column":0},"end":{"line":386,"column":10}},"387":{"start":{"line":388,"column":0},"end":{"line":388,"column":39}},"388":{"start":{"line":389,"column":0},"end":{"line":389,"column":36}},"389":{"start":{"line":390,"column":0},"end":{"line":390,"column":22}},"390":{"start":{"line":391,"column":0},"end":{"line":391,"column":19}},"391":{"start":{"line":392,"column":0},"end":{"line":392,"column":46}},"392":{"start":{"line":393,"column":0},"end":{"line":393,"column":38}},"393":{"start":{"line":394,"column":0},"end":{"line":394,"column":197}},"395":{"start":{"line":396,"column":0},"end":{"line":396,"column":28}},"396":{"start":{"line":397,"column":0},"end":{"line":397,"column":21}},"398":{"start":{"line":399,"column":0},"end":{"line":399,"column":31}},"399":{"start":{"line":400,"column":0},"end":{"line":400,"column":19}},"400":{"start":{"line":401,"column":0},"end":{"line":401,"column":56}},"401":{"start":{"line":402,"column":0},"end":{"line":402,"column":47}},"402":{"start":{"line":403,"column":0},"end":{"line":403,"column":219}},"404":{"start":{"line":405,"column":0},"end":{"line":405,"column":37}},"405":{"start":{"line":406,"column":0},"end":{"line":406,"column":21}},"407":{"start":{"line":408,"column":0},"end":{"line":408,"column":14}},"409":{"start":{"line":410,"column":0},"end":{"line":410,"column":10}},"411":{"start":{"line":412,"column":0},"end":{"line":412,"column":1}},"413":{"start":{"line":414,"column":0},"end":{"line":414,"column":29}}},"s":{"0":1,"1":1,"48":1,"49":1,"50":21,"51":21,"52":21,"54":1,"55":18,"56":18,"57":18,"59":1,"60":9,"61":9,"63":9,"64":8,"65":8,"66":8,"68":9,"69":9,"71":1,"72":0,"73":0,"75":1,"76":38,"77":38,"79":38,"80":18,"81":2,"82":2,"84":18,"85":2,"86":2,"88":14,"89":14,"90":14,"91":14,"92":14,"94":14,"96":20,"97":38,"98":1,"111":14,"112":14,"113":14,"114":14,"115":14,"116":14,"118":14,"119":14,"120":14,"121":14,"122":14,"123":14,"124":14,"126":14,"127":14,"128":14,"129":14,"130":14,"131":14,"132":14,"133":14,"135":14,"137":14,"139":14,"140":14,"141":14,"143":14,"144":14,"145":14,"146":14,"147":14,"148":14,"150":14,"152":14,"153":14,"154":14,"155":14,"156":14,"158":14,"159":14,"161":14,"162":0,"163":0,"165":0,"166":0,"167":0,"168":0,"169":0,"171":14,"173":14,"200":1,"201":8,"202":8,"203":8,"204":8,"205":8,"206":8,"207":6,"208":2,"210":8,"211":8,"212":8,"213":8,"214":8,"216":8,"217":8,"218":8,"219":8,"220":8,"222":8,"223":8,"224":8,"225":8,"226":8,"227":8,"229":8,"230":8,"231":8,"232":8,"234":8,"235":2,"236":2,"237":1,"238":1,"239":1,"240":1,"241":1,"243":1,"245":2,"246":1,"247":1,"248":1,"249":1,"250":1,"252":1,"254":2,"256":8,"258":8,"259":1,"260":1,"261":1,"262":1,"264":1,"265":1,"266":1,"267":1,"268":1,"269":1,"270":1,"271":1,"273":8,"275":8,"319":1,"320":12,"321":12,"322":12,"323":12,"324":12,"325":12,"326":12,"327":12,"328":12,"329":12,"330":12,"331":12,"333":12,"334":12,"335":12,"336":12,"337":12,"338":12,"339":12,"340":12,"342":12,"343":12,"344":12,"345":12,"346":12,"347":12,"348":12,"350":12,"351":12,"352":12,"353":12,"354":12,"355":12,"356":12,"358":12,"360":12,"361":12,"362":12,"363":12,"365":12,"366":12,"368":12,"369":12,"370":12,"371":12,"372":12,"373":12,"375":12,"376":12,"377":12,"379":12,"380":12,"381":12,"383":12,"384":12,"385":12,"387":12,"388":3,"389":3,"390":2,"391":2,"392":2,"393":2,"395":2,"396":2,"398":3,"399":2,"400":2,"401":2,"402":2,"404":2,"405":2,"407":3,"409":12,"411":12,"413":1},"branchMap":{"0":{"type":"branch","line":50,"loc":{"start":{"line":50,"column":2},"end":{"line":53,"column":3}},"locations":[{"start":{"line":50,"column":2},"end":{"line":53,"column":3}}]},"1":{"type":"branch","line":55,"loc":{"start":{"line":55,"column":9},"end":{"line":58,"column":3}},"locations":[{"start":{"line":55,"column":9},"end":{"line":58,"column":3}}]},"2":{"type":"branch","line":60,"loc":{"start":{"line":60,"column":2},"end":{"line":70,"column":3}},"locations":[{"start":{"line":60,"column":2},"end":{"line":70,"column":3}}]},"3":{"type":"branch","line":64,"loc":{"start":{"line":64,"column":19},"end":{"line":67,"column":5}},"locations":[{"start":{"line":64,"column":19},"end":{"line":67,"column":5}}]},"4":{"type":"branch","line":69,"loc":{"start":{"line":69,"column":4},"end":{"line":69,"column":35}},"locations":[{"start":{"line":69,"column":4},"end":{"line":69,"column":35}}]},"5":{"type":"branch","line":72,"loc":{"start":{"line":72,"column":2},"end":{"line":74,"column":4}},"locations":[{"start":{"line":72,"column":2},"end":{"line":74,"column":4}}]},"6":{"type":"branch","line":76,"loc":{"start":{"line":76,"column":2},"end":{"line":98,"column":3}},"locations":[{"start":{"line":76,"column":2},"end":{"line":98,"column":3}}]},"7":{"type":"branch","line":80,"loc":{"start":{"line":80,"column":8},"end":{"line":80,"column":27}},"locations":[{"start":{"line":80,"column":8},"end":{"line":80,"column":27}}]},"8":{"type":"branch","line":80,"loc":{"start":{"line":80,"column":27},"end":{"line":95,"column":5}},"locations":[{"start":{"line":80,"column":27},"end":{"line":95,"column":5}}]},"9":{"type":"branch","line":81,"loc":{"start":{"line":81,"column":42},"end":{"line":83,"column":7}},"locations":[{"start":{"line":81,"column":42},"end":{"line":83,"column":7}}]},"10":{"type":"branch","line":83,"loc":{"start":{"line":83,"column":6},"end":{"line":85,"column":20}},"locations":[{"start":{"line":83,"column":6},"end":{"line":85,"column":20}}]},"11":{"type":"branch","line":85,"loc":{"start":{"line":85,"column":20},"end":{"line":87,"column":7}},"locations":[{"start":{"line":85,"column":20},"end":{"line":87,"column":7}}]},"12":{"type":"branch","line":87,"loc":{"start":{"line":87,"column":6},"end":{"line":95,"column":5}},"locations":[{"start":{"line":87,"column":6},"end":{"line":95,"column":5}}]},"13":{"type":"branch","line":95,"loc":{"start":{"line":95,"column":4},"end":{"line":97,"column":20}},"locations":[{"start":{"line":95,"column":4},"end":{"line":97,"column":20}}]},"14":{"type":"branch","line":112,"loc":{"start":{"line":112,"column":0},"end":{"line":174,"column":1}},"locations":[{"start":{"line":112,"column":0},"end":{"line":174,"column":1}}]},"15":{"type":"branch","line":162,"loc":{"start":{"line":162,"column":32},"end":{"line":170,"column":18}},"locations":[{"start":{"line":162,"column":32},"end":{"line":170,"column":18}}]},"16":{"type":"branch","line":155,"loc":{"start":{"line":155,"column":19},"end":{"line":155,"column":50}},"locations":[{"start":{"line":155,"column":19},"end":{"line":155,"column":50}}]},"17":{"type":"branch","line":201,"loc":{"start":{"line":201,"column":7},"end":{"line":276,"column":1}},"locations":[{"start":{"line":201,"column":7},"end":{"line":276,"column":1}}]},"18":{"type":"branch","line":207,"loc":{"start":{"line":207,"column":36},"end":{"line":208,"column":69}},"locations":[{"start":{"line":207,"column":36},"end":{"line":208,"column":69}}]},"19":{"type":"branch","line":208,"loc":{"start":{"line":208,"column":68},"end":{"line":209,"column":28}},"locations":[{"start":{"line":208,"column":68},"end":{"line":209,"column":28}}]},"20":{"type":"branch","line":235,"loc":{"start":{"line":235,"column":10},"end":{"line":235,"column":36}},"locations":[{"start":{"line":235,"column":10},"end":{"line":235,"column":36}}]},"21":{"type":"branch","line":235,"loc":{"start":{"line":235,"column":21},"end":{"line":255,"column":16}},"locations":[{"start":{"line":235,"column":21},"end":{"line":255,"column":16}}]},"22":{"type":"branch","line":237,"loc":{"start":{"line":237,"column":13},"end":{"line":244,"column":23}},"locations":[{"start":{"line":237,"column":13},"end":{"line":244,"column":23}}]},"23":{"type":"branch","line":246,"loc":{"start":{"line":246,"column":13},"end":{"line":253,"column":23}},"locations":[{"start":{"line":246,"column":13},"end":{"line":253,"column":23}}]},"24":{"type":"branch","line":259,"loc":{"start":{"line":259,"column":7},"end":{"line":272,"column":17}},"locations":[{"start":{"line":259,"column":7},"end":{"line":272,"column":17}}]},"25":{"type":"branch","line":320,"loc":{"start":{"line":320,"column":7},"end":{"line":412,"column":1}},"locations":[{"start":{"line":320,"column":7},"end":{"line":412,"column":1}}]},"26":{"type":"branch","line":388,"loc":{"start":{"line":388,"column":8},"end":{"line":388,"column":39}},"locations":[{"start":{"line":388,"column":8},"end":{"line":388,"column":39}}]},"27":{"type":"branch","line":388,"loc":{"start":{"line":388,"column":18},"end":{"line":408,"column":14}},"locations":[{"start":{"line":388,"column":18},"end":{"line":408,"column":14}}]},"28":{"type":"branch","line":390,"loc":{"start":{"line":390,"column":11},"end":{"line":397,"column":21}},"locations":[{"start":{"line":390,"column":11},"end":{"line":397,"column":21}}]},"29":{"type":"branch","line":399,"loc":{"start":{"line":399,"column":11},"end":{"line":406,"column":21}},"locations":[{"start":{"line":399,"column":11},"end":{"line":406,"column":21}}]}},"b":{"0":[21],"1":[18],"2":[9],"3":[8],"4":[1],"5":[20],"6":[38],"7":[18],"8":[18],"9":[2],"10":[16],"11":[2],"12":[14],"13":[20],"14":[14],"15":[0],"16":[1],"17":[8],"18":[6],"19":[2],"20":[7],"21":[2],"22":[1],"23":[1],"24":[1],"25":[12],"26":[10],"27":[3],"28":[2],"29":[2]},"fnMap":{"0":{"name":"ErrorBoundary","decl":{"start":{"line":50,"column":2},"end":{"line":53,"column":3}},"loc":{"start":{"line":50,"column":2},"end":{"line":53,"column":3}},"line":50},"1":{"name":"getDerivedStateFromError","decl":{"start":{"line":55,"column":9},"end":{"line":58,"column":3}},"loc":{"start":{"line":55,"column":9},"end":{"line":58,"column":3}},"line":55},"2":{"name":"componentDidCatch","decl":{"start":{"line":60,"column":2},"end":{"line":70,"column":3}},"loc":{"start":{"line":60,"column":2},"end":{"line":70,"column":3}},"line":60},"3":{"name":"<instance_members_initializer>","decl":{"start":{"line":72,"column":2},"end":{"line":74,"column":4}},"loc":{"start":{"line":72,"column":2},"end":{"line":74,"column":4}},"line":72},"4":{"name":"resetError","decl":{"start":{"line":72,"column":15},"end":{"line":74,"column":4}},"loc":{"start":{"line":72,"column":15},"end":{"line":74,"column":4}},"line":72},"5":{"name":"render","decl":{"start":{"line":76,"column":2},"end":{"line":98,"column":3}},"loc":{"start":{"line":76,"column":2},"end":{"line":98,"column":3}},"line":76},"6":{"name":"DefaultErrorFallback","decl":{"start":{"line":112,"column":0},"end":{"line":174,"column":1}},"loc":{"start":{"line":112,"column":0},"end":{"line":174,"column":1}},"line":112},"7":{"name":"onClick","decl":{"start":{"line":155,"column":19},"end":{"line":155,"column":50}},"loc":{"start":{"line":155,"column":19},"end":{"line":155,"column":50}},"line":155},"8":{"name":"InlineError","decl":{"start":{"line":201,"column":7},"end":{"line":276,"column":1}},"loc":{"start":{"line":201,"column":7},"end":{"line":276,"column":1}},"line":201},"9":{"name":"ErrorState","decl":{"start":{"line":320,"column":7},"end":{"line":412,"column":1}},"loc":{"start":{"line":320,"column":7},"end":{"line":412,"column":1}},"line":320}},"f":{"0":21,"1":18,"2":9,"3":20,"4":0,"5":38,"6":14,"7":1,"8":8,"9":12}}
,"C:\\Users\\weife\\telegram-theme-generator\\src\\components\\common\\ProcessingSteps.tsx": {"path":"C:\\Users\\weife\\telegram-theme-generator\\src\\components\\common\\ProcessingSteps.tsx","all":false,"statementMap":{"0":{"start":{"line":1,"column":0},"end":{"line":1,"column":32}},"1":{"start":{"line":2,"column":0},"end":{"line":2,"column":36}},"68":{"start":{"line":69,"column":0},"end":{"line":69,"column":50}},"69":{"start":{"line":70,"column":0},"end":{"line":70,"column":10}},"70":{"start":{"line":71,"column":0},"end":{"line":71,"column":8}},"71":{"start":{"line":72,"column":0},"end":{"line":72,"column":25}},"72":{"start":{"line":73,"column":0},"end":{"line":73,"column":17}},"73":{"start":{"line":74,"column":0},"end":{"line":74,"column":20}},"74":{"start":{"line":75,"column":0},"end":{"line":75,"column":25}},"76":{"start":{"line":77,"column":0},"end":{"line":77,"column":11}},"77":{"start":{"line":78,"column":0},"end":{"line":78,"column":29}},"78":{"start":{"line":79,"column":0},"end":{"line":79,"column":30}},"79":{"start":{"line":80,"column":0},"end":{"line":80,"column":25}},"80":{"start":{"line":81,"column":0},"end":{"line":81,"column":26}},"81":{"start":{"line":82,"column":0},"end":{"line":82,"column":8}},"82":{"start":{"line":83,"column":0},"end":{"line":83,"column":10}},"84":{"start":{"line":85,"column":0},"end":{"line":85,"column":1}},"89":{"start":{"line":90,"column":0},"end":{"line":90,"column":50}},"90":{"start":{"line":91,"column":0},"end":{"line":91,"column":10}},"91":{"start":{"line":92,"column":0},"end":{"line":92,"column":8}},"92":{"start":{"line":93,"column":0},"end":{"line":93,"column":25}},"93":{"start":{"line":94,"column":0},"end":{"line":94,"column":17}},"94":{"start":{"line":95,"column":0},"end":{"line":95,"column":20}},"95":{"start":{"line":96,"column":0},"end":{"line":96,"column":25}},"97":{"start":{"line":98,"column":0},"end":{"line":98,"column":11}},"98":{"start":{"line":99,"column":0},"end":{"line":99,"column":29}},"99":{"start":{"line":100,"column":0},"end":{"line":100,"column":30}},"100":{"start":{"line":101,"column":0},"end":{"line":101,"column":25}},"101":{"start":{"line":102,"column":0},"end":{"line":102,"column":32}},"102":{"start":{"line":103,"column":0},"end":{"line":103,"column":8}},"103":{"start":{"line":104,"column":0},"end":{"line":104,"column":10}},"105":{"start":{"line":106,"column":0},"end":{"line":106,"column":1}},"110":{"start":{"line":111,"column":0},"end":{"line":111,"column":24}},"111":{"start":{"line":112,"column":0},"end":{"line":112,"column":7}},"112":{"start":{"line":113,"column":0},"end":{"line":113,"column":8}},"113":{"start":{"line":114,"column":0},"end":{"line":114,"column":17}},"114":{"start":{"line":115,"column":0},"end":{"line":115,"column":14}},"115":{"start":{"line":116,"column":0},"end":{"line":116,"column":13}},"116":{"start":{"line":117,"column":0},"end":{"line":117,"column":15}},"117":{"start":{"line":118,"column":0},"end":{"line":118,"column":4}},"124":{"start":{"line":125,"column":0},"end":{"line":125,"column":4}},"125":{"start":{"line":126,"column":0},"end":{"line":126,"column":36}},"128":{"start":{"line":129,"column":0},"end":{"line":129,"column":70}},"129":{"start":{"line":130,"column":0},"end":{"line":130,"column":21}},"130":{"start":{"line":131,"column":0},"end":{"line":131,"column":23}},"131":{"start":{"line":132,"column":0},"end":{"line":132,"column":16}},"132":{"start":{"line":133,"column":0},"end":{"line":133,"column":34}},"133":{"start":{"line":134,"column":0},"end":{"line":134,"column":38}},"134":{"start":{"line":135,"column":0},"end":{"line":135,"column":31}},"135":{"start":{"line":136,"column":0},"end":{"line":136,"column":49}},"136":{"start":{"line":137,"column":0},"end":{"line":137,"column":10}},"137":{"start":{"line":138,"column":0},"end":{"line":138,"column":20}},"138":{"start":{"line":139,"column":0},"end":{"line":139,"column":16}},"139":{"start":{"line":140,"column":0},"end":{"line":140,"column":29}},"140":{"start":{"line":141,"column":0},"end":{"line":141,"column":35}},"141":{"start":{"line":142,"column":0},"end":{"line":142,"column":33}},"142":{"start":{"line":143,"column":0},"end":{"line":143,"column":64}},"143":{"start":{"line":144,"column":0},"end":{"line":144,"column":10}},"144":{"start":{"line":145,"column":0},"end":{"line":145,"column":19}},"145":{"start":{"line":146,"column":0},"end":{"line":146,"column":16}},"146":{"start":{"line":147,"column":0},"end":{"line":147,"column":30}},"147":{"start":{"line":148,"column":0},"end":{"line":148,"column":34}},"148":{"start":{"line":149,"column":0},"end":{"line":149,"column":31}},"149":{"start":{"line":150,"column":0},"end":{"line":150,"column":49}},"150":{"start":{"line":151,"column":0},"end":{"line":151,"column":10}},"151":{"start":{"line":152,"column":0},"end":{"line":152,"column":14}},"152":{"start":{"line":153,"column":0},"end":{"line":153,"column":16}},"153":{"start":{"line":154,"column":0},"end":{"line":154,"column":29}},"154":{"start":{"line":155,"column":0},"end":{"line":155,"column":33}},"155":{"start":{"line":156,"column":0},"end":{"line":156,"column":31}},"156":{"start":{"line":157,"column":0},"end":{"line":157,"column":76}},"157":{"start":{"line":158,"column":0},"end":{"line":158,"column":10}},"158":{"start":{"line":159,"column":0},"end":{"line":159,"column":5}},"159":{"start":{"line":160,"column":0},"end":{"line":160,"column":63}},"161":{"start":{"line":162,"column":0},"end":{"line":162,"column":10}},"162":{"start":{"line":163,"column":0},"end":{"line":163,"column":48}},"163":{"start":{"line":164,"column":0},"end":{"line":164,"column":10}},"164":{"start":{"line":165,"column":0},"end":{"line":165,"column":49}},"165":{"start":{"line":166,"column":0},"end":{"line":166,"column":20}},"170":{"start":{"line":171,"column":0},"end":{"line":171,"column":16}},"171":{"start":{"line":172,"column":0},"end":{"line":172,"column":35}},"172":{"start":{"line":173,"column":0},"end":{"line":173,"column":35}},"173":{"start":{"line":174,"column":0},"end":{"line":174,"column":27}},"174":{"start":{"line":175,"column":0},"end":{"line":175,"column":10}},"176":{"start":{"line":177,"column":0},"end":{"line":177,"column":17}},"177":{"start":{"line":178,"column":0},"end":{"line":178,"column":12}},"180":{"start":{"line":181,"column":0},"end":{"line":181,"column":73}},"181":{"start":{"line":182,"column":0},"end":{"line":182,"column":81}},"182":{"start":{"line":183,"column":0},"end":{"line":183,"column":33}},"183":{"start":{"line":184,"column":0},"end":{"line":184,"column":14}},"185":{"start":{"line":186,"column":0},"end":{"line":186,"column":10}},"187":{"start":{"line":188,"column":0},"end":{"line":188,"column":1}},"195":{"start":{"line":196,"column":0},"end":{"line":196,"column":33}},"196":{"start":{"line":197,"column":0},"end":{"line":197,"column":8}},"197":{"start":{"line":198,"column":0},"end":{"line":198,"column":27}},"198":{"start":{"line":199,"column":0},"end":{"line":199,"column":22}},"199":{"start":{"line":200,"column":0},"end":{"line":200,"column":29}},"200":{"start":{"line":201,"column":0},"end":{"line":201,"column":26}},"201":{"start":{"line":202,"column":0},"end":{"line":202,"column":25}},"202":{"start":{"line":203,"column":0},"end":{"line":203,"column":17}},"203":{"start":{"line":204,"column":0},"end":{"line":204,"column":26}},"204":{"start":{"line":205,"column":0},"end":{"line":205,"column":48}},"206":{"start":{"line":207,"column":0},"end":{"line":207,"column":10}},"207":{"start":{"line":208,"column":0},"end":{"line":208,"column":8}},"208":{"start":{"line":209,"column":0},"end":{"line":209,"column":36}},"209":{"start":{"line":210,"column":0},"end":{"line":210,"column":18}},"210":{"start":{"line":211,"column":0},"end":{"line":211,"column":76}},"211":{"start":{"line":212,"column":0},"end":{"line":212,"column":20}},"214":{"start":{"line":215,"column":0},"end":{"line":215,"column":35}},"215":{"start":{"line":216,"column":0},"end":{"line":216,"column":12}},"216":{"start":{"line":217,"column":0},"end":{"line":217,"column":23}},"217":{"start":{"line":218,"column":0},"end":{"line":218,"column":22}},"218":{"start":{"line":219,"column":0},"end":{"line":219,"column":84}},"219":{"start":{"line":220,"column":0},"end":{"line":220,"column":73}},"223":{"start":{"line":224,"column":0},"end":{"line":224,"column":36}},"224":{"start":{"line":225,"column":0},"end":{"line":225,"column":26}},"225":{"start":{"line":226,"column":0},"end":{"line":226,"column":25}},"226":{"start":{"line":227,"column":0},"end":{"line":227,"column":27}},"227":{"start":{"line":228,"column":0},"end":{"line":228,"column":45}},"228":{"start":{"line":229,"column":0},"end":{"line":229,"column":39}},"229":{"start":{"line":230,"column":0},"end":{"line":230,"column":37}},"230":{"start":{"line":231,"column":0},"end":{"line":231,"column":41}},"231":{"start":{"line":232,"column":0},"end":{"line":232,"column":14}},"234":{"start":{"line":235,"column":0},"end":{"line":235,"column":42}},"235":{"start":{"line":236,"column":0},"end":{"line":236,"column":16}},"236":{"start":{"line":237,"column":0},"end":{"line":237,"column":31}},"237":{"start":{"line":238,"column":0},"end":{"line":238,"column":22}},"238":{"start":{"line":239,"column":0},"end":{"line":239,"column":56}},"239":{"start":{"line":240,"column":0},"end":{"line":240,"column":82}},"240":{"start":{"line":241,"column":0},"end":{"line":241,"column":28}},"241":{"start":{"line":242,"column":0},"end":{"line":242,"column":38}},"242":{"start":{"line":243,"column":0},"end":{"line":243,"column":81}},"243":{"start":{"line":244,"column":0},"end":{"line":244,"column":22}},"244":{"start":{"line":245,"column":0},"end":{"line":245,"column":20}},"246":{"start":{"line":247,"column":0},"end":{"line":247,"column":22}},"247":{"start":{"line":248,"column":0},"end":{"line":248,"column":56}},"248":{"start":{"line":249,"column":0},"end":{"line":249,"column":78}},"249":{"start":{"line":250,"column":0},"end":{"line":250,"column":28}},"250":{"start":{"line":251,"column":0},"end":{"line":251,"column":49}},"251":{"start":{"line":252,"column":0},"end":{"line":252,"column":38}},"252":{"start":{"line":253,"column":0},"end":{"line":253,"column":81}},"253":{"start":{"line":254,"column":0},"end":{"line":254,"column":22}},"254":{"start":{"line":255,"column":0},"end":{"line":255,"column":20}},"256":{"start":{"line":257,"column":0},"end":{"line":257,"column":17}},"258":{"start":{"line":259,"column":0},"end":{"line":259,"column":16}},"261":{"start":{"line":262,"column":0},"end":{"line":262,"column":14}},"262":{"start":{"line":263,"column":0},"end":{"line":263,"column":24}},"263":{"start":{"line":264,"column":0},"end":{"line":264,"column":73}},"266":{"start":{"line":267,"column":0},"end":{"line":267,"column":15}},"267":{"start":{"line":268,"column":0},"end":{"line":268,"column":51}},"268":{"start":{"line":269,"column":0},"end":{"line":269,"column":26}},"270":{"start":{"line":271,"column":0},"end":{"line":271,"column":66}},"271":{"start":{"line":272,"column":0},"end":{"line":272,"column":69}},"272":{"start":{"line":273,"column":0},"end":{"line":273,"column":67}},"273":{"start":{"line":274,"column":0},"end":{"line":274,"column":64}},"276":{"start":{"line":277,"column":0},"end":{"line":277,"column":26}},"277":{"start":{"line":278,"column":0},"end":{"line":278,"column":17}},"279":{"start":{"line":280,"column":0},"end":{"line":280,"column":34}},"280":{"start":{"line":281,"column":0},"end":{"line":281,"column":16}},"281":{"start":{"line":282,"column":0},"end":{"line":282,"column":59}},"282":{"start":{"line":283,"column":0},"end":{"line":283,"column":28}},"284":{"start":{"line":285,"column":0},"end":{"line":285,"column":81}},"287":{"start":{"line":288,"column":0},"end":{"line":288,"column":34}},"288":{"start":{"line":289,"column":0},"end":{"line":289,"column":18}},"291":{"start":{"line":292,"column":0},"end":{"line":292,"column":28}},"292":{"start":{"line":293,"column":0},"end":{"line":293,"column":16}},"293":{"start":{"line":294,"column":0},"end":{"line":294,"column":53}},"294":{"start":{"line":295,"column":0},"end":{"line":295,"column":53}},"296":{"start":{"line":297,"column":0},"end":{"line":297,"column":28}},"297":{"start":{"line":298,"column":0},"end":{"line":298,"column":18}},"299":{"start":{"line":300,"column":0},"end":{"line":300,"column":16}},"300":{"start":{"line":301,"column":0},"end":{"line":301,"column":14}},"301":{"start":{"line":302,"column":0},"end":{"line":302,"column":9}},"302":{"start":{"line":303,"column":0},"end":{"line":303,"column":10}},"304":{"start":{"line":305,"column":0},"end":{"line":305,"column":1}},"306":{"start":{"line":307,"column":0},"end":{"line":307,"column":31}}},"s":{"0":1,"1":1,"68":7,"69":7,"70":7,"71":7,"72":7,"73":7,"74":7,"76":7,"77":7,"78":7,"79":7,"80":7,"81":7,"82":7,"84":7,"89":3,"90":3,"91":3,"92":3,"93":3,"94":3,"95":3,"97":3,"98":3,"99":3,"100":3,"101":3,"102":3,"103":3,"105":3,"110":33,"111":33,"112":33,"113":33,"114":33,"115":33,"116":33,"117":33,"124":33,"125":33,"128":33,"129":33,"130":33,"131":7,"132":7,"133":7,"134":7,"135":7,"136":7,"137":33,"138":10,"139":10,"140":10,"141":10,"142":10,"143":10,"144":33,"145":3,"146":3,"147":3,"148":3,"149":3,"150":3,"151":33,"152":13,"153":13,"154":13,"155":13,"156":13,"157":13,"158":33,"159":33,"161":33,"162":33,"163":33,"164":33,"165":33,"170":33,"171":33,"172":33,"173":33,"174":33,"176":33,"177":33,"180":33,"181":1,"182":1,"183":1,"185":33,"187":33,"195":1,"196":23,"197":23,"198":23,"199":23,"200":23,"201":23,"202":23,"203":23,"204":23,"206":23,"207":23,"208":23,"209":23,"210":23,"211":23,"214":23,"215":33,"216":33,"217":33,"218":33,"219":33,"223":33,"224":33,"225":33,"226":33,"227":33,"228":33,"229":33,"230":33,"231":33,"234":33,"235":10,"236":10,"237":9,"238":9,"239":9,"240":9,"241":9,"242":9,"243":9,"244":9,"246":1,"247":1,"248":1,"249":1,"250":1,"251":1,"252":1,"253":1,"254":1,"256":10,"258":33,"261":33,"262":33,"263":33,"266":33,"267":33,"268":33,"270":33,"271":33,"272":33,"273":33,"276":33,"277":33,"279":33,"280":30,"281":30,"282":30,"284":30,"287":30,"288":30,"291":33,"292":1,"293":1,"294":1,"296":1,"297":1,"299":33,"300":33,"301":23,"302":23,"304":23,"306":1},"branchMap":{"0":{"type":"branch","line":69,"loc":{"start":{"line":69,"column":0},"end":{"line":85,"column":1}},"locations":[{"start":{"line":69,"column":0},"end":{"line":85,"column":1}}]},"1":{"type":"branch","line":90,"loc":{"start":{"line":90,"column":0},"end":{"line":106,"column":1}},"locations":[{"start":{"line":90,"column":0},"end":{"line":106,"column":1}}]},"2":{"type":"branch","line":111,"loc":{"start":{"line":111,"column":0},"end":{"line":188,"column":1}},"locations":[{"start":{"line":111,"column":0},"end":{"line":188,"column":1}}]},"3":{"type":"branch","line":181,"loc":{"start":{"line":181,"column":18},"end":{"line":181,"column":46}},"locations":[{"start":{"line":181,"column":18},"end":{"line":181,"column":46}}]},"4":{"type":"branch","line":181,"loc":{"start":{"line":181,"column":30},"end":{"line":181,"column":73}},"locations":[{"start":{"line":181,"column":30},"end":{"line":181,"column":73}}]},"5":{"type":"branch","line":181,"loc":{"start":{"line":181,"column":59},"end":{"line":184,"column":14}},"locations":[{"start":{"line":181,"column":59},"end":{"line":184,"column":14}}]},"6":{"type":"branch","line":129,"loc":{"start":{"line":129,"column":63},"end":{"line":160,"column":5}},"locations":[{"start":{"line":129,"column":63},"end":{"line":160,"column":5}}]},"7":{"type":"branch","line":131,"loc":{"start":{"line":131,"column":6},"end":{"line":137,"column":10}},"locations":[{"start":{"line":131,"column":6},"end":{"line":137,"column":10}}]},"8":{"type":"branch","line":138,"loc":{"start":{"line":138,"column":6},"end":{"line":144,"column":10}},"locations":[{"start":{"line":138,"column":6},"end":{"line":144,"column":10}}]},"9":{"type":"branch","line":145,"loc":{"start":{"line":145,"column":6},"end":{"line":151,"column":10}},"locations":[{"start":{"line":145,"column":6},"end":{"line":151,"column":10}}]},"10":{"type":"branch","line":152,"loc":{"start":{"line":152,"column":6},"end":{"line":158,"column":10}},"locations":[{"start":{"line":152,"column":6},"end":{"line":158,"column":10}}]},"11":{"type":"branch","line":196,"loc":{"start":{"line":196,"column":7},"end":{"line":305,"column":1}},"locations":[{"start":{"line":196,"column":7},"end":{"line":305,"column":1}}]},"12":{"type":"branch","line":211,"loc":{"start":{"line":211,"column":10},"end":{"line":211,"column":41}},"locations":[{"start":{"line":211,"column":10},"end":{"line":211,"column":41}}]},"13":{"type":"branch","line":211,"loc":{"start":{"line":211,"column":23},"end":{"line":211,"column":75}},"locations":[{"start":{"line":211,"column":23},"end":{"line":211,"column":75}}]},"14":{"type":"branch","line":215,"loc":{"start":{"line":215,"column":17},"end":{"line":301,"column":14}},"locations":[{"start":{"line":215,"column":17},"end":{"line":301,"column":14}}]},"15":{"type":"branch","line":219,"loc":{"start":{"line":219,"column":14},"end":{"line":219,"column":48}},"locations":[{"start":{"line":219,"column":14},"end":{"line":219,"column":48}}]},"16":{"type":"branch","line":219,"loc":{"start":{"line":219,"column":27},"end":{"line":219,"column":83}},"locations":[{"start":{"line":219,"column":27},"end":{"line":219,"column":83}}]},"17":{"type":"branch","line":220,"loc":{"start":{"line":220,"column":37},"end":{"line":220,"column":70}},"locations":[{"start":{"line":220,"column":37},"end":{"line":220,"column":70}}]},"18":{"type":"branch","line":220,"loc":{"start":{"line":220,"column":42},"end":{"line":220,"column":64}},"locations":[{"start":{"line":220,"column":42},"end":{"line":220,"column":64}}]},"19":{"type":"branch","line":220,"loc":{"start":{"line":220,"column":55},"end":{"line":220,"column":70}},"locations":[{"start":{"line":220,"column":55},"end":{"line":220,"column":70}}]},"20":{"type":"branch","line":220,"loc":{"start":{"line":220,"column":64},"end":{"line":220,"column":72}},"locations":[{"start":{"line":220,"column":64},"end":{"line":220,"column":72}}]},"21":{"type":"branch","line":235,"loc":{"start":{"line":235,"column":36},"end":{"line":257,"column":17}},"locations":[{"start":{"line":235,"column":36},"end":{"line":257,"column":17}}]},"22":{"type":"branch","line":237,"loc":{"start":{"line":237,"column":17},"end":{"line":245,"column":20}},"locations":[{"start":{"line":237,"column":17},"end":{"line":245,"column":20}}]},"23":{"type":"branch","line":243,"loc":{"start":{"line":243,"column":40},"end":{"line":243,"column":71}},"locations":[{"start":{"line":243,"column":40},"end":{"line":243,"column":71}}]},"24":{"type":"branch","line":243,"loc":{"start":{"line":243,"column":54},"end":{"line":243,"column":81}},"locations":[{"start":{"line":243,"column":54},"end":{"line":243,"column":81}}]},"25":{"type":"branch","line":245,"loc":{"start":{"line":245,"column":18},"end":{"line":255,"column":20}},"locations":[{"start":{"line":245,"column":18},"end":{"line":255,"column":20}}]},"26":{"type":"branch","line":253,"loc":{"start":{"line":253,"column":40},"end":{"line":253,"column":71}},"locations":[{"start":{"line":253,"column":40},"end":{"line":253,"column":71}}]},"27":{"type":"branch","line":264,"loc":{"start":{"line":264,"column":16},"end":{"line":264,"column":45}},"locations":[{"start":{"line":264,"column":16},"end":{"line":264,"column":45}}]},"28":{"type":"branch","line":264,"loc":{"start":{"line":264,"column":29},"end":{"line":264,"column":72}},"locations":[{"start":{"line":264,"column":29},"end":{"line":264,"column":72}}]},"29":{"type":"branch","line":271,"loc":{"start":{"line":271,"column":34},"end":{"line":271,"column":63}},"locations":[{"start":{"line":271,"column":34},"end":{"line":271,"column":63}}]},"30":{"type":"branch","line":271,"loc":{"start":{"line":271,"column":45},"end":{"line":271,"column":65}},"locations":[{"start":{"line":271,"column":45},"end":{"line":271,"column":65}}]},"31":{"type":"branch","line":272,"loc":{"start":{"line":272,"column":34},"end":{"line":272,"column":66}},"locations":[{"start":{"line":272,"column":34},"end":{"line":272,"column":66}}]},"32":{"type":"branch","line":272,"loc":{"start":{"line":272,"column":48},"end":{"line":272,"column":68}},"locations":[{"start":{"line":272,"column":48},"end":{"line":272,"column":68}}]},"33":{"type":"branch","line":273,"loc":{"start":{"line":273,"column":34},"end":{"line":273,"column":64}},"locations":[{"start":{"line":273,"column":34},"end":{"line":273,"column":64}}]},"34":{"type":"branch","line":273,"loc":{"start":{"line":273,"column":46},"end":{"line":273,"column":66}},"locations":[{"start":{"line":273,"column":46},"end":{"line":273,"column":66}}]},"35":{"type":"branch","line":274,"loc":{"start":{"line":274,"column":34},"end":{"line":274,"column":61}},"locations":[{"start":{"line":274,"column":34},"end":{"line":274,"column":61}}]},"36":{"type":"branch","line":274,"loc":{"start":{"line":274,"column":44},"end":{"line":274,"column":63}},"locations":[{"start":{"line":274,"column":44},"end":{"line":274,"column":63}}]},"37":{"type":"branch","line":280,"loc":{"start":{"line":280,"column":18},"end":{"line":289,"column":18}},"locations":[{"start":{"line":280,"column":18},"end":{"line":289,"column":18}}]},"38":{"type":"branch","line":285,"loc":{"start":{"line":285,"column":36},"end":{"line":285,"column":65}},"locations":[{"start":{"line":285,"column":36},"end":{"line":285,"column":65}}]},"39":{"type":"branch","line":285,"loc":{"start":{"line":285,"column":47},"end":{"line":285,"column":80}},"locations":[{"start":{"line":285,"column":47},"end":{"line":285,"column":80}}]},"40":{"type":"branch","line":292,"loc":{"start":{"line":292,"column":18},"end":{"line":298,"column":18}},"locations":[{"start":{"line":292,"column":18},"end":{"line":298,"column":18}}]}},"b":{"0":[7],"1":[3],"2":[33],"3":[10],"4":[9],"5":[1],"6":[33],"7":[7],"8":[10],"9":[3],"10":[13],"11":[23],"12":[22],"13":[1],"14":[33],"15":[31],"16":[2],"17":[10],"18":[9],"19":[1],"20":[23],"21":[10],"22":[9],"23":[3],"24":[6],"25":[1],"26":[0],"27":[31],"28":[2],"29":[10],"30":[23],"31":[7],"32":[26],"33":[13],"34":[20],"35":[3],"36":[30],"37":[30],"38":[8],"39":[22],"40":[1]},"fnMap":{"0":{"name":"CheckIcon","decl":{"start":{"line":69,"column":0},"end":{"line":85,"column":1}},"loc":{"start":{"line":69,"column":0},"end":{"line":85,"column":1}},"line":69},"1":{"name":"ErrorIcon","decl":{"start":{"line":90,"column":0},"end":{"line":106,"column":1}},"loc":{"start":{"line":90,"column":0},"end":{"line":106,"column":1}},"line":90},"2":{"name":"StepIndicator","decl":{"start":{"line":111,"column":0},"end":{"line":188,"column":1}},"loc":{"start":{"line":111,"column":0},"end":{"line":188,"column":1}},"line":111},"3":{"name":"ProcessingSteps","decl":{"start":{"line":196,"column":7},"end":{"line":305,"column":1}},"loc":{"start":{"line":196,"column":7},"end":{"line":305,"column":1}},"line":196}},"f":{"0":7,"1":3,"2":33,"3":23}}
,"C:\\Users\\weife\\telegram-theme-generator\\src\\components\\common\\ProgressBar.tsx": {"path":"C:\\Users\\weife\\telegram-theme-generator\\src\\components\\common\\ProgressBar.tsx","all":false,"statementMap":{"0":{"start":{"line":1,"column":0},"end":{"line":1,"column":32}},"69":{"start":{"line":70,"column":0},"end":{"line":70,"column":21}},"70":{"start":{"line":71,"column":0},"end":{"line":71,"column":15}},"71":{"start":{"line":72,"column":0},"end":{"line":72,"column":16}},"72":{"start":{"line":73,"column":0},"end":{"line":73,"column":15}},"73":{"start":{"line":74,"column":0},"end":{"line":74,"column":2}},"75":{"start":{"line":76,"column":0},"end":{"line":76,"column":47}},"76":{"start":{"line":77,"column":0},"end":{"line":77,"column":21}},"77":{"start":{"line":78,"column":0},"end":{"line":78,"column":21}},"78":{"start":{"line":79,"column":0},"end":{"line":79,"column":21}},"79":{"start":{"line":80,"column":0},"end":{"line":80,"column":19}},"80":{"start":{"line":81,"column":0},"end":{"line":81,"column":2}},"87":{"start":{"line":88,"column":0},"end":{"line":88,"column":29}},"88":{"start":{"line":89,"column":0},"end":{"line":89,"column":8}},"89":{"start":{"line":90,"column":0},"end":{"line":90,"column":12}},"90":{"start":{"line":91,"column":0},"end":{"line":91,"column":18}},"91":{"start":{"line":92,"column":0},"end":{"line":92,"column":22}},"92":{"start":{"line":93,"column":0},"end":{"line":93,"column":20}},"93":{"start":{"line":94,"column":0},"end":{"line":94,"column":14}},"94":{"start":{"line":95,"column":0},"end":{"line":95,"column":18}},"95":{"start":{"line":96,"column":0},"end":{"line":96,"column":24}},"96":{"start":{"line":97,"column":0},"end":{"line":97,"column":18}},"97":{"start":{"line":98,"column":0},"end":{"line":98,"column":17}},"98":{"start":{"line":99,"column":0},"end":{"line":99,"column":8}},"99":{"start":{"line":100,"column":0},"end":{"line":100,"column":22}},"101":{"start":{"line":102,"column":0},"end":{"line":102,"column":36}},"102":{"start":{"line":103,"column":0},"end":{"line":103,"column":34}},"103":{"start":{"line":104,"column":0},"end":{"line":104,"column":59}},"104":{"start":{"line":105,"column":0},"end":{"line":105,"column":34}},"107":{"start":{"line":108,"column":0},"end":{"line":108,"column":50}},"110":{"start":{"line":111,"column":0},"end":{"line":111,"column":35}},"111":{"start":{"line":112,"column":0},"end":{"line":112,"column":22}},"112":{"start":{"line":113,"column":0},"end":{"line":113,"column":37}},"113":{"start":{"line":114,"column":0},"end":{"line":114,"column":5}},"114":{"start":{"line":115,"column":0},"end":{"line":115,"column":40}},"115":{"start":{"line":116,"column":0},"end":{"line":116,"column":44}},"117":{"start":{"line":118,"column":0},"end":{"line":118,"column":10}},"118":{"start":{"line":119,"column":0},"end":{"line":119,"column":43}},"120":{"start":{"line":121,"column":0},"end":{"line":121,"column":21}},"121":{"start":{"line":122,"column":0},"end":{"line":122,"column":64}},"122":{"start":{"line":123,"column":0},"end":{"line":123,"column":21}},"123":{"start":{"line":124,"column":0},"end":{"line":124,"column":78}},"125":{"start":{"line":126,"column":0},"end":{"line":126,"column":68}},"126":{"start":{"line":127,"column":0},"end":{"line":127,"column":14}},"130":{"start":{"line":131,"column":0},"end":{"line":131,"column":10}},"131":{"start":{"line":132,"column":0},"end":{"line":132,"column":34}},"132":{"start":{"line":133,"column":0},"end":{"line":133,"column":26}},"133":{"start":{"line":134,"column":0},"end":{"line":134,"column":57}},"134":{"start":{"line":135,"column":0},"end":{"line":135,"column":25}},"135":{"start":{"line":136,"column":0},"end":{"line":136,"column":27}},"136":{"start":{"line":137,"column":0},"end":{"line":137,"column":40}},"137":{"start":{"line":138,"column":0},"end":{"line":138,"column":20}},"139":{"start":{"line":140,"column":0},"end":{"line":140,"column":30}},"143":{"start":{"line":144,"column":0},"end":{"line":144,"column":12}},"144":{"start":{"line":145,"column":0},"end":{"line":145,"column":37}},"145":{"start":{"line":146,"column":0},"end":{"line":146,"column":22}},"147":{"start":{"line":148,"column":0},"end":{"line":148,"column":87}},"148":{"start":{"line":149,"column":0},"end":{"line":149,"column":68}},"149":{"start":{"line":150,"column":0},"end":{"line":150,"column":42}},"151":{"start":{"line":152,"column":0},"end":{"line":152,"column":18}},"152":{"start":{"line":153,"column":0},"end":{"line":153,"column":60}},"153":{"start":{"line":154,"column":0},"end":{"line":154,"column":35}},"154":{"start":{"line":155,"column":0},"end":{"line":155,"column":36}},"155":{"start":{"line":156,"column":0},"end":{"line":156,"column":33}},"165":{"start":{"line":166,"column":0},"end":{"line":166,"column":26}},"166":{"start":{"line":167,"column":0},"end":{"line":167,"column":62}},"167":{"start":{"line":168,"column":0},"end":{"line":168,"column":42}},"168":{"start":{"line":169,"column":0},"end":{"line":169,"column":53}},"169":{"start":{"line":170,"column":0},"end":{"line":170,"column":29}},"170":{"start":{"line":171,"column":0},"end":{"line":171,"column":68}},"171":{"start":{"line":172,"column":0},"end":{"line":172,"column":28}},"172":{"start":{"line":173,"column":0},"end":{"line":173,"column":12}},"173":{"start":{"line":174,"column":0},"end"
[...]
":244,"column":7},"end":{"line":269,"column":1}}]},"34":{"type":"branch","line":259,"loc":{"start":{"line":259,"column":41},"end":{"line":259,"column":64}},"locations":[{"start":{"line":259,"column":41},"end":{"line":259,"column":64}}]},"35":{"type":"branch","line":264,"loc":{"start":{"line":264,"column":11},"end":{"line":264,"column":34}},"locations":[{"start":{"line":264,"column":11},"end":{"line":264,"column":34}}]},"36":{"type":"branch","line":274,"loc":{"start":{"line":274,"column":0},"end":{"line":285,"column":1}},"locations":[{"start":{"line":274,"column":0},"end":{"line":285,"column":1}}]},"37":{"type":"branch","line":280,"loc":{"start":{"line":280,"column":2},"end":{"line":284,"column":3}},"locations":[{"start":{"line":280,"column":2},"end":{"line":284,"column":3}}]},"38":{"type":"branch","line":282,"loc":{"start":{"line":282,"column":4},"end":{"line":282,"column":29}},"locations":[{"start":{"line":282,"column":4},"end":{"line":282,"column":29}}]},"39":{"type":"branch","line":290,"loc":{"start":{"line":290,"column":7},"end":{"line":301,"column":1}},"locations":[{"start":{"line":290,"column":7},"end":{"line":301,"column":1}}]},"40":{"type":"branch","line":296,"loc":{"start":{"line":296,"column":2},"end":{"line":300,"column":3}},"locations":[{"start":{"line":296,"column":2},"end":{"line":300,"column":3}}]},"41":{"type":"branch","line":298,"loc":{"start":{"line":298,"column":4},"end":{"line":298,"column":29}},"locations":[{"start":{"line":298,"column":4},"end":{"line":298,"column":29}}]},"42":{"type":"branch","line":306,"loc":{"start":{"line":306,"column":7},"end":{"line":323,"column":1}},"locations":[{"start":{"line":306,"column":7},"end":{"line":323,"column":1}}]},"43":{"type":"branch","line":307,"loc":{"start":{"line":307,"column":33},"end":{"line":309,"column":3}},"locations":[{"start":{"line":307,"column":33},"end":{"line":309,"column":3}}]},"44":{"type":"branch","line":309,"loc":{"start":{"line":309,"column":2},"end":{"line":317,"column":3}},"locations":[{"start":{"line":309,"column":2},"end":{"line":317,"column":3}}]},"45":{"type":"branch","line":309,"loc":{"start":{"line":309,"column":2},"end":{"line":311,"column":30}},"locations":[{"start":{"line":309,"column":2},"end":{"line":311,"column":30}}]},"46":{"type":"branch","line":311,"loc":{"start":{"line":311,"column":30},"end":{"line":317,"column":3}},"locations":[{"start":{"line":311,"column":30},"end":{"line":317,"column":3}}]},"47":{"type":"branch","line":317,"loc":{"start":{"line":317,"column":2},"end":{"line":323,"column":1}},"locations":[{"start":{"line":317,"column":2},"end":{"line":323,"column":1}}]},"48":{"type":"branch","line":328,"loc":{"start":{"line":328,"column":7},"end":{"line":330,"column":1}},"locations":[{"start":{"line":328,"column":7},"end":{"line":330,"column":1}}]},"49":{"type":"branch","line":329,"loc":{"start":{"line":329,"column":26},"end":{"line":329,"column":58}},"locations":[{"start":{"line":329,"column":26},"end":{"line":329,"column":58}}]},"50":{"type":"branch","line":335,"loc":{"start":{"line":335,"column":7},"end":{"line":354,"column":1}},"locations":[{"start":{"line":335,"column":7},"end":{"line":354,"column":1}}]},"51":{"type":"branch","line":344,"loc":{"start":{"line":344,"column":34},"end":{"line":344,"column":64}},"locations":[{"start":{"line":344,"column":34},"end":{"line":344,"column":64}}]},"52":{"type":"branch","line":344,"loc":{"start":{"line":344,"column":54},"end":{"line":344,"column":74}},"locations":[{"start":{"line":344,"column":54},"end":{"line":344,"column":74}}]},"53":{"type":"branch","line":347,"loc":{"start":{"line":347,"column":34},"end":{"line":349,"column":13}},"locations":[{"start":{"line":347,"column":34},"end":{"line":349,"column":13}}]},"54":{"type":"branch","line":349,"loc":{"start":{"line":349,"column":2},"end":{"line":353,"column":3}},"locations":[{"start":{"line":349,"column":2},"end":{"line":353,"column":3}}]},"55":{"type":"branch","line":349,"loc":{"start":{"line":349,"column":43},"end":{"line":353,"column":3}},"locations":[{"start":{"line":349,"column":43},"end":{"line":353,"column":3}}]},"56":{"type":"branch","line":359,"loc":{"start":{"line":359,"column":0},"end":{"line":365,"column":1}},"locations":[{"start":{"line":359,"column":0},"end":{"line":365,"column":1}}]},"57":{"type":"branch","line":360,"loc":{"start":{"line":360,"column":19},"end":{"line":360,"column":36}},"locations":[{"start":{"line":360,"column":19},"end":{"line":360,"column":36}}]},"58":{"type":"branch","line":370,"loc":{"start":{"line":370,"column":0},"end":{"line":404,"column":1}},"locations":[{"start":{"line":370,"column":0},"end":{"line":404,"column":1}}]},"59":{"type":"branch","line":388,"loc":{"start":{"line":388,"column":59},"end":{"line":401,"column":3}},"locations":[{"start":{"line":388,"column":59},"end":{"line":401,"column":3}}]},"60":{"type":"branch","line":391,"loc":{"start":{"line":391,"column":4},"end":{"line":400,"column":5}},"locations":[{"start":{"line":391,"column":4},"end":{"line":400,"column":5}}]},"61":{"type":"branch","line":394,"loc":{"start":{"line":394,"column":22},"end":{"line":394,"column":67}},"locations":[{"start":{"line":394,"column":22},"end":{"line":394,"column":67}}]},"62":{"type":"branch","line":394,"loc":{"start":{"line":394,"column":67},"end":{"line":396,"column":7}},"locations":[{"start":{"line":394,"column":67},"end":{"line":396,"column":7}}]},"63":{"type":"branch","line":396,"loc":{"start":{"line":396,"column":6},"end":{"line":400,"column":5}},"locations":[{"start":{"line":396,"column":6},"end":{"line":400,"column":5}}]},"64":{"type":"branch","line":401,"loc":{"start":{"line":401,"column":2},"end":{"line":404,"column":1}},"locations":[{"start":{"line":401,"column":2},"end":{"line":404,"column":1}}]},"65":{"type":"branch","line":383,"loc":{"start":{"line":383,"column":18},"end":{"line":383,"column":29}},"locations":[{"start":{"line":383,"column":18},"end":{"line":383,"column":29}}]},"66":{"type":"branch","line":399,"loc":{"start":{"line":399,"column":24},"end":{"line":399,"column":63}},"locations":[{"start":{"line":399,"column":24},"end":{"line":399,"column":63}}]}},"b":{"0":[2],"1":[68],"2":[68],"3":[57],"4":[67],"5":[35],"6":[71],"7":[1],"8":[4],"9":[3],"10":[1],"11":[3],"12":[3],"13":[1],"14":[3],"15":[0],"16":[1],"17":[3],"18":[3],"19":[3],"20":[1],"21":[4],"22":[1],"23":[1],"24":[3],"25":[0],"26":[1],"27":[3],"28":[1],"29":[1],"30":[2],"31":[0],"32":[1],"33":[2],"34":[0],"35":[0],"36":[3],"37":[2],"38":[1],"39":[3],"40":[2],"41":[1],"42":[37],"43":[2],"44":[36],"45":[35],"46":[33],"47":[2],"48":[3],"49":[2],"50":[11],"51":[8],"52":[3],"53":[9],"54":[2],"55":[1],"56":[1],"57":[0],"58":[4],"59":[7],"60":[5],"61":[4],"62":[2],"63":[3],"64":[3],"65":[3],"66":[3]},"fnMap":{"0":{"name":"<instance_members_initializer>","decl":{"start":{"line":54,"column":11},"end":{"line":59,"column":27}},"loc":{"start":{"line":54,"column":11},"end":{"line":59,"column":27}},"line":54},"1":{"name":"AppError","decl":{"start":{"line":61,"column":2},"end":{"line":87,"column":3}},"loc":{"start":{"line":61,"column":2},"end":{"line":87,"column":3}},"line":61},"2":{"name":"getUserFriendlyMessage","decl":{"start":{"line":93,"column":7},"end":{"line":123,"column":1}},"loc":{"start":{"line":93,"column":7},"end":{"line":123,"column":1}},"line":93},"3":{"name":"createFileUploadError","decl":{"start":{"line":128,"column":7},"end":{"line":162,"column":1}},"loc":{"start":{"line":128,"column":7},"end":{"line":162,"column":1}},"line":128},"4":{"name":"action","decl":{"start":{"line":159,"column":43},"end":{"line":159,"column":53}},"loc":{"start":{"line":159,"column":43},"end":{"line":159,"column":53}},"line":159},"5":{"name":"createColorExtractionError","decl":{"start":{"line":167,"column":7},"end":{"line":200,"column":1}},"loc":{"start":{"line":167,"column":7},"end":{"line":200,"column":1}},"line":167},"6":{"name":"action","decl":{"start":{"line":197,"column":44},"end":{"line":197,"column":54}},"loc":{"start":{"line":197,"column":44},"end":{"line":197,"column":54}},"line":197},"7":{"name":"createThemeGenerationError","decl":{"start":{"line":205,"column":7},"end":{"line":239,"column":1}},"loc":{"start":{"line":205,"column":7},"end":{"line":239,"column":1}},"line":205},"8":{"name":"action","decl":{"start":{"line":235,"column":36},"end":{"line":235,"column":46}},"loc":{"start":{"line":235,"column":36},"end":{"line":235,"column":46}},"line":235},"9":{"name":"action","decl":{"start":{"line":236,"column":46},"end":{"line":236,"column":56}},"loc":{"start":{"line":236,"column":46},"end":{"line":236,"column":56}},"line":236},"10":{"name":"createDownloadError","decl":{"start":{"line":244,"column":7},"end":{"line":269,"column":1}},"loc":{"start":{"line":244,"column":7},"end":{"line":269,"column":1}},"line":244},"11":{"name":"action","decl":{"start":{"line":266,"column":36},"end":{"line":266,"column":46}},"loc":{"start":{"line":266,"column":36},"end":{"line":266,"column":46}},"line":266},"12":{"name":"tryCatch","decl":{"start":{"line":274,"column":0},"end":{"line":285,"column":1}},"loc":{"start":{"line":274,"column":0},"end":{"line":285,"column":1}},"line":274},"13":{"name":"tryCatchSync","decl":{"start":{"line":290,"column":7},"end":{"line":301,"column":1}},"loc":{"start":{"line":290,"column":7},"end":{"line":301,"column":1}},"line":290},"14":{"name":"normalizeError","decl":{"start":{"line":306,"column":7},"end":{"line":323,"column":1}},"loc":{"start":{"line":306,"column":7},"end":{"line":323,"column":1}},"line":306},"15":{"name":"isErrorCode","decl":{"start":{"line":328,"column":7},"end":{"line":330,"column":1}},"loc":{"start":{"line":328,"column":7},"end":{"line":330,"column":1}},"line":328},"16":{"name":"logError","decl":{"start":{"line":335,"column":7},"end":{"line":354,"column":1}},"loc":{"start":{"line":335,"column":7},"end":{"line":354,"column":1}},"line":335},"17":{"name":"formatBytes","decl":{"start":{"line":359,"column":0},"end":{"line":365,"column":1}},"loc":{"start":{"line":359,"column":0},"end":{"line":365,"column":1}},"line":359},"18":{"name":"retry","decl":{"start":{"line":370,"column":0},"end":{"line":404,"column":1}},"loc":{"start":{"line":370,"column":0},"end":{"line":404,"column":1}},"line":370},"19":{"name":"shouldRetry","decl":{"start":{"line":383,"column":18},"end":{"line":383,"column":29}},"loc":{"start":{"line":383,"column":18},"end":{"line":383,"column":29}},"line":383}},"f":{"0":68,"1":68,"2":71,"3":4,"4":0,"5":4,"6":0,"7":3,"8":0,"9":0,"10":2,"11":0,"12":3,"13":3,"14":37,"15":3,"16":11,"17":1,"18":4,"19":3}}
,"C:\\Users\\weife\\telegram-theme-generator\\src\\utils\\file-utils.ts": {"path":"C:\\Users\\weife\\telegram-theme-generator\\src\\utils\\file-utils.ts","all":false,"statementMap":{"0":{"start":{"line":1,"column":0},"end":{"line":1,"column":36}},"5":{"start":{"line":6,"column":0},"end":{"line":6,"column":54}},"10":{"start":{"line":11,"column":0},"end":{"line":11,"column":58}},"57":{"start":{"line":58,"column":0},"end":{"line":58,"column":56}},"58":{"start":{"line":59,"column":0},"end":{"line":59,"column":13}},"59":{"start":{"line":60,"column":0},"end":{"line":60,"column":18}},"61":{"start":{"line":62,"column":0},"end":{"line":62,"column":66}},"62":{"start":{"line":63,"column":0},"end":{"line":63,"column":55}},"63":{"start":{"line":64,"column":0},"end":{"line":64,"column":52}},"64":{"start":{"line":65,"column":0},"end":{"line":65,"column":58}},"65":{"start":{"line":66,"column":0},"end":{"line":66,"column":38}},"66":{"start":{"line":67,"column":0},"end":{"line":67,"column":36}},"67":{"start":{"line":68,"column":0},"end":{"line":68,"column":1}},"75":{"start":{"line":76,"column":0},"end":{"line":76,"column":61}},"76":{"start":{"line":77,"column":0},"end":{"line":77,"column":43}},"77":{"start":{"line":78,"column":0},"end":{"line":78,"column":47}},"78":{"start":{"line":79,"column":0},"end":{"line":79,"column":1}},"86":{"start":{"line":87,"column":0},"end":{"line":87,"column":56}},"87":{"start":{"line":88,"column":0},"end":{"line":88,"column":56}},"88":{"start":{"line":89,"column":0},"end":{"line":89,"column":1}},"108":{"start":{"line":109,"column":0},"end":{"line":109,"column":88}},"109":{"start":{"line":110,"column":0},"end":{"line":110,"column":69}},"111":{"start":{"line":112,"column":0},"end":{"line":112,"column":55}},"113":{"start":{"line":114,"column":0},"end":{"line":114,"column":7}},"114":{"start":{"line":115,"column":0},"end":{"line":115,"column":16}},"116":{"start":{"line":117,"column":0},"end":{"line":117,"column":42}},"117":{"start":{"line":118,"column":0},"end":{"line":118,"column":31}},"119":{"start":{"line":120,"column":0},"end":{"line":120,"column":36}},"120":{"start":{"line":121,"column":0},"end":{"line":121,"column":20}},"121":{"start":{"line":122,"column":0},"end":{"line":122,"column":29}},"122":{"start":{"line":123,"column":0},"end":{"line":123,"column":6}},"124":{"start":{"line":125,"column":0},"end":{"line":125,"column":24}},"125":{"start":{"line":126,"column":0},"end":{"line":126,"column":18}},"126":{"start":{"line":127,"column":0},"end":{"line":127,"column":17}},"127":{"start":{"line":128,"column":0},"end":{"line":128,"column":76}},"129":{"start":{"line":130,"column":0},"end":{"line":130,"column":21}},"131":{"start":{"line":132,"column":0},"end":{"line":132,"column":12}},"132":{"start":{"line":133,"column":0},"end":{"line":133,"column":21}},"133":{"start":{"line":134,"column":0},"end":{"line":134,"column":29}},"134":{"start":{"line":135,"column":0},"end":{"line":135,"column":27}},"135":{"start":{"line":136,"column":0},"end":{"line":136,"column":6}},"136":{"start":{"line":137,"column":0},"end":{"line":137,"column":3}},"137":{"start":{"line":138,"column":0},"end":{"line":138,"column":1}},"146":{"start":{"line":147,"column":0},"end":{"line":147,"column":60}},"147":{"start":{"line":148,"column":0},"end":{"line":148,"column":40}},"148":{"start":{"line":149,"column":0},"end":{"line":149,"column":35}},"149":{"start":{"line":150,"column":0},"end":{"line":150,"column":1}},"156":{"start":{"line":157,"column":0},"end":{"line":157,"column":54}},"157":{"start":{"line":158,"column":0},"end":{"line":158,"column":27}},"158":{"start":{"line":159,"column":0},"end":{"line":159,"column":1}},"166":{"start":{"line":167,"column":0},"end":{"line":167,"column":63}},"167":{"start":{"line":168,"column":0},"end":{"line":168,"column":48}},"168":{"start":{"line":169,"column":0},"end":{"line":169,"column":17}},"169":{"start":{"line":170,"column":0},"end":{"line":170,"column":3}},"173":{"start":{"line":174,"column":0},"end":{"line":174,"column":77}},"176":{"start":{"line":177,"column":0},"end":{"line":177,"column":92}},"178":{"start":{"line":179,"column":0},"end":{"line":179,"column":59}},"179":{"start":{"line":180,"column":0},"end":{"line":180,"column":1}}},"s":{"0":1,"5":1,"10":1,"57":1,"58":19,"59":19,"61":19,"62":19,"63":19,"64":19,"65":19,"66":2,"67":19,"75":1,"76":10,"77":10,"78":10,"86":1,"87":10,"88":10,"108":7,"109":7,"111":7,"113":7,"114":7,"116":7,"117":7,"119":7,"120":7,"121":7,"122":7,"124":7,"125":7,"126":7,"127":2,"129":2,"131":2,"132":2,"133":2,"134":2,"135":2,"136":2,"137":7,"146":1,"147":1,"148":1,"149":1,"156":1,"157":1,"158":1,"166":1,"167":8,"168":3,"169":3,"173":5,"176":5,"178":5,"179":8},"branchMap":{"0":{"type":"branch","line":58,"loc":{"start":{"line":58,"column":7},"end":{"line":68,"column":1}},"locations":[{"start":{"line":58,"column":7},"end":{"line":68,"column":1}}]},"1":{"type":"branch","line":66,"loc":{"start":{"line":66,"column":21},"end":{"line":67,"column":36}},"locations":[{"start":{"line":66,"column":21},"end":{"line":67,"column":36}}]},"2":{"type":"branch","line":76,"loc":{"start":{"line":76,"column":7},"end":{"line":79,"column":1}},"locations":[{"start":{"line":76,"column":7},"end":{"line":79,"column":1}}]},"3":{"type":"branch","line":87,"loc":{"start":{"line":87,"column":7},"end":{"line":89,"column":1}},"locations":[{"start":{"line":87,"column":7},"end":{"line":89,"column":1}}]},"4":{"type":"branch","line":109,"loc":{"start":{"line":109,"column":0},"end":{"line":138,"column":1}},"locations":[{"start":{"line":109,"column":0},"end":{"line":138,"column":1}}]},"5":{"type":"branch","line":115,"loc":{"start":{"line":115,"column":4},"end":{"line":115,"column":16}},"locations":[{"start":{"line":115,"column":4},"end":{"line":115,"column":16}}]},"6":{"type":"branch","line":125,"loc":{"start":{"line":125,"column":4},"end":{"line":125,"column":24}},"locations":[{"start":{"line":125,"column":4},"end":{"line":125,"column":24}}]},"7":{"type":"branch","line":127,"loc":{"start":{"line":127,"column":2},"end":{"line":137,"column":3}},"locations":[{"start":{"line":127,"column":2},"end":{"line":137,"column":3}}]},"8":{"type":"branch","line":128,"loc":{"start":{"line":128,"column":41},"end":{"line":128,"column":76}},"locations":[{"start":{"line":128,"column":41},"end":{"line":128,"column":76}}]},"9":{"type":"branch","line":130,"loc":{"start":{"line":130,"column":4},"end":{"line":130,"column":21}},"locations":[{"start":{"line":130,"column":4},"end":{"line":130,"column":21}}]},"10":{"type":"branch","line":147,"loc":{"start":{"line":147,"column":7},"end":{"line":150,"column":1}},"locations":[{"start":{"line":147,"column":7},"end":{"line":150,"column":1}}]},"11":{"type":"branch","line":157,"loc":{"start":{"line":157,"column":7},"end":{"line":159,"column":1}},"locations":[{"start":{"line":157,"column":7},"end":{"line":159,"column":1}}]},"12":{"type":"branch","line":167,"loc":{"start":{"line":167,"column":7},"end":{"line":180,"column":1}},"locations":[{"start":{"line":167,"column":7},"end":{"line":180,"column":1}}]},"13":{"type":"branch","line":168,"loc":{"start":{"line":168,"column":7},"end":{"line":168,"column":47}},"locations":[{"start":{"line":168,"column":7},"end":{"line":168,"column":47}}]},"14":{"type":"branch","line":168,"loc":{"start":{"line":168,"column":47},"end":{"line":170,"column":3}},"locations":[{"start":{"line":168,"column":47},"end":{"line":170,"column":3}}]},"15":{"type":"branch","line":170,"loc":{"start":{"line":170,"column":2},"end":{"line":179,"column":59}},"locations":[{"start":{"line":170,"column":2},"end":{"line":179,"column":59}}]},"16":{"type":"branch","line":177,"loc":{"start":{"line":177,"column":43},"end":{"line":177,"column":90}},"locations":[{"start":{"line":177,"column":43},"end":{"line":177,"column":90}}]},"17":{"type":"branch","line":177,"loc":{"start":{"line":177,"column":63},"end":{"line":177,"column":90}},"locations":[{"start":{"line":177,"column":63},"end":{"line":177,"column":90}}]}},"b":{"0":[19],"1":[2],"2":[10],"3":[10],"4":[7],"5":[1],"6":[1],"7":[2],"8":[0],"9":[1],"10":[1],"11":[1],"12":[8],"13":[5],"14":[3],"15":[5],"16":[11],"17":[7]},"fnMap":{"0":{"name":"sanitizeFilename","decl":{"start":{"line":58,"column":7},"end":{"line":68,"column":1}},"loc":{"start":{"line":58,"column":7},"end":{"line":68,"column":1}},"line":58},"1":{"name":"generateThemeFilename","decl":{"start":{"line":76,"column":7},"end":{"line":79,"column":1}},"loc":{"start":{"line":76,"column":7},"end":{"line":79,"column":1}},"line":76},"2":{"name":"createThemeBlob","decl":{"start":{"line":87,"column":7},"end":{"line":89,"column":1}},"loc":{"start":{"line":87,"column":7},"end":{"line":89,"column":1}},"line":87},"3":{"name":"downloadTheme","decl":{"start":{"line":109,"column":0},"end":{"line":138,"column":1}},"loc":{"start":{"line":109,"column":0},"end":{"line":138,"column":1}},"line":109},"4":{"name":"createDownloadUrl","decl":{"start":{"line":147,"column":7},"end":{"line":150,"column":1}},"loc":{"start":{"line":147,"column":7},"end":{"line":150,"column":1}},"line":147},"5":{"name":"revokeDownloadUrl","decl":{"start":{"line":157,"column":7},"end":{"line":159,"column":1}},"loc":{"start":{"line":157,"column":7},"end":{"line":159,"column":1}},"line":157},"6":{"name":"isValidThemeContent","decl":{"start":{"line":167,"column":7},"end":{"line":180,"column":1}},"loc":{"start":{"line":167,"column":7},"end":{"line":180,"column":1}},"line":167}},"f":{"0":19,"1":10,"2":10,"3":7,"4":1,"5":1,"6":8}}
}
