{"C:\\Users\\weife\\telegram-theme-generator\\src\\App.tsx": {"path":"C:\\Users\\weife\\telegram-theme-generator\\src\\App.tsx","all":true,"statementMap":{"0":{"start":{"line":1,"column":0},"end":{"line":1,"column":16}},"1":{"start":{"line":2,"column":0},"end":{"line":2,"column":10}},"2":{"start":{"line":3,"column":0},"end":{"line":3,"column":117}},"3":{"start":{"line":4,"column":0},"end":{"line":4,"column":75}},"4":{"start":{"line":5,"column":0},"end":{"line":5,"column":62}},"6":{"start":{"line":7,"column":0},"end":{"line":7,"column":13}},"7":{"start":{"line":8,"column":0},"end":{"line":8,"column":42}},"9":{"start":{"line":10,"column":0},"end":{"line":10,"column":12}},"10":{"start":{"line":11,"column":0},"end":{"line":11,"column":161}},"12":{"start":{"line":13,"column":0},"end":{"line":13,"column":17}},"13":{"start":{"line":14,"column":0},"end":{"line":14,"column":12}},"14":{"start":{"line":15,"column":0},"end":{"line":15,"column":10}},"16":{"start":{"line":17,"column":0},"end":{"line":17,"column":1}},"18":{"start":{"line":19,"column":0},"end":{"line":19,"column":19}}},"s":{"0":0,"1":0,"2":0,"3":0,"4":0,"6":0,"7":0,"9":0,"10":0,"12":0,"13":0,"14":0,"16":0,"18":0},"branchMap":{"0":{"type":"branch","line":1,"loc":{"start":{"line":1,"column":736},"end":{"line":19,"column":19}},"locations":[{"start":{"line":1,"column":736},"end":{"line":19,"column":19}}]}},"b":{"0":[0]},"fnMap":{"0":{"name":"(empty-report)","decl":{"start":{"line":1,"column":736},"end":{"line":19,"column":19}},"loc":{"start":{"line":1,"column":736},"end":{"line":19,"column":19}},"line":1}},"f":{"0":0}}
,"C:\\Users\\weife\\telegram-theme-generator\\src\\main.tsx": {"path":"C:\\Users\\weife\\telegram-theme-generator\\src\\main.tsx","all":true,"statementMap":{"0":{"start":{"line":1,"column":0},"end":{"line":1,"column":35}},"1":{"start":{"line":2,"column":0},"end":{"line":2,"column":46}},"2":{"start":{"line":3,"column":0},"end":{"line":3,"column":21}},"3":{"start":{"line":4,"column":0},"end":{"line":4,"column":28}},"5":{"start":{"line":6,"column":0},"end":{"line":6,"column":52}},"6":{"start":{"line":7,"column":0},"end":{"line":7,"column":14}},"7":{"start":{"line":8,"column":0},"end":{"line":8,"column":11}},"8":{"start":{"line":9,"column":0},"end":{"line":9,"column":15}},"9":{"start":{"line":10,"column":0},"end":{"line":10,"column":2}}},"s":{"0":0,"1":0,"2":0,"3":0,"5":0,"6":0,"7":0,"8":0,"9":0},"branchMap":{"0":{"type":"branch","line":1,"loc":{"start":{"line":1,"column":214},"end":{"line":10,"column":-157}},"locations":[{"start":{"line":1,"column":214},"end":{"line":10,"column":-157}}]}},"b":{"0":[0]},"fnMap":{"0":{"name":"(empty-report)","decl":{"start":{"line":1,"column":214},"end":{"line":10,"column":-157}},"loc":{"start":{"line":1,"column":214},"end":{"line":10,"column":-157}},"line":1}},"f":{"0":0}}
,"C:\\Users\\weife\\telegram-theme-generator\\src\\core\\color-extraction\\ColorExtractor.ts": {"path":"C:\\Users\\weife\\telegram-theme-generator\\src\\core\\color-extraction\\ColorExtractor.ts","all":false,"statementMap":{"0":{"start":{"line":1,"column":0},"end":{"line":1,"column":36}},"17":{"start":{"line":18,"column":0},"end":{"line":18,"column":59}},"18":{"start":{"line":19,"column":0},"end":{"line":19,"column":16}},"19":{"start":{"line":20,"column":0},"end":{"line":20,"column":14}},"20":{"start":{"line":21,"column":0},"end":{"line":21,"column":15}},"21":{"start":{"line":22,"column":0},"end":{"line":22,"column":2}},"27":{"start":{"line":28,"column":0},"end":{"line":28,"column":29}},"28":{"start":{"line":29,"column":0},"end":{"line":29,"column":33}},"29":{"start":{"line":30,"column":0},"end":{"line":30,"column":52}},"31":{"start":{"line":32,"column":0},"end":{"line":32,"column":53}},"32":{"start":{"line":33,"column":0},"end":{"line":33,"column":39}},"33":{"start":{"line":34,"column":0},"end":{"line":34,"column":54}},"34":{"start":{"line":35,"column":0},"end":{"line":35,"column":3}},"41":{"start":{"line":42,"column":0},"end":{"line":42,"column":26}},"42":{"start":{"line":43,"column":0},"end":{"line":43,"column":57}},"43":{"start":{"line":44,"column":0},"end":{"line":44,"column":32}},"44":{"start":{"line":45,"column":0},"end":{"line":45,"column":54}},"45":{"start":{"line":46,"column":0},"end":{"line":46,"column":54}},"47":{"start":{"line":48,"column":0},"end":{"line":48,"column":60}},"48":{"start":{"line":49,"column":0},"end":{"line":49,"column":10}},"49":{"start":{"line":50,"column":0},"end":{"line":50,"column":30}},"50":{"start":{"line":51,"column":0},"end":{"line":51,"column":44}},"51":{"start":{"line":52,"column":0},"end":{"line":52,"column":48}},"52":{"start":{"line":53,"column":0},"end":{"line":53,"column":8}},"54":{"start":{"line":55,"column":0},"end":{"line":55,"column":39}},"55":{"start":{"line":56,"column":0},"end":{"line":56,"column":3}},"62":{"start":{"line":63,"column":0},"end":{"line":63,"column":29}},"63":{"start":{"line":64,"column":0},"end":{"line":64,"column":57}},"64":{"start":{"line":65,"column":0},"end":{"line":65,"column":22}},"65":{"start":{"line":66,"column":0},"end":{"line":66,"column":54}},"66":{"start":{"line":67,"column":0},"end":{"line":67,"column":40}},"68":{"start":{"line":69,"column":0},"end":{"line":69,"column":15}},"69":{"start":{"line":70,"column":0},"end":{"line":70,"column":54}},"70":{"start":{"line":71,"column":0},"end":{"line":71,"column":5}},"72":{"start":{"line":73,"column":0},"end":{"line":73,"column":74}},"73":{"start":{"line":74,"column":0},"end":{"line":74,"column":32}},"74":{"start":{"line":75,"column":0},"end":{"line":75,"column":28}},"75":{"start":{"line":76,"column":0},"end":{"line":76,"column":23}},"78":{"start":{"line":79,"column":0},"end":{"line":79,"column":47}},"79":{"start":{"line":80,"column":0},"end":{"line":80,"column":24}},"80":{"start":{"line":81,"column":0},"end":{"line":81,"column":28}},"81":{"start":{"line":82,"column":0},"end":{"line":82,"column":28}},"82":{"start":{"line":83,"column":0},"end":{"line":83,"column":28}},"85":{"start":{"line":86,"column":0},"end":{"line":86,"column":28}},"87":{"start":{"line":88,"column":0},"end":{"line":88,"column":61}},"88":{"start":{"line":89,"column":0},"end":{"line":89,"column":19}},"89":{"start":{"line":90,"column":0},"end":{"line":90,"column":5}},"91":{"start":{"line":92,"column":0},"end":{"line":92,"column":61}},"92":{"start":{"line":93,"column":0},"end":{"line":93,"column":3}},"99":{"start":{"line":100,"column":0},"end":{"line":100,"column":32}},"100":{"start":{"line":101,"column":0},"end":{"line":101,"column":57}},"101":{"start":{"line":102,"column":0},"end":{"line":102,"column":33}},"102":{"start":{"line":103,"column":0},"end":{"line":103,"column":32}},"104":{"start":{"line":105,"column":0},"end":{"line":105,"column":37}},"105":{"start":{"line":106,"column":0},"end":{"line":106,"column":43}},"106":{"start":{"line":107,"column":0},"end":{"line":107,"column":53}},"107":{"start":{"line":108,"column":0},"end":{"line":108,"column":39}},"108":{"start":{"line":109,"column":0},"end":{"line":109,"column":12}},"109":{"start":{"line":110,"column":0},"end":{"line":110,"column":21}},"110":{"start":{"line":111,"column":0},"end":{"line":111,"column":28}},"111":{"start":{"line":112,"column":0},"end":{"line":112,"column":43}},"112":{"start":{"line":113,"column":0},"end":{"line":113,"column":7}},"113":{"start":{"line":114,"column":0},"end":{"line":114,"column":5}},"115":{"start":{"line":116,"column":0},"end":{"line":116,"column":37}},"116":{"start":{"line":117,"column":0},"end":{"line":117,"column":3}},"123":{"start":{"line":124,"column":0},"end":{"line":124,"column":61}},"124":{"start":{"line":125,"column":0},"end":{"line":125,"column":45}},"125":{"start":{"line":126,"column":0},"end":{"line":126,"column":30}},"126":{"start":{"line":127,"column":0},"end":{"line":127,"column":36}},"128":{"start":{"line":129,"column":0},"end":{"line":129,"column":38}},"129":{"start":{"line":130,"column":0},"end":{"line":130,"column":76}},"131":{"start":{"line":132,"column":0},"end":{"line":132,"column":20}},"132":{"start":{"line":133,"column":0},"end":{"line":133,"column":7}},"133":{"start":{"line":134,"column":0},"end":{"line":134,"column":3}},"138":{"start":{"line":139,"column":0},"end":{"line":139,"column":68}},"139":{"start":{"line":140,"column":0},"end":{"line":140,"column":45}},"140":{"start":{"line":141,"column":0},"end":{"line":141,"column":27}},"141":{"start":{"line":142,"column":0},"end":{"line":142,"column":18}},"142":{"start":{"line":143,"column":0},"end":{"line":143,"column":15}},"143":{"start":{"line":144,"column":0},"end":{"line":144,"column":7}},"145":{"start":{"line":146,"column":0},"end":{"line":146,"column":37}},"146":{"start":{"line":147,"column":0},"end":{"line":147,"column":70}},"147":{"start":{"line":148,"column":0},"end":{"line":148,"column":7}},"148":{"start":{"line":149,"column":0},"end":{"line":149,"column":3}},"153":{"start":{"line":154,"column":0},"end":{"line":154,"column":69}},"154":{"start":{"line":155,"column":0},"end":{"line":155,"column":62}},"155":{"start":{"line":156,"column":0},"end":{"line":156,"column":40}},"156":{"start":{"line":157,"column":0},"end":{"line":157,"column":41}},"157":{"start":{"line":158,"column":0},"end":{"line":158,"column":6}},"159":{"start":{"line":160,"column":0},"end":{"line":160,"column":52}},"160":{"start":{"line":161,"column":0},"end":{"line":161,"column":25}},"161":{"start":{"line":162,"column":0},"end":{"line":162,"column":27}},"163":{"start":{"line":164,"column":0},"end":{"line":164,"column":40}},"164":{"start":{"line":165,"column":0},"end":{"line":165,"column":15}},"165":{"start":{"line":166,"column":0},"end":{"line":166,"column":54}},"166":{"start":{"line":167,"column":0},"end":{"line":167,"column":5}},"168":{"start":{"line":169,"column":0},"end":{"line":169,"column":46}},"169":{"start":{"line":170,"column":0},"end":{"line":170,"column":18}},"170":{"start":{"line":171,"column":0},"end":{"line":171,"column":3}},"175":{"start":{"line":176,"column":0},"end":{"line":176,"column":76}},"176":{"start":{"line":177,"column":0},"end":{"line":177,"column":62}},"177":{"start":{"line":178,"column":0},"end":{"line":178,"column":25}},"178":{"start":{"line":179,"column":0},"end":{"line":179,"column":25}},"179":{"start":{"line":180,"column":0},"end":{"line":180,"column":6}},"181":{"start":{"line":182,"column":0},"end":{"line":182,"column":73}},"182":{"start":{"line":183,"column":0},"end":{"line":183,"column":26}},"183":{"start":{"line":184,"column":0},"end":{"line":184,"column":5}},"185":{"start":{"line":186,"column":0},"end":{"line":186,"column":52}},"186":{"start":{"line":187,"column":0},"end":{"line":187,"column":25}},"187":{"start":{"line":188,"column":0},"end":{"line":188,"column":27}},"189":{"start":{"line":190,"column":0},"end":{"line":190,"column":40}},"190":{"start":{"line":191,"column":0},"end":{"line":191,"column":15}},"191":{"start":{"line":192,"column":0},"end":{"line":192,"column":54}},"192":{"start":{"line":193,"column":0},"end":{"line":193,"column":5}},"194":{"start":{"line":195,"column":0},"end":{"line":195,"column":53}},"195":{"start":{"line":196,"column":0},"end":{"line":196,"column":18}},"196":{"start":{"line":197,"column":0},"end":{"line":197,"column":3}},"201":{"start":{"line":202,"column":0},"end":{"line":202,"column":37}},"202":{"start":{"line":203,"column":0},"end":{"line":203,"column":26}},"203":{"start":{"line":204,"column":0},"end":{"line":204,"column":26}},"204":{"start":{"line":205,"column":0},"end":{"line":205,"column":40}},"205":{"start":{"line":206,"column":0},"end":{"line":206,"column":41}},"207":{"start":{"line":208,"column":0},"end":{"line":208,"column":64}},"208":{"start":{"line":209,"column":0},"end":{"line":209,"column":62}},"209":{"start":{"line":210,"column":0},"end":{"line":210,"column":5}},"211":{"start":{"line":212,"column":0},"end":{"line":212,"column":55}},"213":{"start":{"line":214,"column":0},"end":{"line":214,"column":41}},"214":{"start":{"line":215,"column":0},"end":{"line":215,"column":14}},"215":{"start":{"line":216,"column":0},"end":{"line":216,"column":23}},"216":{"start":{"line":217,"column":0},"end":{"line":217,"column":50}},"217":{"start":{"line":218,"column":0},"end":{"line":218,"column":8}},"218":{"start":{"line":219,"column":0},"end":{"line":219,"column":5}},"220":{"start":{"line":221,"column":0},"end":{"line":221,"column":12}},"221":{"start":{"line":222,"column":0},"end":{"line":222,"column":47}},"222":{"start":{"line":223,"column":0},"end":{"line":223,"column":22}},"223":{"start":{"line":224,"column":0},"end":{"line":224,"column":6}},"224":{"start":{"line":225,"column":0},"end":{"line":225,"column":3}},"229":{"start":{"line":230,"column":0},"end":{"line":230,"column":75}},"231":{"start":{"line":232,"column":0},"end":{"line":232,"column":50}},"232":{"start":{"line":233,"column":0},"end":{"line":233,"column":46}},"234":{"start":{"line":235,"column":0},"end":{"line":235,"column":9}},"235":{"start":{"line":236,"column":0},"end":{"line":236,"column":49}},"236":{"start":{"line":237,"column":0},"end":{"line":237,"column":12}},"237":{"start":{"line":238,"column":0},"end":{"line":238,"column":32}},"238":{"start":{"line":239,"column":0},"end":{"line":239,"column":28}},"239":{"start":{"line":240,"column":0},"end":{"line":240,"column":8}},"241":{"start":{"line":242,"column":0},"end":{"line":242,"column":45}},"243":{"start":{"line":244,"column":0},"end":{"line":244,"column":77}},"244":{"start":{"line":245,"column":0},"end":{"line":245,"column":57}},"245":{"start":{"line":246,"column":0},"end":{"line":246,"column":7}},"247":{"start":{"line":248,"column":0},"end":{"line":248,"column":21}},"248":{"start":{"line":249,"column":0},"end":{"line":249,"column":13}},"250":{"start":{"line":251,"column":0},"end":{"line":251,"column":49}},"251":{"start":{"line":252,"column":0},"end":{"line":252,"column":5}},"252":{"start":{"line":253,"column":0},"end":{"line":253,"column":3}},"257":{"start":{"line":258,"column":0},"end":{"line":258,"column":68}},"258":{"start":{"line":259,"column":0},"end":{"line":259,"column":40}},"259":{"start":{"line":260,"column":0},"end":{"line":260,"column":15}},"260":{"start":{"line":261,"column":0},"end":{"line":261,"column":31}},"261":{"start":{"line":262,"column":0},"end":{"line":262,"column":5}},"263":{"start":{"line":264,"column":0},"end":{"line":264,"column":74}},"264":{"start":{"line":265,"column":0},"end":{"line":265,"column":32}},"267":{"start":{"line":268,"column":0},"end":{"line":268,"column":29}},"268":{"start":{"line":269,"column":0},"end":{"line":269,"column":92}},"270":{"start":{"line":271,"column":0},"end":{"line":271,"column":96}},"271":{"start":{"line":272,"column":0},"end":{"line":272,"column":24}},"272":{"start":{"line":273,"column":0},"end":{"line":273,"column":28}},"273":{"start":{"line":274,"column":0},"end":{"line":274,"column":28}},"274":{"start":{"line":275,"column":0},"end":{"line":275,"column":28}},"276":{"start":{"line":277,"column":0},"end":{"line":277,"column":21}},"277":{"start":{"line":278,"column":0},"end":{"line":278,"column":37}},"279":{"start":{"line":280,"column":0},"end":{"line":280,"column":69}},"280":{"start":{"line":281,"column":0},"end":{"line":281,"column":29}},"281":{"start":{"line":282,"column":0},"end":{"line":282,"column":9}},"282":{"start":{"line":283,"column":0},"end":{"line":283,"column":7}},"283":{"start":{"line":284,"column":0},"end":{"line":284,"column":5}},"285":{"start":{"line":286,"column":0},"end":{"line":286,"column":58}},"286":{"start":{"line":287,"column":0},"end":{"line":287,"column":3}},"291":{"start":{"line":292,"column":0},"end":{"line":292,"column":51}},"292":{"start":{"line":293,"column":0},"end":{"line":293,"column":21}},"293":{"start":{"line":294,"column":0},"end":{"line":294,"column":34}},"294":{"start":{"line":295,"column":0},"end":{"line":295,"column":36}},"295":{"start":{"line":296,"column":0},"end":{"line":296,"column":34}},"296":{"start":{"line":297,"column":0},"end":{"line":297,"column":6}},"297":{"start":{"line":298,"column":0},"end":{"line":298,"column":3}},"302":{"start":{"line":303,"column":0},"end":{"line":303,"column":38}},"303":{"start":{"line":304,"column":0},"end":{"line":304,"column":12}},"304":{"start":{"line":305,"column":0},"end":{"line":305,"column":11}},"305":{"start":{"line":306,"column":0},"end":{"line":306,"column":9}},"306":{"start":{"line":307,"column":0},"end":{"line":307,"column":21}},"307":{"start":{"line":308,"column":0},"end":{"line":308,"column":77}},"308":{"start":{"line":309,"column":0},"end":{"line":309,"column":52}},"309":{"start":{"line":310,"column":0},"end":{"line":310,"column":10}},"310":{"start":{"line":311,"column":0},"end":{"line":311,"column":17}},"312":{"start":{"line":313,"column":0},"end":{"line":313,"column":3}},"318":{"start":{"line":319,"column":0},"end":{"line":319,"column":47}},"319":{"start":{"line":320,"column":0},"end":{"line":320,"column":46}},"321":{"start":{"line":322,"column":0},"end":{"line":322,"column":34}},"322":{"start":{"line":323,"column":0},"end":{"line":323,"column":34}},"323":{"start":{"line":324,"column":0},"end":{"line":324,"column":28}},"326":{"start":{"line":327,"column":0},"end":{"line":327,"column":38}},"327":{"start":{"line":328,"column":0},"end":{"line":328,"column":22}},"328":{"start":{"line":329,"column":0},"end":{"line":329,"column":66}},"332":{"start":{"line":333,"column":0},"end":{"line":333,"column":62}},"334":{"start":{"line":335,"column":0},"end":{"line":335,"column":40}},"335":{"start":{"line":336,"column":0},"end":{"line":336,"column":3}},"341":{"start":{"line":342,"column":0},"end":{"line":342,"column":49}},"343":{"start":{"line":344,"column":0},"end":{"line":344,"column":60}},"344":{"start":{"line":345,"column":0},"end":{"line":345,"column":3}},"349":{"start":{"line":350,"column":0},"end":{"line":350,"column":70}},"350":{"start":{"line":351,"column":0},"end":{"line":351,"column":63}},"351":{"start":{"line":352,"column":0},"end":{"line":352,"column":3}},"356":{"start":{"line":357,"column":0},"end":{"line":357,"column":20}},"357":{"start":{"line":358,"column":0},"end":{"line":358,"column":57}},"358":{"start":{"line":359,"column":0},"end":{"line":359,"column":23}},"359":{"start":{"line":360,"column":0},"end":{"line":360,"column":56}},"361":{"start":{"line":362,"column":0},"end":{"line":362,"column":36}},"362":{"start":{"line":363,"column":0},"end":{"line":363,"column":34}},"363":{"start":{"line":364,"column":0},"end":{"line":364,"column":31}},"364":{"start":{"line":365,"column":0},"end":{"line":365,"column":24}},"365":{"start":{"line":366,"column":0},"end":{"line":366,"column":24}},"366":{"start":{"line":367,"column":0},"end":{"line":367,"column":23}},"367":{"start":{"line":368,"column":0},"end":{"line":368,"column":8}},"368":{"start":{"line":369,"column":0},"end":{"line":369,"column":73}},"369":{"start":{"line":370,"column":0},"end":{"line":370,"column":7}},"370":{"start":{"line":371,"column":0},"end":{"line":371,"column":3}},"375":{"start":{"line":376,"column":0},"end":{"line":376,"column":22}},"376":{"start":{"line":377,"column":0},"end":{"line":377,"column":57}},"377":{"start":{"line":378,"column":0},"end":{"line":378,"column":23}},"378":{"start":{"line":379,"column":0},"end":{"line":379,"column":56}},"380":{"start":{"line":381,"column":0},"end":{"line":381,"column":40}},"383":{"start":{"line":384,"column":0},"end":{"line":384,"column":37}},"384":{"start":{"line":385,"column":0},"end":{"line":385,"column":24}},"385":{"start":{"line":386,"column":0},"end":{"line":386,"column":63}},"386":{"start":{"line":387,"column":0},"end":{"line":387,"column":6}},"387":{"start":{"line":388,"column":0},"end":{"line":388,"column":3}},"388":{"start":{"line":389,"column":0},"end":{"line":389,"column":1}},"390":{"start":{"line":391,"column":0},"end":{"line":391,"column":30}}},"s":{"0":1,"17":1,"18":1,"19":1,"20":1,"21":1,"27":1,"28":1,"29":27,"31":1,"32":27,"33":27,"34":27,"41":1,"42":19,"43":19,"44":19,"45":19,"47":19,"48":112,"49":112,"50":112,"51":112,"52":19,"54":19,"55":19,"62":1,"63":2,"64":2,"65":2,"66":2,"68":2,"69":0,"70":0,"72":2,"73":2,"74":2,"75":2,"78":2,"79":5000,"80":5000,"81":5000,"82":5000,"85":5000,"87":5000,"88":5000,"89":5000,"91":2,"92":2,"99":1,"100":21,"101":21,"102":21,"104":21,"105":16,"106":21,"107":4,"108":5,"109":1,"110":1,"111":0,"112":0,"113":1,"115":17,"116":21,"123":1,"124":35,"125":35,"126":35,"128":35,"129":35,"131":35,"132":35,"133":35,"138":1,"139":0,"140":0,"141":0,"142":0,"143":0,"145":0,"146":0,"147":0,"148":0,"153":1,"154":17,"155":17,"156":17,"157":17,"159":17,"160":17,"161":17,"163":17,"164":17,"165":0,"166":0,"168":17,"169":17,"170":17,"175":1,"176":4,"177":4,"178":4,"179":4,"181":4,"182":2,"183":2,"185":2,"186":2,"187":2,"189":2,"190":4,"191":0,"192":0,"194":2,"195":2,"196":4,"201":1,"202":21,"203":21,"204":21,"205":21,"207":21,"208":19,"209":19,"211":2,"213":21,"214":1,"215":1,"216":1,"217":1,"218":1,"220":1,"221":1,"222":1,"223":1,"224":21,"229":1,"231":19,"232":19,"234":19,"235":19,"236":19,"237":19,"238":19,"239":19,"241":19,"243":0,"244":0,"245":0,"247":19,"248":19,"250":0,"251":0,"252":19,"257":1,"258":0,"259":0,"260":0,"261":0,"263":0,"264":0,"267":0,"268":0,"270":0,"271":0,"272":0,"273":0,"274":0,"276":0,"277":0,"279":0,"280":0,"281":0,"282":0,"283":0,"285":0,"286":0,"291":1,"292":4,"293":4,"294":4,"295":4,"296":4,"297":4,"302":1,"303":112,"304":112,"305":112,"306":112,"307":336,"308":336,"309":112,"310":112,"312":112,"318":1,"319":112,"321":112,"322":112,"323":112,"326":112,"327":112,"328":112,"332":112,"334":112,"335":112,"341":1,"343":5112,"344":5112,"349":1,"350":19,"351":19,"356":1,"357":3,"358":3,"359":3,"361":3,"362":3,"363":3,"364":3,"365":3,"366":3,"367":3,"368":3,"369":3,"370":3,"375":1,"376":2,"377":2,"378":2,"380":2,"383":2,"384":2,"385":2,"386":2,"387":2,"388":1,"390":1},"branchMap":{"0":{"type":"branch","line":29,"loc":{"start":{"line":29,"column":10},"end":{"line":30,"column":52}},"locations":[{"start":{"line":29,"column":10},"end":{"line":30,"column":52}}]},"1":{"type":"branch","line":32,"loc":{"start":{"line":32,"column":2},"end":{"line":35,"column":3}},"locations":[{"start":{"line":32,"column":2},"end":{"line":35,"column":3}}]},"2":{"type":"branch","line":42,"loc":{"start":{"line":42,"column":2},"end":{"line":56,"column":3}},"locations":[{"start":{"line":42,"column":2},"end":{"line":56,"column":3}}]},"3":{"type":"branch","line":48,"loc":{"start":{"line":48,"column":49},"end":{"line":53,"column":6}},"locations":[{"start":{"line":48,"column":49},"end":{"line":53,"column":6}}]},"4":{"type":"branch","line":63,"loc":{"start":{"line":63,"column":2},"end":{"line":93,"column":3}},"locations":[{"start":{"line":63,"column":2},"end":{"line":93,"column":3}}]},"5":{"type":"branch","line":69,"loc":{"start":{"line":69,"column":14},"end":{"line":71,"column":5}},"locations":[{"start":{"line":69,"column":14},"end":{"line":71,"column":5}}]},"6":{"type":"branch","line":79,"loc":{"start":{"line":79,"column":46},"end":{"line":90,"column":5}},"locations":[{"start":{"line":79,"column":46},"end":{"line":90,"column":5}}]},"7":{"type":"branch","line":86,"loc":{"start":{"line":86,"column":19},"end":{"line":86,"column":28}},"locations":[{"start":{"line":86,"column":19},"end":{"line":86,"column":28}}]},"8":{"type":"branch","line":92,"loc":{"start":{"line":92,"column":46},"end":{"line":92,"column":61}},"locations":[{"start":{"line":92,"column":46},"end":{"line":92,"column":61}}]},"9":{"type":"branch","line":100,"loc":{"start":{"line":100,"column":2},"end":{"line":117,"column":3}},"locations":[{"start":{"line":100,"column":2},"end":{"line":117,"column":3}}]},"10":{"type":"branch","line":105,"loc":{"start":{"line":105,"column":36},"end":{"line":107,"column":15}},"locations":[{"start":{"line":105,"column":36},"end":{"line":107,"column":15}}]},"11":{"type":"branch","line":107,"loc":{"start":{"line":107,"column":4},"end":{"line":114,"column":5}},"locations":[{"start":{"line":107,"column":4},"end":{"line":114,"column":5}}]},"12":{"type":"branch","line":107,"loc":{"start":{"line":107,"column":52},"end":{"line":109,"column":11}},"locations":[{"start":{"line":107,"column":52},"end":{"line":109,"column":11}}]},"13":{"type":"branch","line":109,"loc":{"start":{"line":109,"column":4},"end":{"line":114,"column":5}},"locations":[{"start":{"line":109,"column":4},"end":{"line":114,"column":5}}]},"14":{"type":"branch","line":111,"loc":{"start":{"line":111,"column":27},"end":{"line":113,"column":7}},"locations":[{"start":{"line":111,"column":27},"end":{"line":113,"column":7}}]},"15":{"type":"branch","line":114,"loc":{"start":{"line":114,"column":4},"end":{"line":116,"column":37}},"locations":[{"start":{"line":114,"column":4},"end":{"line":116,"column":37}}]},"16":{"type":"branch","line":124,"loc":{"start":{"line":124,"column":10},"end":{"line":134,"column":3}},"locations":[{"start":{"line":124,"column":10},"end":{"line":134,"column":3}}]},"17":{"type":"branch","line":125,"loc":{"start":{"line":125,"column":23},"end":{"line":133,"column":5}},"locations":[{"start":{"line":125,"column":23},"end":{"line":133,"column":5}}]},"18":{"type":"branch","line":129,"loc":{"start":{"line":129,"column":19},"end":{"line":129,"column":38}},"locations":[{"start":{"line":129,"column":19},"end":{"line":129,"column":38}}]},"19":{"type":"branch","line":154,"loc":{"start":{"line":154,"column":10},"end":{"line":171,"column":3}},"locations":[{"start":{"line":154,"column":10},"end":{"line":171,"column":3}}]},"20":{"type":"branch","line":156,"loc":{"start":{"line":156,"column":12},"end":{"line":156,"column":40}},"locations":[{"start":{"line":156,"column":12},"end":{"line":156,"column":40}}]},"21":{"type":"branch","line":157,"loc":{"start":{"line":157,"column":12},"end":{"line":157,"column":41}},"locations":[{"start":{"line":157,"column":12},"end":{"line":157,"column":41}}]},"22":{"type":"branch","line":165,"loc":{"start":{"line":165,"column":14},"end":{"line":167,"column":5}},"locations":[{"start":{"line":165,"column":14},"end":{"line":167,"column":5}}]},"23":{"type":"branch","line":176,"loc":{"start":{"line":176,"column":10},"end":{"line":197,"column":3}},"locations":[{"start":{"line":176,"column":10},"end":{"line":197,"column":3}}]},"24":{"type":"branch","line":182,"loc":{"start":{"line":182,"column":31},"end":{"line":182,"column":72}},"locations":[{"start":{"line":182,"column":31},"end":{"line":182,"column":72}}]},"25":{"type":"branch","line":182,"loc":{"start":{"line":182,"column":72},"end":{"line":191,"column":14}},"locations":[{"start":{"line":182,"column":72},"end":{"line":191,"column":14}}]},"26":{"type":"branch","line":191,"loc":{"start":{"line":191,"column":14},"end":{"line":193,"column":5}},"locations":[{"start":{"line":191,"column":14},"end":{"line":193,"column":5}}]},"27":{"type":"branch","line":193,"loc":{"start":{"line":193,"column":4},"end":{"line":196,"column":18}},"locations":[{"start":{"line":193,"column":4},"end":{"line":196,"column":18}}]},"28":{"type":"branch","line":202,"loc":{"start":{"line":202,"column":10},"end":{"line":225,"column":3}},"locations":[{"start":{"line":202,"column":10},"end":{"line":225,"column":3}}]},"29":{"type":"branch","line":208,"loc":{"start":{"line":208,"column":25},"end":{"line":208,"column":63}},"locations":[{"start":{"line":208,"column":25},"end":{"line":208,"column":63}}]},"30":{"type":"branch","line":208,"loc":{"start":{"line":208,"column":63},"end":{"line":210,"column":5}},"locations":[{"start":{"line":208,"column":63},"end":{"line":210,"column":5}}]},"31":{"type":"branch","line":210,"loc":{"start":{"line":210,"column":4},"end":{"line":214,"column":40}},"locations":[{"start":{"line":210,"column":4},"end":{"line":214,"column":40}}]},"32":{"type":"branch","line":214,"loc":{"start":{"line":214,"column":40},"end":{"line":224,"column":6}},"locations":[{"start":{"line":214,"column":40},"end":{"line":224,"column":6}}]},"33":{"type":"branch","line":230,"loc":{"start":{"line":230,"column":2},"end":{"line":253,"column":3}},"locations":[{"start":{"line":230,"column":2},"end":{"line":253,"column":3}}]},"34":{"type":"branch","line":242,"loc":{"start":{"line":242,"column":44},"end":{"line":246,"column":7}},"locations":[{"start":{"line":242,"column":44},"end":{"line":246,"column":7}}]},"35":{"type":"branch","line":249,"loc":{"start":{"line":249,"column":4},"end":{"line":252,"column":5}},"locations":[{"start":{"line":249,"column":4},"end":{"line":252,"column":5}}]},"36":{"type":"branch","line":292,"loc":{"start":{"line":292,"column":10},"end":{"line":298,"column":3}},"locations":[{"start":{"line":292,"column":10},"end":{"line":298,"column":3}}]},"37":{"type":"branch","line":303,"loc":{"start":{"line":303,"column":10},"end":{"line":313,"column":3}},"locations":[{"start":{"line":303,"column":10},"end":{"line":313,"column":3}}]},"38":{"type":"branch","line":307,"loc":{"start":{"line":307,"column":13},"end":{"line":310,"column":9}},"locations":[{"start":{"line":307,"column":13},"end":{"line":310,"column":9}}]},"39":{"type":"branch","line":309,"loc":{"start":{"line":309,"column":32},"end":{"line":309,"column":48}},"locations":[{"start":{"line":309,"column":32},"end":{"line":309,"column":48}}]},"40":{"type":"branch","line":319,"loc":{"start":{"line":319,"column":10},"end":{"line":336,"column":3}},"locations":[{"start":{"line":319,"column":10},"end":{"line":336,"column":3}}]},"41":{"type":"branch","line":329,"loc":{"start":{"line":329,"column":16},"end":{"line":329,"column":24}},"locations":[{"start":{"line":329,"column":16},"end":{"line":329,"column":24}}]},"42":{"type":"branch","line":320,"loc":{"start":{"line":320,"column":30},"end":{"line":320,"column":44}},"locations":[{"start":{"line":320,"column":30},"end":{"line":320,"column":44}}]},"43":{"type":"branch","line":342,"loc":{"start":{"line":342,"column":10},"end":{"line":345,"column":3}},"locations":[{"start":{"line":342,"column":10},"end":{"line":345,"column":3}}]},"44":{"type":"branch","line":350,"loc":{"start":{"line":350,"column":10},"end":{"line":352,"column":3}},"locations":[{"start":{"line":350,"column":10},"end":{"line":352,"column":3}}]},"45":{"type":"branch","line":351,"loc":{"start":{"line":351,"column":28},"end":{"line":351,"column":61}},"locations":[{"start":{"line":351,"column":28},"end":{"line":351,"column":61}}]},"46":{"type":"branch","line":357,"loc":{"start":{"line":357,"column":2},"end":{"line":371,"column":3}},"locations":[{"start":{"line":357,"column":2},"end":{"line":371,"column":3}}]},"47":{"type":"branch","line":362,"loc":{"start":{"line":362,"column":24},"end":{"line":370,"column":5}},"locations":[{"start":{"line":362,"column":24},"end":{"line":370,"column":5}}]},"48":{"type":"branch","line":376,"loc":{"start":{"line":376,"column":2},"end":{"line":388,"column":3}},"locations":[{"start":{"line":376,"column":2},"end":{"line":388,"column":3}}]},"49":{"type":"branch","line":381,"loc":{"start":{"line":381,"column":28},"end":{"line":381,"column":40}},"locations":[{"start":{"line":381,"column":28},"end":{"line":381,"column":40}}]},"50":{"type":"branch","line":386,"loc":{"start":{"line":386,"column":6},"end":{"line":386,"column":63}},"locations":[{"start":{"line":386,"column":6},"end":{"line":386,"column":63}}]}},"b":{"0":[27],"1":[27],"2":[19],"3":[112],"4":[2],"5":[0],"6":[5000],"7":[0],"8":[0],"9":[21],"10":[16],"11":[5],"12":[4],"13":[1],"14":[0],"15":[17],"16":[35],"17":[35],"18":[35],"19":[17],"20":[0],"21":[0],"22":[0],"23":[4],"24":[2],"25":[2],"26":[0],"27":[2],"28":[21],"29":[20],"30":[19],"31":[2],"32":[1],"33":[19],"34":[0],"35":[0],"36":[4],"37":[112],"38":[336],"39":[0],"40":[112],"41":[0],"42":[336],"43":[5112],"44":[19],"45":[93],"46":[3],"47":[3],"48":[2],"49":[0],"50":[4]},"fnMap":{"0":{"name":"<instance_members_initializer>","decl":{"start":{"line":29,"column":10},"end":{"line":30,"column":52}},"loc":{"start":{"line":29,"column":10},"end":{"line":30,"column":52}},"line":29},"1":{"name":"ColorExtractor","decl":{"start":{"line":32,"column":2},"end":{"line":35,"column":3}},"loc":{"start":{"line":32,"column":2},"end":{"line":35,"column":3}},"line":32},"2":{"name":"getDominantColors","decl":{"start":{"line":42,"column":2},"end":{"line":56,"column":3}},"loc":{"start":{"line":42,"column":2},"end":{"line":56,"column":3}},"line":42},"3":{"name":"getAverageBrightness","decl":{"start":{"line":63,"column":2},"end":{"line":93,"column":3}},"loc":{"start":{"line":63,"column":2},"end":{"line":93,"column":3}},"line":63},"4":{"name":"preprocessImage","decl":{"start":{"line":100,"column":2},"end":{"line":117,"column":3}},"loc":{"start":{"line":100,"column":2},"end":{"line":117,"column":3}},"line":100},"5":{"name":"loadImage","decl":{"start":{"line":124,"column":10},"end":{"line":134,"column":3}},"loc":{"start":{"line":124,"column":10},"end":{"line":134,"column":3}},"line":124},"6":{"name":"img.onload","decl":{"start":{"line":129,"column":19},"end":{"line":129,"column":38}},"loc":{"start":{"line":129,"column":19},"end":{"line":129,"column":38}},"line":129},"7":{"name":"img.onerror","decl":{"start":{"line":130,"column":20},"end":{"line":130,"column":76}},"loc":{"start":{"line":130,"column":20},"end":{"line":130,"column":76}},"line":130},"8":{"name":"waitForImageLoad","decl":{"start":{"line":139,"column":10},"end":{"line":149,"column":3}},"loc":{"start":{"line":139,"column":10},"end":{"line":149,"column":3}},"line":139},"9":{"name":"imageToCanvas","decl":{"start":{"line":154,"column":10},"end":{"line":171,"column":3}},"loc":{"start":{"line":154,"column":10},"end":{"line":171,"column":3}},"line":154},"10":{"name":"resizeCanvas","decl":{"start":{"line":176,"column":10},"end":{"line":197,"column":3}},"loc":{"start":{"line":176,"column":10},"end":{"line":197,"column":3}},"line":176},"11":{"name":"calculateResizedDimensions","decl":{"start":{"line":202,"column":10},"end":{"line":225,"column":3}},"loc":{"start":{"line":202,"column":10},"end":{"line":225,"column":3}},"line":202},"12":{"name":"extractPalette","decl":{"start":{"line":230,"column":2},"end":{"line":253,"column":3}},"loc":{"start":{"line":230,"column":2},"end":{"line":253,"column":3}},"line":230},"13":{"name":"extractFallbackPalette","decl":{"start":{"line":258,"column":10},"end":{"line":287,"column":3}},"loc":{"start":{"line":258,"column":10},"end":{"line":287,"column":3}},"line":258},"14":{"name":"colorDistance","decl":{"start":{"line":292,"column":10},"end":{"line":298,"column":3}},"loc":{"start":{"line":292,"column":10},"end":{"line":298,"column":3}},"line":292},"15":{"name":"rgbToHex","decl":{"start":{"line":303,"column":10},"end":{"line":313,"column":3}},"loc":{"start":{"line":303,"column":10},"end":{"line":313,"column":3}},"line":303},"16":{"name":"calculateVibrancy","decl":{"start":{"line":319,"column":10},"end":{"line":336,"column":3}},"loc":{"start":{"line":319,"column":10},"end":{"line":336,"column":3}},"line":319},"17":{"name":"calculateBrightness","decl":{"start":{"line":342,"column":10},"end":{"line":345,"column":3}},"loc":{"start":{"line":342,"column":10},"end":{"line":345,"column":3}},"line":342},"18":{"name":"sortByVibrancy","decl":{"start":{"line":350,"column":10},"end":{"line":352,"column":3}},"loc":{"start":{"line":350,"column":10},"end":{"line":352,"column":3}},"line":350},"19":{"name":"isGrayscale","decl":{"start":{"line":357,"column":2},"end":{"line":371,"column":3}},"loc":{"start":{"line":357,"column":2},"end":{"line":371,"column":3}},"line":357},"20":{"name":"isSingleColor","decl":{"start":{"line":376,"column":2},"end":{"line":388,"column":3}},"loc":{"start":{"line":376,"column":2},"end":{"line":388,"column":3}},"line":376}},"f":{"0":27,"1":27,"2":19,"3":2,"4":21,"5":35,"6":35,"7":0,"8":0,"9":17,"10":4,"11":21,"12":19,"13":0,"14":4,"15":112,"16":112,"17":5112,"18":19,"19":3,"20":2}}
,"C:\\Users\\weife\\telegram-theme-generator\\src\\core\\color-extraction\\index.ts": {"path":"C:\\Users\\weife\\telegram-theme-generator\\src\\core\\color-extraction\\index.ts","all":true,"statementMap":{"0":{"start":{"line":1,"column":0},"end":{"line":1,"column":110}}},"s":{"0":0},"branchMap":{"0":{"type":"branch","line":1,"loc":{"start":{"line":1,"column":110},"end":{"line":1,"column":110}},"locations":[{"start":{"line":1,"column":110},"end":{"line":1,"column":110}}]}},"b":{"0":[0]},"fnMap":{"0":{"name":"(empty-report)","decl":{"start":{"line":1,"column":110},"end":{"line":1,"column":110}},"loc":{"start":{"line":1,"column":110},"end":{"line":1,"column":110}},"line":1}},"f":{"0":0}}
,"C:\\Users\\weife\\telegram-theme-generator\\src\\types\\colorthief.d.ts": {"path":"C:\\Users\\weife\\telegram-theme-generator\\src\\types\\colorthief.d.ts","all":true,"statementMap":{},"s":{},"branchMap":{"0":{"type":"branch","line":1,"loc":{"start":{"line":1,"column":786},"end":{"line":26,"column":1}},"locations":[{"start":{"line":1,"column":786},"end":{"line":26,"column":1}}]}},"b":{"0":[1]},"fnMap":{"0":{"name":"(empty-report)","decl":{"start":{"line":1,"column":786},"end":{"line":26,"column":1}},"loc":{"start":{"line":1,"column":786},"end":{"line":26,"column":1}},"line":1}},"f":{"0":1}}
}
