TN:
SF:src\components\common\DownloadButton.tsx
FN:70,Notification
FN:156,DownloadButton
FN:186,onStart
FN:187,onSuccess
FN:200,onError
FN:263,buttonContent
FNF:6
FNH:6
FNDA:10,Notification
FNDA:41,DownloadButton
FNDA:13,onStart
FNDA:7,onSuccess
FNDA:3,onError
FNDA:41,buttonContent
DA:1,1
DA:2,1
DA:70,10
DA:71,10
DA:72,10
DA:73,10
DA:74,10
DA:78,10
DA:79,10
DA:80,10
DA:81,10
DA:84,10
DA:86,10
DA:87,10
DA:89,10
DA:90,7
DA:91,7
DA:92,7
DA:93,7
DA:94,7
DA:96,7
DA:97,7
DA:98,7
DA:99,7
DA:100,7
DA:101,7
DA:102,7
DA:104,3
DA:105,3
DA:106,3
DA:107,3
DA:108,3
DA:110,3
DA:111,3
DA:112,3
DA:113,3
DA:114,3
DA:115,3
DA:116,3
DA:118,10
DA:119,10
DA:120,10
DA:121,10
DA:122,10
DA:123,10
DA:125,10
DA:126,10
DA:127,10
DA:128,10
DA:129,10
DA:130,10
DA:131,10
DA:132,10
DA:133,10
DA:134,10
DA:136,10
DA:156,1
DA:157,41
DA:158,41
DA:159,41
DA:160,41
DA:161,41
DA:162,41
DA:163,41
DA:164,41
DA:165,41
DA:166,41
DA:167,41
DA:168,41
DA:169,41
DA:172,41
DA:174,41
DA:175,1
DA:176,41
DA:178,41
DA:179,13
DA:181,13
DA:183,13
DA:184,13
DA:185,13
DA:186,13
DA:187,13
DA:188,7
DA:189,7
DA:190,7
DA:191,7
DA:192,7
DA:193,7
DA:195,7
DA:196,1
DA:197,1
DA:198,7
DA:199,7
DA:200,13
DA:201,3
DA:202,3
DA:203,3
DA:204,3
DA:205,3
DA:206,3
DA:208,3
DA:209,0
DA:210,0
DA:211,3
DA:212,3
DA:213,13
DA:216,13
DA:217,0
DA:218,0
DA:219,0
DA:220,0
DA:221,0
DA:222,0
DA:223,0
DA:224,0
DA:225,0
DA:226,0
DA:227,41
DA:230,41
DA:231,41
DA:236,41
DA:241,41
DA:246,41
DA:249,41
DA:250,41
DA:251,41
DA:252,41
DA:253,41
DA:256,41
DA:257,41
DA:258,41
DA:259,41
DA:260,41
DA:261,41
DA:263,41
DA:264,41
DA:265,41
DA:266,3
DA:267,3
DA:268,3
DA:269,3
DA:270,3
DA:271,3
DA:272,3
DA:274,3
DA:275,3
DA:276,3
DA:277,3
DA:278,3
DA:279,3
DA:280,3
DA:281,3
DA:282,3
DA:283,3
DA:284,3
DA:285,3
DA:286,3
DA:287,3
DA:289,3
DA:291,41
DA:292,8
DA:293,8
DA:294,8
DA:295,8
DA:296,8
DA:297,8
DA:298,8
DA:300,8
DA:301,8
DA:302,8
DA:303,8
DA:304,8
DA:305,8
DA:306,8
DA:308,8
DA:310,41
DA:311,3
DA:312,3
DA:313,3
DA:314,3
DA:315,3
DA:316,3
DA:317,3
DA:319,3
DA:320,3
DA:321,3
DA:322,3
DA:323,3
DA:324,3
DA:325,3
DA:327,3
DA:329,41
DA:330,27
DA:331,27
DA:332,26
DA:333,26
DA:334,26
DA:335,26
DA:336,26
DA:337,26
DA:339,26
DA:340,26
DA:341,26
DA:342,26
DA:343,26
DA:344,26
DA:345,26
DA:347,26
DA:350,41
DA:351,41
DA:353,41
DA:354,41
DA:355,41
DA:356,41
DA:357,41
DA:358,41
DA:359,41
DA:363,41
DA:364,41
DA:365,41
DA:366,41
DA:368,41
DA:369,41
DA:371,41
DA:372,41
DA:373,41
DA:374,10
DA:375,10
DA:376,10
DA:377,10
DA:378,10
DA:380,41
DA:382,41
DA:384,1
LF:234
LH:222
BRDA:70,0,0,10
BRDA:84,1,0,7
BRDA:84,2,0,3
BRDA:89,3,0,7
BRDA:102,4,0,3
BRDA:156,5,0,41
BRDA:259,6,0,1
BRDA:259,7,0,40
BRDA:260,8,0,1
BRDA:260,9,0,40
BRDA:358,10,0,38
BRDA:373,11,0,10
BRDA:174,12,0,1
BRDA:178,13,0,13
BRDA:179,14,0,0
BRDA:213,15,0,10
BRDA:216,16,0,3
BRDA:216,17,0,0
BRDA:186,18,0,13
BRDA:187,19,0,7
BRDA:193,20,0,1
BRDA:195,21,0,1
BRDA:200,22,0,3
BRDA:204,23,0,0
BRDA:206,24,0,1
BRDA:263,25,0,41
BRDA:265,26,0,3
BRDA:291,27,0,8
BRDA:310,28,0,3
BRDA:329,29,0,27
BRDA:331,30,0,26
BRF:31
BRH:28
end_of_record
TN:
SF:src\components\common\ErrorBoundary.tsx
FN:50,ErrorBoundary
FN:55,getDerivedStateFromError
FN:60,componentDidCatch
FN:72,<instance_members_initializer>
FN:72,resetError
FN:76,render
FN:112,DefaultErrorFallback
FN:155,onClick
FN:201,InlineError
FN:320,ErrorState
FNF:10
FNH:9
FNDA:21,ErrorBoundary
FNDA:18,getDerivedStateFromError
FNDA:9,componentDidCatch
FNDA:20,<instance_members_initializer>
FNDA:0,resetError
FNDA:38,render
FNDA:14,DefaultErrorFallback
FNDA:1,onClick
FNDA:8,InlineError
FNDA:12,ErrorState
DA:1,1
DA:2,1
DA:49,1
DA:50,1
DA:51,21
DA:52,21
DA:53,21
DA:55,1
DA:56,18
DA:57,18
DA:58,18
DA:60,1
DA:61,9
DA:62,9
DA:64,9
DA:65,8
DA:66,8
DA:67,8
DA:69,9
DA:70,9
DA:72,1
DA:73,0
DA:74,0
DA:76,1
DA:77,38
DA:78,38
DA:80,38
DA:81,18
DA:82,2
DA:83,2
DA:85,18
DA:86,2
DA:87,2
DA:89,14
DA:90,14
DA:91,14
DA:92,14
DA:93,14
DA:95,14
DA:97,20
DA:98,38
DA:99,1
DA:112,14
DA:113,14
DA:114,14
DA:115,14
DA:116,14
DA:117,14
DA:119,14
DA:120,14
DA:121,14
DA:122,14
DA:123,14
DA:124,14
DA:125,14
DA:127,14
DA:128,14
DA:129,14
DA:130,14
DA:131,14
DA:132,14
DA:133,14
DA:134,14
DA:136,14
DA:138,14
DA:140,14
DA:141,14
DA:142,14
DA:144,14
DA:145,14
DA:146,14
DA:147,14
DA:148,14
DA:149,14
DA:151,14
DA:153,14
DA:154,14
DA:155,14
DA:156,14
DA:157,14
DA:159,14
DA:160,14
DA:162,14
DA:163,0
DA:164,0
DA:166,0
DA:167,0
DA:168,0
DA:169,0
DA:170,0
DA:172,14
DA:174,14
DA:201,1
DA:202,8
DA:203,8
DA:204,8
DA:205,8
DA:206,8
DA:207,8
DA:208,6
DA:209,2
DA:211,8
DA:212,8
DA:213,8
DA:214,8
DA:215,8
DA:217,8
DA:218,8
DA:219,8
DA:220,8
DA:221,8
DA:223,8
DA:224,8
DA:225,8
DA:226,8
DA:227,8
DA:228,8
DA:230,8
DA:231,8
DA:232,8
DA:233,8
DA:235,8
DA:236,2
DA:237,2
DA:238,1
DA:239,1
DA:240,1
DA:241,1
DA:242,1
DA:244,1
DA:246,2
DA:247,1
DA:248,1
DA:249,1
DA:250,1
DA:251,1
DA:253,1
DA:255,2
DA:257,8
DA:259,8
DA:260,1
DA:261,1
DA:262,1
DA:263,1
DA:265,1
DA:266,1
DA:267,1
DA:268,1
DA:269,1
DA:270,1
DA:271,1
DA:272,1
DA:274,8
DA:276,8
DA:320,1
DA:321,12
DA:322,12
DA:323,12
DA:324,12
DA:325,12
DA:326,12
DA:327,12
DA:328,12
DA:329,12
DA:330,12
DA:331,12
DA:332,12
DA:334,12
DA:335,12
DA:336,12
DA:337,12
DA:338,12
DA:339,12
DA:340,12
DA:341,12
DA:343,12
DA:344,12
DA:345,12
DA:346,12
DA:347,12
DA:348,12
DA:349,12
DA:351,12
DA:352,12
DA:353,12
DA:354,12
DA:355,12
DA:356,12
DA:357,12
DA:359,12
DA:361,12
DA:362,12
DA:363,12
DA:364,12
DA:366,12
DA:367,12
DA:369,12
DA:370,12
DA:371,12
DA:372,12
DA:373,12
DA:374,12
DA:376,12
DA:377,12
DA:378,12
DA:380,12
DA:381,12
DA:382,12
DA:384,12
DA:385,12
DA:386,12
DA:388,12
DA:389,3
DA:390,3
DA:391,2
DA:392,2
DA:393,2
DA:394,2
DA:396,2
DA:397,2
DA:399,3
DA:400,2
DA:401,2
DA:402,2
DA:403,2
DA:405,2
DA:406,2
DA:408,3
DA:410,12
DA:412,12
DA:414,1
LF:231
LH:222
BRDA:50,0,0,21
BRDA:55,1,0,18
BRDA:60,2,0,9
BRDA:64,3,0,8
BRDA:69,4,0,1
BRDA:72,5,0,20
BRDA:76,6,0,38
BRDA:80,7,0,18
BRDA:80,8,0,18
BRDA:81,9,0,2
BRDA:83,10,0,16
BRDA:85,11,0,2
BRDA:87,12,0,14
BRDA:95,13,0,20
BRDA:112,14,0,14
BRDA:162,15,0,0
BRDA:155,16,0,1
BRDA:201,17,0,8
BRDA:207,18,0,6
BRDA:208,19,0,2
BRDA:235,20,0,7
BRDA:235,21,0,2
BRDA:237,22,0,1
BRDA:246,23,0,1
BRDA:259,24,0,1
BRDA:320,25,0,12
BRDA:388,26,0,10
BRDA:388,27,0,3
BRDA:390,28,0,2
BRDA:399,29,0,2
BRF:30
BRH:29
end_of_record
TN:
SF:src\components\common\ProcessingSteps.tsx
FN:69,CheckIcon
FN:90,ErrorIcon
FN:111,StepIndicator
FN:196,ProcessingSteps
FNF:4
FNH:4
FNDA:7,CheckIcon
FNDA:3,ErrorIcon
FNDA:33,StepIndicator
FNDA:23,ProcessingSteps
DA:1,1
DA:2,1
DA:69,7
DA:70,7
DA:71,7
DA:72,7
DA:73,7
DA:74,7
DA:75,7
DA:77,7
DA:78,7
DA:79,7
DA:80,7
DA:81,7
DA:82,7
DA:83,7
DA:85,7
DA:90,3
DA:91,3
DA:92,3
DA:93,3
DA:94,3
DA:95,3
DA:96,3
DA:98,3
DA:99,3
DA:100,3
DA:101,3
DA:102,3
DA:103,3
DA:104,3
DA:106,3
DA:111,33
DA:112,33
DA:113,33
DA:114,33
DA:115,33
DA:116,33
DA:117,33
DA:118,33
DA:125,33
DA:126,33
DA:129,33
DA:130,33
DA:131,33
DA:132,7
DA:133,7
DA:134,7
DA:135,7
DA:136,7
DA:137,7
DA:138,33
DA:139,10
DA:140,10
DA:141,10
DA:142,10
DA:143,10
DA:144,10
DA:145,33
DA:146,3
DA:147,3
DA:148,3
DA:149,3
DA:150,3
DA:151,3
DA:152,33
DA:153,13
DA:154,13
DA:155,13
DA:156,13
DA:157,13
DA:158,13
DA:159,33
DA:160,33
DA:162,33
DA:163,33
DA:164,33
DA:165,33
DA:166,33
DA:171,33
DA:172,33
DA:173,33
DA:174,33
DA:175,33
DA:177,33
DA:178,33
DA:181,33
DA:182,1
DA:183,1
DA:184,1
DA:186,33
DA:188,33
DA:196,1
DA:197,23
DA:198,23
DA:199,23
DA:200,23
DA:201,23
DA:202,23
DA:203,23
DA:204,23
DA:205,23
DA:207,23
DA:208,23
DA:209,23
DA:210,23
DA:211,23
DA:212,23
DA:215,23
DA:216,33
DA:217,33
DA:218,33
DA:219,33
DA:220,33
DA:224,33
DA:225,33
DA:226,33
DA:227,33
DA:228,33
DA:229,33
DA:230,33
DA:231,33
DA:232,33
DA:235,33
DA:236,10
DA:237,10
DA:238,9
DA:239,9
DA:240,9
DA:241,9
DA:242,9
DA:243,9
DA:244,9
DA:245,9
DA:247,1
DA:248,1
DA:249,1
DA:250,1
DA:251,1
DA:252,1
DA:253,1
DA:254,1
DA:255,1
DA:257,10
DA:259,33
DA:262,33
DA:263,33
DA:264,33
DA:267,33
DA:268,33
DA:269,33
DA:271,33
DA:272,33
DA:273,33
DA:274,33
DA:277,33
DA:278,33
DA:280,33
DA:281,30
DA:282,30
DA:283,30
DA:285,30
DA:288,30
DA:289,30
DA:292,33
DA:293,1
DA:294,1
DA:295,1
DA:297,1
DA:298,1
DA:300,33
DA:301,33
DA:302,23
DA:303,23
DA:305,23
DA:307,1
LF:176
LH:176
BRDA:69,0,0,7
BRDA:90,1,0,3
BRDA:111,2,0,33
BRDA:181,3,0,10
BRDA:181,4,0,9
BRDA:181,5,0,1
BRDA:129,6,0,33
BRDA:131,7,0,7
BRDA:138,8,0,10
BRDA:145,9,0,3
BRDA:152,10,0,13
BRDA:196,11,0,23
BRDA:211,12,0,22
BRDA:211,13,0,1
BRDA:215,14,0,33
BRDA:219,15,0,31
BRDA:219,16,0,2
BRDA:220,17,0,10
BRDA:220,18,0,9
BRDA:220,19,0,1
BRDA:220,20,0,23
BRDA:235,21,0,10
BRDA:237,22,0,9
BRDA:243,23,0,3
BRDA:243,24,0,6
BRDA:245,25,0,1
BRDA:253,26,0,0
BRDA:264,27,0,31
BRDA:264,28,0,2
BRDA:271,29,0,10
BRDA:271,30,0,23
BRDA:272,31,0,7
BRDA:272,32,0,26
BRDA:273,33,0,13
BRDA:273,34,0,20
BRDA:274,35,0,3
BRDA:274,36,0,30
BRDA:280,37,0,30
BRDA:285,38,0,8
BRDA:285,39,0,22
BRDA:292,40,0,1
BRF:41
BRH:40
end_of_record
TN:
SF:src\components\common\ProgressBar.tsx
FN:88,ProgressBar
FN:260,CircularProgress
FNF:2
FNH:2
FNDA:24,ProgressBar
FNDA:9,CircularProgress
DA:1,1
DA:70,1
DA:71,1
DA:72,1
DA:73,1
DA:74,1
DA:76,1
DA:77,1
DA:78,1
DA:79,1
DA:80,1
DA:81,1
DA:88,1
DA:89,24
DA:90,24
DA:91,24
DA:92,24
DA:93,24
DA:94,24
DA:95,24
DA:96,24
DA:97,24
DA:98,24
DA:99,24
DA:100,24
DA:102,24
DA:103,24
DA:104,22
DA:105,24
DA:108,24
DA:111,24
DA:112,24
DA:113,1
DA:114,1
DA:115,23
DA:116,24
DA:118,24
DA:119,24
DA:121,24
DA:122,3
DA:123,3
DA:124,1
DA:126,3
DA:127,3
DA:131,24
DA:132,24
DA:133,24
DA:134,24
DA:135,24
DA:136,24
DA:137,24
DA:138,24
DA:140,24
DA:144,24
DA:145,24
DA:146,24
DA:148,24
DA:149,24
DA:150,24
DA:152,24
DA:153,24
DA:154,24
DA:155,24
DA:156,0
DA:166,24
DA:167,24
DA:168,24
DA:169,0
DA:170,24
DA:171,2
DA:172,22
DA:173,24
DA:174,24
DA:175,24
DA:178,24
DA:199,24
DA:200,24
DA:202,24
DA:260,1
DA:261,9
DA:262,9
DA:263,9
DA:264,9
DA:265,9
DA:266,9
DA:267,9
DA:268,9
DA:269,9
DA:270,9
DA:271,9
DA:272,9
DA:273,9
DA:274,9
DA:276,9
DA:277,9
DA:278,9
DA:279,9
DA:280,9
DA:281,9
DA:282,9
DA:283,9
DA:284,9
DA:285,9
DA:287,9
DA:288,9
DA:289,9
DA:290,9
DA:291,9
DA:294,9
DA:295,9
DA:296,9
DA:297,9
DA:298,9
DA:299,9
DA:300,9
DA:301,9
DA:304,9
DA:305,9
DA:306,9
DA:307,9
DA:308,9
DA:309,9
DA:310,9
DA:311,9
DA:312,9
DA:313,9
DA:314,9
DA:315,9
DA:316,9
DA:317,9
DA:320,9
DA:321,1
DA:322,1
DA:323,1
DA:325,1
DA:326,1
DA:328,9
DA:330,9
DA:332,1
LF:139
LH:137
BRDA:88,0,0,24
BRDA:108,1,0,1
BRDA:121,2,0,3
BRDA:123,3,0,1
BRDA:134,4,0,2
BRDA:134,5,0,22
BRDA:137,6,0,23
BRDA:148,7,0,23
BRDA:148,8,0,21
BRDA:148,9,0,3
BRDA:149,10,0,2
BRDA:149,11,0,22
BRDA:150,12,0,0
BRDA:153,13,0,2
BRDA:153,14,0,22
BRDA:155,15,0,0
BRDA:167,16,0,0
BRDA:168,17,0,0
BRDA:168,18,0,0
BRDA:170,19,0,2
BRDA:171,20,0,22
BRDA:102,21,0,24
BRDA:103,22,0,2
BRDA:103,23,0,22
BRDA:111,24,0,24
BRDA:112,25,0,1
BRDA:114,26,0,23
BRDA:260,27,0,9
BRDA:280,28,0,3
BRDA:280,29,0,6
BRDA:288,30,0,3
BRDA:288,31,0,6
BRDA:313,32,0,3
BRDA:313,33,0,6
BRDA:320,34,0,2
BRDA:320,35,0,1
BRF:36
BRH:31
end_of_record
TN:
SF:src\components\common\Skeleton.tsx
FN:50,getBorderRadius
FN:68,Skeleton
FN:150,SkeletonAvatar
FN:173,SkeletonButton
FN:197,SkeletonCard
FN:237,SkeletonMessageList
FN:287,SkeletonColorPalette
FN:317,SkeletonThemePreview
FNF:8
FNH:8
FNDA:205,getBorderRadius
FNDA:205,Skeleton
FNDA:54,SkeletonAvatar
FNDA:5,SkeletonButton
FNDA:5,SkeletonCard
FNDA:9,SkeletonMessageList
FNDA:4,SkeletonColorPalette
FNDA:5,SkeletonThemePreview
DA:50,205
DA:51,205
DA:52,205
DA:53,81
DA:54,205
DA:55,11
DA:56,205
DA:57,3
DA:58,205
DA:59,110
DA:60,205
DA:61,205
DA:68,1
DA:69,205
DA:70,205
DA:71,205
DA:72,205
DA:73,205
DA:74,205
DA:75,205
DA:76,205
DA:77,205
DA:78,205
DA:79,205
DA:82,205
DA:83,2
DA:84,2
DA:85,2
DA:86,2
DA:87,2
DA:89,2
DA:90,6
DA:91,6
DA:92,6
DA:93,6
DA:95,6
DA:96,6
DA:98,6
DA:99,6
DA:100,6
DA:101,6
DA:102,6
DA:103,6
DA:104,2
DA:105,2
DA:107,2
DA:109,203
DA:110,203
DA:111,203
DA:112,203
DA:114,205
DA:115,205
DA:116,205
DA:118,205
DA:119,205
DA:120,205
DA:121,205
DA:122,205
DA:124,205
DA:125,1
DA:126,1
DA:127,1
DA:131,205
DA:132,1
DA:141,1
DA:143,205
DA:145,205
DA:150,1
DA:151,54
DA:152,54
DA:153,54
DA:154,54
DA:158,54
DA:159,54
DA:160,54
DA:161,54
DA:162,54
DA:163,54
DA:164,54
DA:165,54
DA:166,54
DA:168,54
DA:173,1
DA:174,5
DA:175,5
DA:176,5
DA:177,5
DA:178,5
DA:183,5
DA:184,5
DA:185,5
DA:186,5
DA:187,5
DA:188,5
DA:189,5
DA:190,5
DA:192,5
DA:197,1
DA:198,5
DA:199,5
DA:200,5
DA:201,5
DA:202,5
DA:207,5
DA:208,5
DA:209,5
DA:210,5
DA:211,5
DA:212,5
DA:215,5
DA:216,5
DA:217,5
DA:218,5
DA:219,5
DA:222,5
DA:223,5
DA:224,5
DA:225,5
DA:226,5
DA:227,5
DA:229,5
DA:235,1
DA:237,1
DA:238,9
DA:239,9
DA:240,9
DA:241,9
DA:245,9
DA:246,9
DA:247,9
DA:248,9
DA:249,9
DA:251,9
DA:252,37
DA:253,37
DA:254,37
DA:255,37
DA:256,37
DA:257,37
DA:259,37
DA:260,37
DA:262,37
DA:265,37
DA:266,20
DA:268,37
DA:269,37
DA:270,37
DA:271,37
DA:272,37
DA:273,37
DA:274,37
DA:275,37
DA:276,37
DA:277,37
DA:279,9
DA:280,9
DA:282,9
DA:287,1
DA:288,4
DA:289,4
DA:290,4
DA:291,4
DA:295,4
DA:296,4
DA:297,4
DA:298,4
DA:299,4
DA:301,4
DA:302,26
DA:303,26
DA:304,26
DA:305,26
DA:306,26
DA:307,26
DA:308,26
DA:309,4
DA:310,4
DA:312,4
DA:317,1
DA:318,5
DA:319,5
DA:320,5
DA:323,5
DA:324,5
DA:325,5
DA:326,5
DA:327,5
DA:330,5
DA:332,5
DA:334,5
DA:335,5
DA:336,20
DA:337,20
DA:338,20
DA:339,20
DA:340,20
DA:341,20
DA:342,20
DA:343,5
DA:344,5
DA:347,5
DA:348,5
DA:349,5
DA:350,5
DA:353,5
DA:354,5
DA:355,5
DA:356,5
DA:357,5
DA:358,5
DA:360,5
DA:362,1
LF:212
LH:212
BRDA:50,0,0,205
BRDA:52,1,0,81
BRDA:54,2,0,11
BRDA:56,3,0,3
BRDA:58,4,0,110
BRDA:68,5,0,205
BRDA:77,6,0,123
BRDA:77,7,0,82
BRDA:78,8,0,194
BRDA:78,9,0,11
BRDA:82,10,0,3
BRDA:82,11,0,2
BRDA:107,12,0,203
BRDA:114,13,0,200
BRDA:114,14,0,3
BRDA:115,15,0,1
BRDA:115,16,0,202
BRDA:119,17,0,81
BRDA:119,18,0,122
BRDA:124,19,0,1
BRDA:131,20,0,1
BRDA:89,21,0,6
BRDA:95,22,0,0
BRDA:96,23,0,0
BRDA:101,24,0,2
BRDA:101,25,0,4
BRDA:150,26,0,54
BRDA:173,27,0,5
BRDA:197,28,0,5
BRDA:212,29,0,1
BRDA:212,30,0,4
BRDA:237,31,0,9
BRDA:251,32,0,37
BRDA:257,33,0,17
BRDA:257,34,0,20
BRDA:262,35,0,17
BRDA:262,36,0,20
BRDA:265,37,0,20
BRDA:287,38,0,4
BRDA:301,39,0,26
BRDA:317,40,0,5
BRDA:335,41,0,20
BRF:42
BRH:40
end_of_record
TN:
SF:src\components\common\Spinner.tsx
FN:47,Spinner
FN:79,DotsSpinner
FN:124,PulseSpinner
FNF:3
FNH:3
FNDA:21,Spinner
FNDA:5,DotsSpinner
FNDA:4,PulseSpinner
DA:29,1
DA:30,1
DA:31,1
DA:32,1
DA:33,1
DA:35,1
DA:36,1
DA:37,1
DA:38,1
DA:39,1
DA:47,1
DA:48,21
DA:49,21
DA:50,21
DA:51,21
DA:52,21
DA:53,21
DA:54,21
DA:55,21
DA:56,21
DA:57,21
DA:58,21
DA:61,21
DA:62,21
DA:63,21
DA:65,21
DA:66,21
DA:67,21
DA:68,21
DA:70,21
DA:71,21
DA:73,21
DA:79,1
DA:80,5
DA:81,5
DA:82,5
DA:83,5
DA:84,5
DA:85,5
DA:86,5
DA:87,5
DA:88,5
DA:89,5
DA:91,5
DA:92,5
DA:93,5
DA:94,5
DA:95,5
DA:97,5
DA:98,5
DA:99,5
DA:100,5
DA:101,5
DA:102,5
DA:104,5
DA:105,15
DA:106,15
DA:107,15
DA:108,15
DA:109,15
DA:110,15
DA:111,15
DA:112,15
DA:113,15
DA:114,5
DA:115,5
DA:116,5
DA:118,5
DA:124,1
DA:125,4
DA:126,4
DA:127,4
DA:128,4
DA:129,4
DA:130,4
DA:131,4
DA:132,4
DA:133,4
DA:134,4
DA:135,4
DA:137,4
DA:138,4
DA:139,4
DA:140,4
DA:141,4
DA:142,4
DA:143,4
DA:144,4
DA:145,4
DA:146,4
DA:148,4
DA:150,1
LF:92
LH:92
BRDA:47,0,0,21
BRDA:79,1,0,5
BRDA:104,2,0,15
BRDA:124,3,0,4
BRF:4
BRH:4
end_of_record
TN:
SF:src\components\common\Toast.tsx
FN:35,Toast
FN:158,onClick
FN:191,StandaloneToast
FN:213,onDismiss
FNF:4
FNH:4
FNDA:36,Toast
FNDA:2,onClick
FNDA:4,StandaloneToast
FNDA:1,onDismiss
DA:1,1
DA:35,1
DA:36,36
DA:39,36
DA:40,36
DA:41,18
DA:42,1
DA:43,18
DA:44,18
DA:45,18
DA:46,36
DA:48,36
DA:49,36
DA:50,36
DA:51,36
DA:52,36
DA:53,36
DA:54,36
DA:55,36
DA:56,36
DA:57,36
DA:58,36
DA:59,36
DA:60,36
DA:61,36
DA:62,36
DA:63,36
DA:64,36
DA:65,36
DA:66,36
DA:67,36
DA:68,36
DA:69,36
DA:71,36
DA:73,36
DA:74,36
DA:75,36
DA:76,36
DA:77,36
DA:78,36
DA:79,36
DA:80,36
DA:82,36
DA:83,36
DA:84,36
DA:85,36
DA:86,36
DA:87,36
DA:88,36
DA:90,36
DA:91,36
DA:92,36
DA:93,36
DA:94,36
DA:95,36
DA:96,36
DA:98,36
DA:99,36
DA:100,36
DA:101,36
DA:102,36
DA:103,36
DA:104,36
DA:106,36
DA:108,36
DA:109,36
DA:110,36
DA:111,36
DA:113,36
DA:117,36
DA:120,36
DA:121,36
DA:122,36
DA:123,36
DA:124,36
DA:125,36
DA:126,36
DA:128,36
DA:129,36
DA:130,36
DA:133,36
DA:134,36
DA:135,2
DA:136,2
DA:137,2
DA:139,36
DA:140,36
DA:141,36
DA:143,36
DA:144,3
DA:145,3
DA:146,3
DA:147,3
DA:149,3
DA:150,3
DA:152,36
DA:155,36
DA:156,34
DA:157,34
DA:158,34
DA:159,34
DA:160,34
DA:162,34
DA:163,34
DA:164,34
DA:165,34
DA:166,34
DA:167,34
DA:168,34
DA:169,34
DA:171,36
DA:173,36
DA:191,1
DA:192,4
DA:193,4
DA:194,4
DA:195,4
DA:196,4
DA:197,4
DA:198,4
DA:199,4
DA:200,4
DA:201,4
DA:202,4
DA:203,4
DA:204,4
DA:205,4
DA:206,4
DA:207,4
DA:209,4
DA:210,4
DA:211,4
DA:212,4
DA:213,4
DA:214,4
DA:215,4
DA:217,4
DA:219,1
LF:138
LH:138
BRDA:35,0,0,36
BRDA:134,1,0,2
BRDA:143,2,0,3
BRDA:155,3,0,34
BRDA:39,4,0,36
BRDA:40,5,0,18
BRDA:40,6,0,18
BRDA:41,7,0,1
BRDA:44,8,0,18
BRDA:158,9,0,2
BRDA:191,10,0,4
BRDA:213,11,0,1
BRF:12
BRH:12
end_of_record
TN:
SF:src\components\common\useProcessingSteps.ts
FN:23,useProcessingSteps
FN:45,startStep
FN:53,updateProgress
FN:59,completeStep
FN:67,failStep
FN:73,reset
FNF:6
FNH:6
FNDA:17,useProcessingSteps
FNDA:6,startStep
FNDA:1,updateProgress
FNDA:5,completeStep
FNDA:1,failStep
FNDA:1,reset
DA:1,1
DA:2,1
DA:23,1
DA:24,17
DA:25,17
DA:26,17
DA:27,17
DA:28,17
DA:30,17
DA:31,17
DA:32,17
DA:33,17
DA:35,17
DA:36,17
DA:37,17
DA:38,17
DA:40,17
DA:41,17
DA:42,17
DA:43,17
DA:45,17
DA:46,6
DA:47,6
DA:48,18
DA:49,6
DA:50,6
DA:51,6
DA:53,17
DA:54,1
DA:55,1
DA:56,1
DA:57,1
DA:59,17
DA:60,5
DA:61,5
DA:62,15
DA:63,5
DA:64,5
DA:65,5
DA:67,17
DA:68,1
DA:69,1
DA:70,1
DA:71,1
DA:73,17
DA:74,1
DA:75,1
DA:76,3
DA:77,3
DA:78,3
DA:79,3
DA:80,1
DA:81,1
DA:82,1
DA:84,17
DA:85,17
DA:86,17
DA:87,17
DA:88,17
DA:89,17
DA:90,17
DA:91,17
DA:92,17
DA:93,17
DA:94,17
DA:95,17
LF:66
LH:66
BRDA:23,0,0,17
BRDA:27,1,0,51
BRDA:31,2,0,17
BRDA:31,3,0,6
BRDA:31,4,0,11
BRDA:31,5,0,40
BRDA:36,6,0,17
BRDA:36,7,0,21
BRDA:41,8,0,17
BRDA:41,9,0,49
BRDA:45,10,0,6
BRDA:46,11,0,6
BRDA:47,12,0,18
BRDA:48,13,0,6
BRDA:48,14,0,12
BRDA:53,15,0,1
BRDA:54,16,0,1
BRDA:55,17,0,3
BRDA:55,18,0,1
BRDA:55,19,0,2
BRDA:59,20,0,5
BRDA:60,21,0,5
BRDA:61,22,0,15
BRDA:62,23,0,5
BRDA:62,24,0,10
BRDA:67,25,0,1
BRDA:68,26,0,1
BRDA:69,27,0,3
BRDA:69,28,0,1
BRDA:69,29,0,2
BRDA:73,30,0,1
BRDA:75,31,0,3
BRF:32
BRH:32
end_of_record
TN:
SF:src\components\common\useToast.tsx
FN:37,generateId
FN:62,ToastContainer
FN:93,ToastProvider
FN:144,useToast
FNF:4
FNH:4
FNDA:19,generateId
FNDA:34,ToastContainer
FNDA:34,ToastProvider
FNDA:34,useToast
DA:2,1
DA:9,1
DA:32,1
DA:37,19
DA:38,19
DA:39,19
DA:62,34
DA:63,34
DA:64,34
DA:65,34
DA:66,34
DA:67,34
DA:68,34
DA:69,34
DA:70,34
DA:72,34
DA:73,19
DA:74,19
DA:76,15
DA:77,15
DA:78,15
DA:79,15
DA:80,15
DA:81,15
DA:83,15
DA:84,18
DA:85,15
DA:86,15
DA:88,15
DA:93,1
DA:94,34
DA:95,34
DA:96,34
DA:97,34
DA:98,34
DA:100,34
DA:101,1
DA:102,34
DA:104,34
DA:105,34
DA:106,19
DA:107,19
DA:108,19
DA:109,19
DA:110,19
DA:111,19
DA:112,19
DA:114,19
DA:115,19
DA:117,19
DA:118,19
DA:120,19
DA:121,19
DA:122,34
DA:123,34
DA:125,34
DA:126,1
DA:127,34
DA:129,34
DA:130,34
DA:131,34
DA:132,34
DA:133,34
DA:134,34
DA:135,34
DA:136,34
DA:137,34
DA:139,34
DA:144,1
DA:145,34
DA:147,34
DA:148,2
DA:149,2
DA:151,32
DA:153,32
DA:154,32
DA:155,1
DA:156,1
DA:157,1
DA:158,1
DA:159,1
DA:160,1
DA:161,32
DA:162,32
DA:164,32
DA:165,32
DA:166,15
DA:167,15
DA:168,32
DA:169,32
DA:171,32
DA:172,32
DA:173,1
DA:174,1
DA:175,32
DA:176,32
DA:178,32
DA:179,32
DA:180,1
DA:181,1
DA:182,32
DA:183,32
DA:185,32
DA:186,32
DA:187,1
DA:188,1
DA:189,32
DA:190,32
DA:192,32
DA:193,32
DA:194,32
DA:195,32
DA:196,32
DA:197,32
DA:198,32
DA:199,32
DA:200,32
DA:201,32
DA:202,32
LF:119
LH:119
BRDA:37,0,0,19
BRDA:62,1,0,34
BRDA:72,2,0,19
BRDA:74,3,0,15
BRDA:83,4,0,18
BRDA:93,5,0,34
BRDA:100,6,0,1
BRDA:101,7,0,1
BRDA:101,8,0,1
BRDA:105,9,0,19
BRDA:110,10,0,18
BRDA:111,11,0,17
BRDA:111,12,0,0
BRDA:114,13,0,19
BRDA:125,14,0,1
BRDA:144,15,0,34
BRDA:147,16,0,2
BRDA:149,17,0,32
BRDA:154,18,0,1
BRDA:165,19,0,15
BRDA:172,20,0,1
BRDA:179,21,0,1
BRDA:186,22,0,1
BRF:23
BRH:22
end_of_record
TN:
SF:src\components\preview\ChatBubble.tsx
FN:8,formatTime
FN:19,ReadStatusIcon
FN:85,ReplyPreview
FN:129,ChatBubble
FNF:4
FNH:4
FNDA:239,formatTime
FNDA:109,ReadStatusIcon
FNDA:34,ReplyPreview
FNDA:241,ChatBubble
DA:1,1
DA:3,1
DA:8,239
DA:9,239
DA:10,239
DA:11,239
DA:12,239
DA:13,239
DA:14,239
DA:19,109
DA:20,109
DA:22,109
DA:23,109
DA:24,1
DA:25,1
DA:26,1
DA:27,1
DA:28,1
DA:29,1
DA:30,1
DA:32,1
DA:33,1
DA:34,1
DA:35,1
DA:36,1
DA:37,1
DA:38,1
DA:39,1
DA:41,109
DA:42,34
DA:43,34
DA:44,34
DA:45,34
DA:46,34
DA:47,34
DA:48,34
DA:50,34
DA:51,34
DA:52,34
DA:53,34
DA:54,34
DA:55,34
DA:56,34
DA:57,34
DA:59,109
DA:60,74
DA:61,74
DA:62,74
DA:63,74
DA:64,74
DA:65,74
DA:66,74
DA:68,74
DA:69,74
DA:70,74
DA:71,74
DA:72,74
DA:73,74
DA:74,74
DA:75,74
DA:77,109
DA:78,0
DA:79,109
DA:80,109
DA:85,34
DA:86,34
DA:87,34
DA:88,34
DA:89,34
DA:90,34
DA:95,34
DA:96,34
DA:97,34
DA:98,34
DA:99,34
DA:101,34
DA:102,34
DA:103,34
DA:104,34
DA:105,34
DA:106,34
DA:107,34
DA:108,34
DA:110,34
DA:111,34
DA:112,34
DA:113,34
DA:114,34
DA:116,34
DA:117,34
DA:118,34
DA:119,34
DA:121,34
DA:129,1
DA:130,241
DA:131,241
DA:132,241
DA:133,241
DA:134,241
DA:135,241
DA:136,241
DA:139,241
DA:140,229
DA:141,2
DA:142,2
DA:143,2
DA:144,2
DA:145,2
DA:147,227
DA:148,227
DA:149,108
DA:150,119
DA:151,229
DA:152,108
DA:153,119
DA:154,229
DA:155,108
DA:156,119
DA:157,229
DA:158,108
DA:159,119
DA:160,229
DA:161,229
DA:162,241
DA:165,241
DA:166,229
DA:169,2
DA:170,2
DA:171,2
DA:172,2
DA:173,2
DA:174,2
DA:175,2
DA:176,2
DA:177,2
DA:178,2
DA:179,2
DA:180,241
DA:183,241
DA:184,2
DA:185,2
DA:186,2
DA:187,2
DA:189,2
DA:190,2
DA:191,2
DA:192,2
DA:193,2
DA:194,2
DA:196,2
DA:197,2
DA:198,2
DA:200,2
DA:202,239
DA:203,239
DA:204,239
DA:205,239
DA:206,241
DA:208,241
DA:209,241
DA:211,241
DA:213,241
DA:214,241
DA:215,241
DA:216,241
DA:219,241
DA:220,2
DA:221,2
DA:222,2
DA:223,2
DA:225,2
DA:226,2
DA:230,241
DA:231,34
DA:232,34
DA:233,34
DA:234,34
DA:235,34
DA:236,34
DA:240,241
DA:241,241
DA:242,241
DA:245,241
DA:246,241
DA:247,241
DA:248,241
DA:249,241
DA:251,241
DA:252,241
DA:254,241
DA:255,109
DA:256,109
DA:257,109
DA:258,109
DA:260,241
DA:261,241
DA:262,241
DA:264,241
DA:266,1
LF:199
LH:198
BRDA:8,0,0,239
BRDA:19,1,0,109
BRDA:23,2,0,1
BRDA:41,3,0,34
BRDA:59,4,0,74
BRDA:77,5,0,0
BRDA:85,6,0,34
BRDA:129,7,0,241
BRDA:183,8,0,2
BRDA:200,9,0,239
BRDA:206,10,0,114
BRDA:206,11,0,125
BRDA:211,12,0,114
BRDA:211,13,0,125
BRDA:219,14,0,3
BRDA:219,15,0,2
BRDA:219,16,0,2
BRDA:230,17,0,34
BRDA:254,18,0,114
BRDA:254,19,0,109
BRDA:139,20,0,229
BRDA:140,21,0,2
BRDA:145,22,0,227
BRDA:148,23,0,108
BRDA:149,24,0,119
BRDA:151,25,0,108
BRDA:152,26,0,119
BRDA:154,27,0,108
BRDA:155,28,0,119
BRDA:157,29,0,108
BRDA:158,30,0,119
BRDA:165,31,0,229
BRDA:166,32,0,3
BRDA:166,33,0,3
BRDA:166,34,0,227
BRDA:166,35,0,2
BRDA:170,36,0,10
BRF:37
BRH:36
end_of_record
TN:
SF:src\components\preview\MessageList.tsx
FN:9,groupMessagesByDate
FN:25,formatDateSeparator
FN:48,DateSeparator
FN:78,TypingIndicator
FN:119,MessageList
FNF:5
FNH:5
FNDA:41,groupMessagesByDate
FNDA:41,formatDateSeparator
FNDA:41,DateSeparator
FNDA:5,TypingIndicator
FNDA:44,MessageList
DA:1,1
DA:2,1
DA:4,1
DA:9,41
DA:10,41
DA:12,41
DA:13,201
DA:14,201
DA:15,201
DA:16,201
DA:17,201
DA:19,41
DA:20,41
DA:25,41
DA:26,41
DA:27,41
DA:28,41
DA:30,41
DA:31,40
DA:32,40
DA:34,8
DA:35,0
DA:36,0
DA:38,1
DA:39,1
DA:40,1
DA:41,1
DA:42,1
DA:43,1
DA:48,41
DA:49,41
DA:50,41
DA:51,41
DA:52,41
DA:56,41
DA:57,41
DA:58,41
DA:59,41
DA:60,41
DA:62,41
DA:63,41
DA:64,41
DA:65,41
DA:66,41
DA:67,41
DA:69,41
DA:70,41
DA:71,41
DA:73,41
DA:78,1
DA:79,5
DA:80,5
DA:81,5
DA:84,5
DA:85,5
DA:86,5
DA:87,5
DA:88,5
DA:90,5
DA:91,5
DA:92,5
DA:94,5
DA:95,5
DA:96,15
DA:97,15
DA:98,15
DA:99,15
DA:100,15
DA:101,15
DA:102,15
DA:103,15
DA:104,15
DA:105,5
DA:106,5
DA:107,5
DA:108,5
DA:110,5
DA:119,1
DA:120,44
DA:121,44
DA:122,44
DA:123,44
DA:124,44
DA:125,44
DA:128,44
DA:129,44
DA:130,44
DA:131,44
DA:134,44
DA:135,41
DA:136,41
DA:137,41
DA:138,44
DA:141,44
DA:142,42
DA:143,42
DA:144,42
DA:145,42
DA:146,44
DA:148,44
DA:149,44
DA:150,44
DA:151,44
DA:152,44
DA:155,44
DA:157,44
DA:158,44
DA:159,44
DA:160,44
DA:162,44
DA:163,41
DA:164,41
DA:165,41
DA:166,41
DA:167,41
DA:168,41
DA:170,41
DA:171,219
DA:172,219
DA:173,219
DA:174,219
DA:175,219
DA:176,219
DA:177,219
DA:178,41
DA:179,41
DA:180,44
DA:181,44
DA:183,44
DA:185,1
LF:130
LH:128
BRDA:9,0,0,41
BRDA:12,1,0,201
BRDA:14,2,0,38
BRDA:25,3,0,41
BRDA:30,4,0,40
BRDA:32,5,0,8
BRDA:32,6,0,1
BRDA:34,7,0,0
BRDA:36,8,0,1
BRDA:48,9,0,41
BRDA:78,10,0,5
BRDA:95,11,0,15
BRDA:119,12,0,44
BRDA:129,13,0,41
BRDA:134,14,0,41
BRDA:141,15,0,42
BRDA:162,16,0,41
BRDA:170,17,0,219
BRDA:175,18,0,1
BRF:19
BRH:18
end_of_record
TN:
SF:src\components\preview\ThemePreview.tsx
FN:99,TitleBar
FN:125,ChatListItem
FN:223,formatChatTime
FN:253,ChatHeader
FN:347,ComposeArea
FN:421,Sidebar
FN:478,onClick
FN:493,ThemePreview
FN:518,handleSelectChat
FNF:9
FNH:9
FNDA:33,TitleBar
FNDA:128,ChatListItem
FNDA:128,formatChatTime
FNDA:33,ChatHeader
FNDA:33,ComposeArea
FNDA:32,Sidebar
FNDA:2,onClick
FNDA:33,ThemePreview
FNDA:2,handleSelectChat
DA:1,1
DA:2,1
DA:4,1
DA:9,1
DA:10,1
DA:11,1
DA:12,1
DA:13,1
DA:14,1
DA:15,1
DA:16,1
DA:17,1
DA:18,1
DA:19,1
DA:20,1
DA:21,1
DA:22,1
DA:23,1
DA:24,1
DA:25,1
DA:26,1
DA:27,1
DA:28,1
DA:29,1
DA:30,1
DA:31,1
DA:32,1
DA:33,1
DA:34,1
DA:35,1
DA:36,1
DA:37,1
DA:38,1
DA:39,1
DA:40,1
DA:41,1
DA:42,1
DA:43,1
DA:44,1
DA:45,1
DA:46,1
DA:47,1
DA:48,1
DA:49,1
DA:50,1
DA:51,1
DA:52,1
DA:53,1
DA:54,1
DA:55,1
DA:56,1
DA:61,1
DA:62,1
DA:63,1
DA:64,1
DA:65,1
DA:66,1
DA:67,1
DA:68,1
DA:69,1
DA:70,1
DA:71,1
DA:72,1
DA:73,1
DA:74,1
DA:75,1
DA:76,1
DA:77,1
DA:78,1
DA:79,1
DA:80,1
DA:81,1
DA:82,1
DA:83,1
DA:84,1
DA:85,1
DA:86,1
DA:87,1
DA:88,1
DA:89,1
DA:90,1
DA:91,1
DA:92,1
DA:93,1
DA:94,1
DA:99,33
DA:100,33
DA:101,33
DA:102,33
DA:103,33
DA:104,33
DA:106,33
DA:107,33
DA:108,33
DA:109,33
DA:110,33
DA:111,33
DA:112,33
DA:113,33
DA:114,33
DA:116,33
DA:117,33
DA:118,33
DA:120,33
DA:125,128
DA:126,128
DA:127,128
DA:128,128
DA:129,128
DA:133,128
DA:134,128
DA:136,128
DA:137,124
DA:138,32
DA:139,92
DA:140,124
DA:141,32
DA:142,92
DA:143,124
DA:144,32
DA:145,92
DA:146,124
DA:147,32
DA:148,92
DA:149,124
DA:150,30
DA:151,94
DA:152,124
DA:153,128
DA:155,128
DA:157,128
DA:158,128
DA:159,128
DA:160,128
DA:164,128
DA:165,128
DA:168,128
DA:169,128
DA:170,128
DA:172,128
DA:173,128
DA:174,32
DA:175,32
DA:176,32
DA:178,128
DA:181,128
DA:182,128
DA:183,128
DA:184,128
DA:185,128
DA:187,128
DA:188,128
DA:189,128
DA:190,128
DA:191,128
DA:193,128
DA:194,128
DA:195,128
DA:196,128
DA:197,128
DA:198,128
DA:199,128
DA:201,128
DA:202,128
DA:203,128
DA:204,64
DA:205,64
DA:206,64
DA:207,64
DA:208,64
DA:209,64
DA:211,64
DA:212,64
DA:214,128
DA:215,128
DA:216,128
DA:218,128
DA:223,128
DA:224,128
DA:225,128
DA:226,128
DA:228,128
DA:229,64
DA:230,64
DA:231,64
DA:232,64
DA:233,64
DA:234,64
DA:236,128
DA:237,32
DA:238,32
DA:240,32
DA:241,32
DA:242,32
DA:244,0
DA:245,0
DA:246,0
DA:247,0
DA:248,0
DA:253,33
DA:254,33
DA:255,33
DA:256,33
DA:257,33
DA:261,33
DA:262,33
DA:263,33
DA:264,33
DA:265,33
DA:266,33
DA:267,33
DA:268,33
DA:269,33
DA:271,33
DA:272,33
DA:273,33
DA:274,33
DA:276,33
DA:277,33
DA:278,33
DA:279,33
DA:280,33
DA:281,33
DA:283,33
DA:284,33
DA:285,33
DA:286,33
DA:287,33
DA:288,33
DA:289,31
DA:290,2
DA:291,33
DA:293,33
DA:294,33
DA:295,33
DA:296,33
DA:299,33
DA:300,33
DA:301,33
DA:302,33
DA:303,33
DA:304,33
DA:306,33
DA:307,33
DA:308,33
DA:309,33
DA:310,33
DA:311,33
DA:312,33
DA:313,33
DA:314,33
DA:315,33
DA:316,33
DA:317,33
DA:319,33
DA:320,33
DA:321,33
DA:322,33
DA:323,33
DA:324,33
DA:325,33
DA:326,33
DA:327,33
DA:328,33
DA:329,33
DA:330,33
DA:332,33
DA:333,33
DA:334,33
DA:335,33
DA:336,33
DA:337,33
DA:338,33
DA:339,33
DA:340,33
DA:342,33
DA:347,33
DA:348,33
DA:349,33
DA:350,33
DA:351,33
DA:352,33
DA:353,33
DA:354,33
DA:355,33
DA:358,33
DA:359,33
DA:360,33
DA:362,33
DA:363,33
DA:364,33
DA:365,33
DA:366,33
DA:367,33
DA:368,33
DA:369,33
DA:370,33
DA:373,33
DA:374,33
DA:375,33
DA:376,33
DA:377,33
DA:378,33
DA:380,33
DA:382,33
DA:383,33
DA:386,33
DA:387,33
DA:388,33
DA:390,33
DA:391,33
DA:392,33
DA:393,33
DA:394,33
DA:395,33
DA:396,33
DA:397,33
DA:398,33
DA:401,33
DA:402,33
DA:403,33
DA:405,33
DA:406,33
DA:407,33
DA:408,33
DA:409,33
DA:410,33
DA:411,33
DA:412,33
DA:413,33
DA:414,33
DA:416,33
DA:421,32
DA:422,32
DA:423,32
DA:424,32
DA:425,32
DA:429,32
DA:430,32
DA:431,32
DA:432,32
DA:433,32
DA:434,32
DA:435,32
DA:436,32
DA:437,32
DA:438,32
DA:441,32
DA:442,32
DA:443,32
DA:445,32
DA:446,32
DA:447,32
DA:449,32
DA:450,32
DA:451,32
DA:452,32
DA:453,32
DA:455,32
DA:456,32
DA:457,32
DA:458,32
DA:459,32
DA:460,32
DA:461,32
DA:462,32
DA:463,32
DA:464,32
DA:465,32
DA:467,32
DA:468,32
DA:469,32
DA:472,32
DA:473,32
DA:474,128
DA:475,128
DA:476,128
DA:477,128
DA:478,128
DA:479,128
DA:480,32
DA:481,32
DA:482,32
DA:484,32
DA:493,1
DA:494,33
DA:495,33
DA:496,33
DA:497,33
DA:498,33
DA:499,33
DA:500,33
DA:503,33
DA:504,33
DA:505,33
DA:506,33
DA:509,33
DA:510,33
DA:511,128
DA:512,128
DA:513,32
DA:514,33
DA:515,33
DA:518,33
DA:519,2
DA:520,2
DA:521,2
DA:522,2
DA:524,33
DA:525,33
DA:526,33
DA:527,33
DA:529,33
DA:530,33
DA:532,33
DA:533,33
DA:534,33
DA:535,33
DA:536,33
DA:539,33
DA:542,33
DA:543,33
DA:545,33
DA:549,33
DA:550,32
DA:551,32
DA:552,32
DA:553,32
DA:554,32
DA:555,32
DA:556,32
DA:560,33
DA:562,33
DA:563,33
DA:564,33
DA:565,33
DA:566,33
DA:569,33
DA:570,33
DA:571,33
DA:572,33
DA:573,33
DA:576,33
DA:577,2
DA:578,2
DA:579,2
DA:580,2
DA:581,2
DA:582,2
DA:586,33
DA:587,33
DA:588,33
DA:589,33
DA:591,33
DA:593,1
LF:455
LH:450
BRDA:99,0,0,33
BRDA:125,1,0,128
BRDA:155,2,0,32
BRDA:173,3,0,32
BRDA:203,4,0,64
BRDA:136,5,0,124
BRDA:137,6,0,32
BRDA:138,7,0,92
BRDA:140,8,0,32
BRDA:141,9,0,92
BRDA:143,10,0,32
BRDA:144,11,0,92
BRDA:146,12,0,32
BRDA:147,13,0,92
BRDA:149,14,0,30
BRDA:150,15,0,94
BRDA:223,16,0,128
BRDA:228,17,0,64
BRDA:236,18,0,32
BRDA:242,19,0,0
BRDA:253,20,0,33
BRDA:288,21,0,31
BRDA:289,22,0,2
BRDA:293,23,0,31
BRDA:293,24,0,2
BRDA:347,25,0,33
BRDA:421,26,0,32
BRDA:473,27,0,128
BRDA:478,28,0,2
BRDA:493,29,0,33
BRDA:529,30,0,32
BRDA:529,31,0,1
BRDA:534,32,0,32
BRDA:534,33,0,1
BRDA:545,34,0,32
BRDA:545,35,0,1
BRDA:549,36,0,32
BRDA:550,37,0,31
BRDA:550,38,0,1
BRDA:576,39,0,2
BRDA:504,40,0,32
BRDA:504,41,0,0
BRDA:504,42,0,34
BRDA:510,43,0,32
BRDA:510,44,0,128
BRDA:518,45,0,2
BRF:46
BRH:44
end_of_record
TN:
SF:src\components\preview\types.ts
FN:304,hexToCSS
FNF:1
FNH:1
FNDA:2903,hexToCSS
DA:198,1
DA:200,1
DA:201,1
DA:202,1
DA:203,1
DA:204,1
DA:205,1
DA:208,1
DA:209,1
DA:210,1
DA:211,1
DA:214,1
DA:215,1
DA:216,1
DA:217,1
DA:218,1
DA:219,1
DA:222,1
DA:223,1
DA:226,1
DA:227,1
DA:228,1
DA:229,1
DA:232,1
DA:233,1
DA:234,1
DA:235,1
DA:238,1
DA:239,1
DA:242,1
DA:243,1
DA:244,1
DA:245,1
DA:246,1
DA:247,1
DA:248,1
DA:249,1
DA:250,1
DA:251,1
DA:252,1
DA:255,1
DA:256,1
DA:257,1
DA:258,1
DA:261,1
DA:262,1
DA:263,1
DA:264,1
DA:267,1
DA:268,1
DA:269,1
DA:270,1
DA:273,1
DA:274,1
DA:275,1
DA:276,1
DA:277,1
DA:280,1
DA:281,1
DA:282,1
DA:285,1
DA:286,1
DA:287,1
DA:288,1
DA:289,1
DA:290,1
DA:291,1
DA:292,1
DA:293,1
DA:294,1
DA:295,1
DA:296,1
DA:297,1
DA:298,1
DA:299,1
DA:304,1
DA:306,2903
DA:309,2903
DA:310,2692
DA:311,2903
DA:313,211
DA:314,211
DA:315,211
DA:316,211
DA:317,211
DA:318,211
DA:320,0
DA:321,0
LF:88
LH:86
BRDA:304,0,0,2903
BRDA:309,1,0,2692
BRDA:311,2,0,211
BRDA:318,3,0,0
BRF:4
BRH:3
end_of_record
TN:
SF:src\components\uploader\ImageUploader.tsx
FN:15,ImageUploader
FN:76,reader.onload
FN:86,reader.onerror
FN:228,formatFileSize
FN:253,onKeyDown
FN:286,onClick
FN:403,onClick
FNF:7
FNH:6
FNDA:84,ImageUploader
FNDA:16,reader.onload
FNDA:0,reader.onerror
FNDA:48,formatFileSize
FNDA:2,onKeyDown
FNDA:2,onClick
FNDA:1,onClick
DA:1,1
DA:2,1
DA:15,1
DA:16,84
DA:17,84
DA:18,84
DA:19,84
DA:20,84
DA:21,84
DA:22,84
DA:23,84
DA:24,84
DA:25,84
DA:26,84
DA:27,84
DA:28,84
DA:30,84
DA:31,84
DA:36,84
DA:37,84
DA:39,23
DA:40,4
DA:41,4
DA:44,23
DA:45,3
DA:46,3
DA:48,16
DA:49,23
DA:50,84
DA:51,84
DA:56,84
DA:57,84
DA:58,16
DA:59,16
DA:60,16
DA:63,16
DA:64,16
DA:65,0
DA:66,0
DA:67,0
DA:68,0
DA:69,0
DA:70,0
DA:71,16
DA:74,16
DA:76,16
DA:77,16
DA:78,16
DA:80,16
DA:81,16
DA:82,16
DA:83,16
DA:84,16
DA:86,16
DA:87,0
DA:88,0
DA:89,0
DA:90,0
DA:91,0
DA:93,16
DA:94,16
DA:95,84
DA:96,84
DA:101,84
DA:102,84
DA:103,23
DA:104,0
DA:105,0
DA:106,0
DA:107,0
DA:109,23
DA:111,23
DA:112,7
DA:113,7
DA:114,7
DA:115,7
DA:116,7
DA:118,16
DA:119,23
DA:120,84
DA:121,84
DA:126,84
DA:127,84
DA:128,22
DA:129,22
DA:130,22
DA:131,84
DA:132,84
DA:137,84
DA:138,4
DA:139,3
DA:140,3
DA:141,84
DA:146,84
DA:147,84
DA:148,2
DA:149,2
DA:150,2
DA:151,2
DA:152,2
DA:153,2
DA:154,84
DA:155,84
DA:160,84
DA:161,84
DA:162,1
DA:163,1
DA:166,1
DA:167,1
DA:168,1
DA:169,1
DA:170,1
DA:171,1
DA:172,84
DA:173,84
DA:178,84
DA:179,84
DA:180,0
DA:181,0
DA:182,0
DA:183,0
DA:184,0
DA:185,0
DA:186,84
DA:187,84
DA:192,84
DA:193,84
DA:194,2
DA:195,2
DA:197,2
DA:198,1
DA:199,1
DA:201,1
DA:202,1
DA:203,2
DA:204,2
DA:205,84
DA:206,84
DA:211,84
DA:212,3
DA:213,3
DA:214,3
DA:215,3
DA:216,3
DA:218,3
DA:219,3
DA:220,3
DA:222,3
DA:223,84
DA:228,84
DA:229,48
DA:230,48
DA:231,47
DA:232,48
DA:234,84
DA:235,84
DA:237,84
DA:238,84
DA:239,84
DA:240,84
DA:241,84
DA:242,84
DA:243,84
DA:244,84
DA:245,84
DA:248,84
DA:249,84
DA:250,84
DA:251,84
DA:252,84
DA:253,84
DA:254,2
DA:255,2
DA:256,2
DA:257,2
DA:258,84
DA:259,84
DA:260,84
DA:261,84
DA:262,84
DA:266,84
DA:267,84
DA:268,84
DA:269,84
DA:270,84
DA:272,84
DA:273,84
DA:276,84
DA:277,13
DA:278,13
DA:279,13
DA:280,13
DA:281,13
DA:282,13
DA:283,13
DA:284,13
DA:285,13
DA:286,13
DA:287,2
DA:288,2
DA:289,2
DA:290,13
DA:291,13
DA:292,13
DA:294,13
DA:295,13
DA:296,13
DA:297,13
DA:298,13
DA:300,13
DA:301,13
DA:302,13
DA:303,13
DA:304,13
DA:305,13
DA:306,13
DA:307,13
DA:308,13
DA:310,13
DA:314,84
DA:315,16
DA:316,16
DA:317,16
DA:318,16
DA:319,16
DA:320,16
DA:321,16
DA:323,16
DA:324,16
DA:325,16
DA:326,16
DA:327,16
DA:328,16
DA:329,16
DA:330,16
DA:331,16
DA:332,16
DA:333,16
DA:334,16
DA:335,16
DA:336,16
DA:337,16
DA:338,16
DA:339,16
DA:340,16
DA:341,16
DA:342,16
DA:343,16
DA:344,16
DA:345,16
DA:346,16
DA:347,16
DA:348,16
DA:352,84
DA:353,48
DA:354,48
DA:355,48
DA:356,48
DA:357,48
DA:358,48
DA:359,48
DA:361,48
DA:362,48
DA:363,48
DA:364,48
DA:365,48
DA:366,48
DA:367,48
DA:368,48
DA:369,48
DA:370,2
DA:372,46
DA:373,46
DA:375,46
DA:377,48
DA:378,48
DA:379,48
DA:380,48
DA:381,48
DA:385,84
DA:386,7
DA:387,7
DA:388,7
DA:389,7
DA:390,7
DA:391,7
DA:393,7
DA:394,7
DA:395,7
DA:396,7
DA:397,7
DA:398,7
DA:399,7
DA:400,7
DA:401,7
DA:402,7
DA:403,7
DA:404,1
DA:405,1
DA:406,1
DA:407,7
DA:408,7
DA:410,7
DA:411,7
DA:413,84
DA:414,84
DA:416,84
DA:418,1
LF:308
LH:287
BRDA:15,0,0,84
BRDA:251,1,0,5
BRDA:251,2,0,79
BRDA:266,3,0,5
BRDA:266,4,0,79
BRDA:267,5,0,2
BRDA:267,6,0,82
BRDA:268,7,0,7
BRDA:268,8,0,77
BRDA:269,9,0,13
BRDA:269,10,0,71
BRDA:270,11,0,46
BRDA:270,12,0,38
BRDA:276,13,0,13
BRDA:276,14,0,13
BRDA:314,15,0,16
BRDA:352,16,0,38
BRDA:352,17,0,48
BRDA:352,18,0,48
BRDA:355,19,0,2
BRDA:355,20,0,46
BRDA:369,21,0,2
BRDA:370,22,0,46
BRDA:385,23,0,7
BRDA:385,24,0,7
BRDA:37,25,0,23
BRDA:39,26,0,4
BRDA:41,27,0,19
BRDA:44,28,0,3
BRDA:46,29,0,16
BRDA:57,30,0,16
BRDA:76,31,0,16
BRDA:102,32,0,23
BRDA:103,33,0,0
BRDA:111,34,0,7
BRDA:111,35,0,7
BRDA:114,36,0,4
BRDA:116,37,0,16
BRDA:127,38,0,22
BRDA:137,39,0,4
BRDA:138,40,0,3
BRDA:147,41,0,2
BRDA:161,42,0,1
BRDA:168,43,0,0
BRDA:193,44,0,2
BRDA:197,45,0,1
BRDA:211,46,0,3
BRDA:222,47,0,1
BRDA:228,48,0,48
BRDA:229,49,0,0
BRDA:230,50,0,1
BRDA:230,51,0,47
BRDA:253,52,0,2
BRDA:254,53,0,1
BRDA:286,54,0,2
BRDA:403,55,0,1
BRF:56
BRH:53
end_of_record
TN:
SF:src\components\uploader\types.ts
FNF:0
FNH:0
DA:4,1
DA:9,1
DA:14,1
DA:29,1
DA:30,1
DA:31,1
DA:32,1
DA:33,1
DA:34,1
LF:9
LH:9
BRF:0
BRH:0
end_of_record
TN:
SF:src\core\color-extraction\ColorExtractor.ts
FN:29,<instance_members_initializer>
FN:32,ColorExtractor
FN:42,getDominantColors
FN:63,getAverageBrightness
FN:100,preprocessImage
FN:124,loadImage
FN:129,img.onload
FN:130,img.onerror
FN:139,waitForImageLoad
FN:154,imageToCanvas
FN:176,resizeCanvas
FN:202,calculateResizedDimensions
FN:230,extractPalette
FN:258,extractFallbackPalette
FN:292,colorDistance
FN:303,rgbToHex
FN:319,calculateVibrancy
FN:342,calculateBrightness
FN:350,sortByVibrancy
FN:357,isGrayscale
FN:376,isSingleColor
FNF:21
FNH:18
FNDA:27,<instance_members_initializer>
FNDA:27,ColorExtractor
FNDA:19,getDominantColors
FNDA:2,getAverageBrightness
FNDA:21,preprocessImage
FNDA:35,loadImage
FNDA:35,img.onload
FNDA:0,img.onerror
FNDA:0,waitForImageLoad
FNDA:17,imageToCanvas
FNDA:4,resizeCanvas
FNDA:21,calculateResizedDimensions
FNDA:19,extractPalette
FNDA:0,extractFallbackPalette
FNDA:4,colorDistance
FNDA:112,rgbToHex
FNDA:112,calculateVibrancy
FNDA:5112,calculateBrightness
FNDA:19,sortByVibrancy
FNDA:3,isGrayscale
FNDA:2,isSingleColor
DA:1,1
DA:18,1
DA:19,1
DA:20,1
DA:21,1
DA:22,1
DA:28,1
DA:29,1
DA:30,27
DA:32,1
DA:33,27
DA:34,27
DA:35,27
DA:42,1
DA:43,19
DA:44,19
DA:45,19
DA:46,19
DA:48,19
DA:49,112
DA:50,112
DA:51,112
DA:52,112
DA:53,19
DA:55,19
DA:56,19
DA:63,1
DA:64,2
DA:65,2
DA:66,2
DA:67,2
DA:69,2
DA:70,0
DA:71,0
DA:73,2
DA:74,2
DA:75,2
DA:76,2
DA:79,2
DA:80,5000
DA:81,5000
DA:82,5000
DA:83,5000
DA:86,5000
DA:88,5000
DA:89,5000
DA:90,5000
DA:92,2
DA:93,2
DA:100,1
DA:101,21
DA:102,21
DA:103,21
DA:105,21
DA:106,16
DA:107,21
DA:108,4
DA:109,5
DA:110,1
DA:111,1
DA:112,0
DA:113,0
DA:114,1
DA:116,17
DA:117,21
DA:124,1
DA:125,35
DA:126,35
DA:127,35
DA:129,35
DA:130,35
DA:132,35
DA:133,35
DA:134,35
DA:139,1
DA:140,0
DA:141,0
DA:142,0
DA:143,0
DA:144,0
DA:146,0
DA:147,0
DA:148,0
DA:149,0
DA:154,1
DA:155,17
DA:156,17
DA:157,17
DA:158,17
DA:160,17
DA:161,17
DA:162,17
DA:164,17
DA:165,17
DA:166,0
DA:167,0
DA:169,17
DA:170,17
DA:171,17
DA:176,1
DA:177,4
DA:178,4
DA:179,4
DA:180,4
DA:182,4
DA:183,2
DA:184,2
DA:186,2
DA:187,2
DA:188,2
DA:190,2
DA:191,4
DA:192,0
DA:193,0
DA:195,2
DA:196,2
DA:197,4
DA:202,1
DA:203,21
DA:204,21
DA:205,21
DA:206,21
DA:208,21
DA:209,19
DA:210,19
DA:212,2
DA:214,21
DA:215,1
DA:216,1
DA:217,1
DA:218,1
DA:219,1
DA:221,1
DA:222,1
DA:223,1
DA:224,1
DA:225,21
DA:230,1
DA:232,19
DA:233,19
DA:235,19
DA:236,19
DA:237,19
DA:238,19
DA:239,19
DA:240,19
DA:242,19
DA:244,0
DA:245,0
DA:246,0
DA:248,19
DA:249,19
DA:251,0
DA:252,0
DA:253,19
DA:258,1
DA:259,0
DA:260,0
DA:261,0
DA:262,0
DA:264,0
DA:265,0
DA:268,0
DA:269,0
DA:271,0
DA:272,0
DA:273,0
DA:274,0
DA:275,0
DA:277,0
DA:278,0
DA:280,0
DA:281,0
DA:282,0
DA:283,0
DA:284,0
DA:286,0
DA:287,0
DA:292,1
DA:293,4
DA:294,4
DA:295,4
DA:296,4
DA:297,4
DA:298,4
DA:303,1
DA:304,112
DA:305,112
DA:306,112
DA:307,112
DA:308,336
DA:309,336
DA:310,112
DA:311,112
DA:313,112
DA:319,1
DA:320,112
DA:322,112
DA:323,112
DA:324,112
DA:327,112
DA:328,112
DA:329,112
DA:333,112
DA:335,112
DA:336,112
DA:342,1
DA:344,5112
DA:345,5112
DA:350,1
DA:351,19
DA:352,19
DA:357,1
DA:358,3
DA:359,3
DA:360,3
DA:362,3
DA:363,3
DA:364,3
DA:365,3
DA:366,3
DA:367,3
DA:368,3
DA:369,3
DA:370,3
DA:371,3
DA:376,1
DA:377,2
DA:378,2
DA:379,2
DA:381,2
DA:384,2
DA:385,2
DA:386,2
DA:387,2
DA:388,2
DA:389,1
DA:391,1
LF:238
LH:194
BRDA:29,0,0,27
BRDA:32,1,0,27
BRDA:42,2,0,19
BRDA:48,3,0,112
BRDA:63,4,0,2
BRDA:69,5,0,0
BRDA:79,6,0,5000
BRDA:86,7,0,0
BRDA:92,8,0,0
BRDA:100,9,0,21
BRDA:105,10,0,16
BRDA:107,11,0,5
BRDA:107,12,0,4
BRDA:109,13,0,1
BRDA:111,14,0,0
BRDA:114,15,0,17
BRDA:124,16,0,35
BRDA:125,17,0,35
BRDA:129,18,0,35
BRDA:154,19,0,17
BRDA:156,20,0,0
BRDA:157,21,0,0
BRDA:165,22,0,0
BRDA:176,23,0,4
BRDA:182,24,0,2
BRDA:182,25,0,2
BRDA:191,26,0,0
BRDA:193,27,0,2
BRDA:202,28,0,21
BRDA:208,29,0,20
BRDA:208,30,0,19
BRDA:210,31,0,2
BRDA:214,32,0,1
BRDA:230,33,0,19
BRDA:242,34,0,0
BRDA:249,35,0,0
BRDA:292,36,0,4
BRDA:303,37,0,112
BRDA:307,38,0,336
BRDA:309,39,0,0
BRDA:319,40,0,112
BRDA:329,41,0,0
BRDA:320,42,0,336
BRDA:342,43,0,5112
BRDA:350,44,0,19
BRDA:351,45,0,93
BRDA:357,46,0,3
BRDA:362,47,0,3
BRDA:376,48,0,2
BRDA:381,49,0,0
BRDA:386,50,0,4
BRF:51
BRH:38
end_of_record
TN:
SF:src\core\contrast\ContrastOptimizer.ts
FN:32,<instance_members_initializer>
FN:36,ContrastOptimizer
FN:61,calculateContrastRatio
FN:81,getRelativeLuminance
FN:109,ensureContrast
FN:162,meetsStandard
FN:177,getTargetRatio
FN:190,optimizeThemePairs
FN:216,binarySearchAdjust
FN:303,hexToRgb
FN:316,rgbToHex
FN:331,hexToHsl
FN:339,rgbToHsl
FN:377,hslToHex
FN:385,hslToRgb
FN:395,hue2rgb
FN:418,normalizeHex
FN:444,adjustLightness
FN:457,setLightness
FNF:19
FNH:19
FNDA:81,<instance_members_initializer>
FNDA:81,ContrastOptimizer
FNDA:177,calculateContrastRatio
FNDA:384,getRelativeLuminance
FNDA:17,ensureContrast
FNDA:9,meetsStandard
FNDA:23,getTargetRatio
FNDA:2,optimizeThemePairs
FNDA:15,binarySearchAdjust
FNDA:427,hexToRgb
FNDA:155,rgbToHex
FNDA:40,hexToHsl
FNDA:40,rgbToHsl
FNDA:151,hslToHex
FNDA:151,hslToRgb
FNDA:90,hue2rgb
FNDA:463,normalizeHex
FNDA:4,adjustLightness
FNDA:3,setLightness
DA:1,1
DA:31,1
DA:32,1
DA:36,1
DA:37,81
DA:38,81
DA:39,81
DA:40,81
DA:41,81
DA:42,81
DA:43,81
DA:44,81
DA:61,1
DA:62,177
DA:63,177
DA:65,177
DA:66,177
DA:69,177
DA:70,177
DA:81,1
DA:82,384
DA:85,384
DA:86,384
DA:87,384
DA:90,384
DA:91,384
DA:92,384
DA:95,384
DA:96,384
DA:109,1
DA:110,17
DA:111,17
DA:114,17
DA:115,2
DA:116,2
DA:117,2
DA:118,2
DA:119,2
DA:120,2
DA:121,2
DA:122,2
DA:123,2
DA:124,2
DA:125,2
DA:126,2
DA:129,15
DA:130,17
DA:133,17
DA:134,17
DA:135,17
DA:136,17
DA:137,17
DA:138,17
DA:140,17
DA:141,17
DA:142,17
DA:143,17
DA:144,17
DA:145,17
DA:146,17
DA:147,17
DA:148,17
DA:149,17
DA:150,17
DA:151,17
DA:162,1
DA:163,9
DA:164,9
DA:165,9
DA:166,9
DA:167,9
DA:168,9
DA:169,9
DA:170,9
DA:171,9
DA:172,9
DA:177,1
DA:178,23
DA:179,23
DA:180,23
DA:181,23
DA:190,1
DA:191,2
DA:192,2
DA:193,2
DA:194,2
DA:196,2
DA:197,3
DA:198,3
DA:200,3
DA:201,2
DA:202,2
DA:203,2
DA:204,3
DA:206,2
DA:207,2
DA:216,1
DA:217,15
DA:218,15
DA:219,15
DA:220,15
DA:221,15
DA:222,15
DA:223,15
DA:226,15
DA:227,15
DA:229,15
DA:230,3
DA:231,3
DA:232,15
DA:233,12
DA:234,12
DA:235,12
DA:237,15
DA:238,15
DA:241,15
DA:242,125
DA:243,125
DA:244,125
DA:245,125
DA:247,125
DA:250,125
DA:251,67
DA:252,67
DA:255,67
DA:256,11
DA:257,67
DA:258,56
DA:259,56
DA:260,125
DA:262,58
DA:263,9
DA:264,58
DA:265,49
DA:266,49
DA:267,58
DA:270,125
DA:271,6
DA:272,6
DA:273,6
DA:274,6
DA:275,125
DA:278,15
DA:279,0
DA:280,0
DA:281,0
DA:283,0
DA:284,0
DA:285,0
DA:286,0
DA:287,0
DA:289,15
DA:290,15
DA:291,15
DA:292,15
DA:293,15
DA:294,15
DA:303,1
DA:304,427
DA:306,427
DA:307,427
DA:308,427
DA:309,427
DA:310,427
DA:311,427
DA:316,1
DA:317,155
DA:318,155
DA:319,155
DA:321,155
DA:322,155
DA:323,155
DA:324,155
DA:326,155
DA:331,1
DA:332,40
DA:333,40
DA:334,40
DA:339,1
DA:340,40
DA:341,40
DA:342,40
DA:344,40
DA:345,40
DA:346,40
DA:347,40
DA:348,40
DA:350,40
DA:351,17
DA:352,17
DA:354,17
DA:355,17
DA:356,11
DA:357,11
DA:358,17
DA:359,1
DA:360,1
DA:361,17
DA:362,5
DA:363,5
DA:364,17
DA:365,17
DA:367,40
DA:368,40
DA:369,40
DA:370,40
DA:371,40
DA:372,40
DA:377,1
DA:378,151
DA:379,151
DA:380,151
DA:385,1
DA:386,151
DA:387,151
DA:388,151
DA:390,151
DA:391,121
DA:392,121
DA:393,121
DA:395,30
DA:396,90
DA:397,90
DA:398,90
DA:399,90
DA:400,90
DA:401,90
DA:402,31
DA:403,90
DA:405,151
DA:406,151
DA:408,151
DA:409,151
DA:410,151
DA:411,151
DA:412,151
DA:413,151
DA:418,1
DA:419,463
DA:422,463
DA:423,2
DA:424,2
DA:425,2
DA:426,2
DA:427,2
DA:430,463
DA:431,2
DA:432,2
DA:434,463
DA:435,463
DA:444,1
DA:445,4
DA:446,4
DA:447,4
DA:448,4
DA:457,1
DA:458,3
DA:459,3
DA:460,3
DA:461,3
DA:462,1
DA:467,1
LF:262
LH:254
BRDA:32,0,0,81
BRDA:36,1,0,81
BRDA:38,2,0,76
BRDA:39,3,0,77
BRDA:40,4,0,80
BRDA:41,5,0,80
BRDA:61,6,0,177
BRDA:81,7,0,384
BRDA:90,8,0,32
BRDA:90,9,0,352
BRDA:91,10,0,38
BRDA:91,11,0,346
BRDA:92,12,0,40
BRDA:92,13,0,344
BRDA:109,14,0,17
BRDA:110,15,0,16
BRDA:114,16,0,2
BRDA:126,17,0,15
BRDA:130,18,0,13
BRDA:162,19,0,9
BRDA:169,20,0,1
BRDA:170,21,0,1
BRDA:177,22,0,23
BRDA:178,23,0,22
BRDA:179,24,0,22
BRDA:190,25,0,2
BRDA:196,26,0,3
BRDA:200,27,0,2
BRDA:200,28,0,2
BRDA:216,29,0,15
BRDA:229,30,0,3
BRDA:232,31,0,12
BRDA:241,32,0,134
BRDA:241,33,0,125
BRDA:250,34,0,67
BRDA:255,35,0,11
BRDA:257,36,0,56
BRDA:260,37,0,58
BRDA:262,38,0,9
BRDA:264,39,0,49
BRDA:270,40,0,6
BRDA:278,41,0,0
BRDA:303,42,0,427
BRDA:316,43,0,155
BRDA:331,44,0,40
BRDA:339,45,0,40
BRDA:350,46,0,17
BRDA:352,47,0,4
BRDA:352,48,0,13
BRDA:355,49,0,11
BRDA:356,50,0,0
BRDA:358,51,0,1
BRDA:361,52,0,5
BRDA:377,53,0,151
BRDA:385,54,0,151
BRDA:390,55,0,121
BRDA:393,56,0,30
BRDA:405,57,0,19
BRDA:405,58,0,11
BRDA:395,59,0,90
BRDA:397,60,0,10
BRDA:398,61,0,0
BRDA:399,62,0,11
BRDA:399,63,0,79
BRDA:400,64,0,30
BRDA:400,65,0,49
BRDA:401,66,0,18
BRDA:401,67,0,31
BRDA:418,68,0,463
BRDA:422,69,0,2
BRDA:430,70,0,2
BRDA:425,71,0,6
BRDA:444,72,0,4
BRDA:457,73,0,3
BRF:74
BRH:71
end_of_record
TN:
SF:src\core\contrast\wcag-standards.ts
FNF:0
FNH:0
DA:27,1
DA:28,1
DA:29,1
DA:30,1
DA:31,1
DA:32,1
DA:33,1
DA:34,1
DA:35,1
DA:36,1
DA:41,1
DA:43,1
DA:45,1
DA:47,1
DA:49,1
DA:51,1
DA:53,1
DA:54,1
DA:145,1
DA:146,1
DA:147,1
DA:148,1
DA:149,1
DA:150,1
DA:151,1
DA:152,1
DA:153,1
DA:154,1
DA:155,1
DA:156,1
LF:30
LH:30
BRF:0
BRH:0
end_of_record
TN:
SF:src\core\theme-generation\TelegramThemeBuilder.ts
FN:44,<instance_members_initializer>
FN:48,TelegramThemeBuilder
FN:66,buildTheme
FN:96,mapColorsToProperties
FN:424,generateThemeContent
FN:447,validateTheme
FN:455,convertToSimpleValidation
FN:486,getValidator
FN:493,createThemeFile
FN:500,createDownloadUrl
FN:508,getFilename
FN:521,normalizeColor
FN:528,addAlpha
FN:540,lightenColor
FN:555,darkenColor
FN:570,hexToRgb
FN:583,rgbToHex
FN:595,getErrorColor
FN:602,isValidColorFormat
FN:610,getMode
FN:617,getName
FNF:21
FNH:19
FNDA:57,<instance_members_initializer>
FNDA:57,TelegramThemeBuilder
FNDA:35,buildTheme
FNDA:35,mapColorsToProperties
FNDA:35,generateThemeContent
FNDA:3,validateTheme
FNDA:38,convertToSimpleValidation
FNDA:0,getValidator
FNDA:2,createThemeFile
FNDA:1,createDownloadUrl
FNDA:3,getFilename
FNDA:1601,normalizeColor
FNDA:840,addAlpha
FNDA:233,lightenColor
FNDA:73,darkenColor
FNDA:306,hexToRgb
FNDA:306,rgbToHex
FNDA:245,getErrorColor
FNDA:0,isValidColorFormat
FNDA:3,getMode
FNDA:2,getName
DA:1,1
DA:6,1
DA:43,1
DA:44,1
DA:45,57
DA:46,57
DA:48,1
DA:49,57
DA:50,57
DA:51,57
DA:52,57
DA:53,57
DA:55,57
DA:56,57
DA:58,57
DA:59,57
DA:66,1
DA:68,35
DA:71,35
DA:72,35
DA:73,35
DA:74,35
DA:77,35
DA:80,35
DA:81,35
DA:83,35
DA:84,35
DA:85,35
DA:86,35
DA:87,35
DA:88,35
DA:89,35
DA:90,35
DA:96,1
DA:97,35
DA:100,35
DA:101,35
DA:102,35
DA:103,35
DA:104,35
DA:105,35
DA:106,35
DA:107,35
DA:108,35
DA:109,35
DA:110,35
DA:111,35
DA:112,35
DA:115,35
DA:116,35
DA:117,35
DA:118,35
DA:119,35
DA:120,35
DA:121,35
DA:122,35
DA:123,35
DA:124,35
DA:125,35
DA:126,35
DA:129,35
DA:130,35
DA:131,35
DA:132,35
DA:135,35
DA:136,35
DA:139,35
DA:140,35
DA:141,35
DA:144,35
DA:145,35
DA:146,35
DA:147,35
DA:148,35
DA:149,35
DA:150,35
DA:151,35
DA:154,35
DA:155,35
DA:156,35
DA:157,35
DA:160,35
DA:161,35
DA:162,35
DA:163,35
DA:164,35
DA:165,35
DA:166,35
DA:167,35
DA:168,35
DA:169,35
DA:170,35
DA:171,35
DA:172,35
DA:173,35
DA:174,35
DA:175,35
DA:176,35
DA:177,35
DA:178,35
DA:179,35
DA:180,35
DA:181,35
DA:182,35
DA:183,35
DA:184,35
DA:185,35
DA:186,35
DA:187,35
DA:188,35
DA:189,35
DA:190,35
DA:191,35
DA:192,35
DA:193,35
DA:194,35
DA:195,35
DA:196,35
DA:197,35
DA:198,35
DA:199,35
DA:200,35
DA:201,35
DA:202,35
DA:203,35
DA:204,35
DA:205,35
DA:208,35
DA:209,35
DA:212,35
DA:213,35
DA:214,35
DA:215,35
DA:218,35
DA:219,35
DA:220,35
DA:221,35
DA:222,35
DA:223,35
DA:224,35
DA:227,35
DA:228,3
DA:229,32
DA:230,35
DA:231,35
DA:232,35
DA:233,35
DA:234,35
DA:235,35
DA:236,35
DA:237,35
DA:240,35
DA:241,3
DA:242,32
DA:243,35
DA:244,35
DA:245,35
DA:246,35
DA:247,35
DA:248,35
DA:249,35
DA:250,35
DA:253,35
DA:254,35
DA:255,35
DA:258,35
DA:259,35
DA:262,35
DA:263,35
DA:264,35
DA:265,35
DA:266,35
DA:267,35
DA:268,35
DA:269,35
DA:272,35
DA:273,35
DA:276,35
DA:277,35
DA:278,35
DA:279,35
DA:282,35
DA:283,35
DA:284,35
DA:285,35
DA:286,35
DA:287,35
DA:288,35
DA:289,35
DA:290,35
DA:291,35
DA:292,35
DA:293,35
DA:296,35
DA:297,35
DA:298,35
DA:299,35
DA:300,35
DA:301,35
DA:304,35
DA:305,35
DA:306,35
DA:307,35
DA:308,35
DA:309,35
DA:310,35
DA:311,35
DA:314,35
DA:315,35
DA:316,35
DA:319,35
DA:320,35
DA:321,35
DA:322,35
DA:325,35
DA:326,35
DA:327,35
DA:328,35
DA:329,35
DA:330,35
DA:331,35
DA:334,35
DA:335,35
DA:336,35
DA:337,35
DA:338,35
DA:339,35
DA:340,35
DA:341,35
DA:342,35
DA:345,35
DA:346,35
DA:347,35
DA:348,35
DA:349,35
DA:350,35
DA:351,35
DA:352,35
DA:353,35
DA:354,35
DA:355,35
DA:356,35
DA:357,35
DA:358,35
DA:359,35
DA:360,35
DA:363,35
DA:364,35
DA:365,35
DA:368,35
DA:371,35
DA:372,35
DA:373,35
DA:374,35
DA:377,35
DA:380,35
DA:381,35
DA:382,35
DA:383,35
DA:384,35
DA:385,35
DA:386,35
DA:387,35
DA:388,35
DA:389,35
DA:390,35
DA:391,35
DA:394,35
DA:395,35
DA:396,35
DA:397,35
DA:398,35
DA:399,35
DA:400,35
DA:403,35
DA:404,35
DA:405,35
DA:406,35
DA:407,35
DA:408,35
DA:409,35
DA:410,35
DA:411,35
DA:412,35
DA:415,35
DA:416,35
DA:418,35
DA:419,35
DA:424,1
DA:425,35
DA:426,35
DA:427,35
DA:428,35
DA:429,35
DA:430,35
DA:433,35
DA:435,35
DA:436,11200
DA:437,11200
DA:438,11200
DA:440,35
DA:441,35
DA:447,1
DA:448,3
DA:449,3
DA:450,3
DA:455,1
DA:456,38
DA:457,38
DA:458,38
DA:460,38
DA:461,640
DA:462,640
DA:463,0
DA:465,640
DA:466,32
DA:467,32
DA:468,31
DA:469,31
DA:470,640
DA:471,608
DA:472,608
DA:473,640
DA:475,38
DA:476,38
DA:477,38
DA:478,38
DA:479,38
DA:480,38
DA:481,38
DA:486,1
DA:487,0
DA:488,0
DA:493,1
DA:494,2
DA:495,2
DA:500,1
DA:501,1
DA:502,1
DA:503,1
DA:508,1
DA:509,3
DA:510,3
DA:511,3
DA:512,3
DA:513,3
DA:514,3
DA:521,1
DA:522,1601
DA:523,1601
DA:528,1
DA:529,840
DA:531,840
DA:532,0
DA:533,0
DA:534,840
DA:535,840
DA:540,1
DA:541,233
DA:542,233
DA:544,233
DA:545,699
DA:546,699
DA:547,233
DA:549,233
DA:550,233
DA:555,1
DA:556,73
DA:557,73
DA:559,73
DA:560,219
DA:561,219
DA:562,73
DA:564,73
DA:565,73
DA:570,1
DA:571,306
DA:572,306
DA:573,306
DA:574,306
DA:575,306
DA:576,306
DA:577,306
DA:578,306
DA:583,1
DA:584,306
DA:585,306
DA:586,918
DA:587,918
DA:588,306
DA:589,306
DA:590,306
DA:595,1
DA:596,245
DA:597,245
DA:602,1
DA:604,0
DA:605,0
DA:610,1
DA:611,3
DA:612,3
DA:617,1
DA:618,2
DA:619,2
DA:620,1
DA:622,1
LF:406
LH:399
BRDA:44,0,0,57
BRDA:48,1,0,57
BRDA:50,2,0,53
BRDA:51,3,0,53
BRDA:52,4,0,55
BRDA:56,5,0,4
BRDA:56,6,0,53
BRDA:66,7,0,35
BRDA:96,8,0,35
BRDA:227,9,0,3
BRDA:228,10,0,32
BRDA:234,11,0,3
BRDA:234,12,0,32
BRDA:235,13,0,3
BRDA:235,14,0,32
BRDA:236,15,0,3
BRDA:236,16,0,32
BRDA:237,17,0,3
BRDA:237,18,0,32
BRDA:240,19,0,3
BRDA:241,20,0,32
BRDA:264,21,0,3
BRDA:264,22,0,32
BRDA:265,23,0,3
BRDA:265,24,0,32
BRDA:266,25,0,3
BRDA:266,26,0,32
BRDA:267,27,0,3
BRDA:267,28,0,32
BRDA:268,29,0,3
BRDA:268,30,0,32
BRDA:269,31,0,3
BRDA:269,32,0,32
BRDA:278,33,0,3
BRDA:278,34,0,32
BRDA:279,35,0,3
BRDA:279,36,0,32
BRDA:310,37,0,3
BRDA:310,38,0,32
BRDA:311,39,0,3
BRDA:311,40,0,32
BRDA:424,41,0,35
BRDA:435,42,0,11200
BRDA:447,43,0,3
BRDA:455,44,0,38
BRDA:460,45,0,640
BRDA:462,46,0,0
BRDA:465,47,0,32
BRDA:467,48,0,31
BRDA:468,49,0,0
BRDA:470,50,0,608
BRDA:493,51,0,2
BRDA:500,52,0,1
BRDA:508,53,0,3
BRDA:521,54,0,1601
BRDA:528,55,0,840
BRDA:531,56,0,0
BRDA:540,57,0,233
BRDA:544,58,0,699
BRDA:555,59,0,73
BRDA:559,60,0,219
BRDA:570,61,0,306
BRDA:583,62,0,306
BRDA:585,63,0,918
BRDA:587,64,0,3
BRDA:587,65,0,915
BRDA:595,66,0,245
BRDA:596,67,0,21
BRDA:596,68,0,224
BRDA:610,69,0,3
BRDA:617,70,0,2
BRF:71
BRH:68
end_of_record
TN:
SF:src\core\theme-generation\ThemeValidator.ts
FN:131,<instance_members_initializer>
FN:134,ThemeValidator
FN:151,validate
FN:207,validateRequiredProperties
FN:228,validateColorFormats
FN:249,validateOptionalProperties
FN:270,validateUnknownProperties
FN:294,validateColorContrast
FN:308,validateSemanticConsistency
FN:319,calculateSummary
FN:348,calculateCategoryCoverage
FN:379,calculateScore
FN:407,isValidColorFormat
FN:415,addRule
FN:423,removeRule
FN:430,getPropertyDefinition
FN:437,isRequired
FN:444,getPropertiesByCategory
FN:452,toSimpleResult
FNF:19
FNH:17
FNDA:104,<instance_members_initializer>
FNDA:104,ThemeValidator
FNDA:73,validate
FNDA:73,validateRequiredProperties
FNDA:73,validateColorFormats
FNDA:73,validateOptionalProperties
FNDA:72,validateUnknownProperties
FNDA:0,validateColorContrast
FNDA:0,validateSemanticConsistency
FNDA:73,calculateSummary
FNDA:73,calculateCategoryCoverage
FNDA:73,calculateScore
FNDA:19255,isValidColorFormat
FNDA:2,addRule
FNDA:1,removeRule
FNDA:2,getPropertyDefinition
FNDA:2,isRequired
FNDA:1,getPropertiesByCategory
FNDA:3,toSimpleResult
DA:1,1
DA:130,1
DA:131,1
DA:132,104
DA:134,1
DA:135,104
DA:136,104
DA:137,104
DA:138,104
DA:139,104
DA:140,104
DA:141,104
DA:143,104
DA:144,104
DA:151,1
DA:152,73
DA:153,73
DA:154,73
DA:157,73
DA:158,73
DA:159,73
DA:161,73
DA:162,72
DA:163,72
DA:165,73
DA:166,0
DA:167,0
DA:169,73
DA:170,0
DA:171,0
DA:174,73
DA:175,3
DA:176,3
DA:177,5
DA:178,2
DA:179,5
DA:180,2
DA:181,3
DA:182,1
DA:183,1
DA:184,5
DA:185,3
DA:188,73
DA:191,73
DA:193,73
DA:194,73
DA:195,73
DA:196,73
DA:197,73
DA:198,73
DA:199,73
DA:200,73
DA:201,73
DA:202,73
DA:207,1
DA:208,73
DA:210,73
DA:211,1168
DA:212,156
DA:213,156
DA:214,156
DA:215,156
DA:216,156
DA:217,156
DA:218,156
DA:219,156
DA:220,1168
DA:222,73
DA:223,73
DA:228,1
DA:229,73
DA:231,73
DA:232,19255
DA:233,5
DA:234,5
DA:235,5
DA:236,5
DA:237,5
DA:238,5
DA:239,5
DA:240,5
DA:241,19255
DA:243,73
DA:244,73
DA:249,1
DA:250,73
DA:251,73
DA:253,73
DA:254,23360
DA:255,3952
DA:256,3952
DA:257,3952
DA:258,3952
DA:259,3952
DA:260,3952
DA:261,3952
DA:262,23360
DA:264,73
DA:265,73
DA:270,1
DA:271,72
DA:272,72
DA:274,72
DA:275,18934
DA:276,2
DA:277,2
DA:278,2
DA:279,2
DA:280,2
DA:281,2
DA:282,2
DA:283,2
DA:284,18934
DA:286,72
DA:287,72
DA:294,1
DA:300,0
DA:301,0
DA:308,1
DA:313,0
DA:314,0
DA:319,1
DA:320,73
DA:321,73
DA:322,73
DA:323,73
DA:324,73
DA:325,73
DA:328,73
DA:330,73
DA:331,73
DA:332,73
DA:334,73
DA:335,73
DA:336,73
DA:337,73
DA:338,73
DA:339,73
DA:340,73
DA:341,73
DA:342,73
DA:343,73
DA:348,1
DA:349,73
DA:350,73
DA:351,73
DA:352,73
DA:353,73
DA:354,73
DA:355,73
DA:356,73
DA:357,73
DA:358,73
DA:359,73
DA:360,73
DA:361,73
DA:362,73
DA:364,73
DA:366,73
DA:367,730
DA:368,730
DA:369,730
DA:370,730
DA:371,730
DA:373,73
DA:374,73
DA:379,1
DA:380,73
DA:381,73
DA:382,73
DA:383,73
DA:384,73
DA:387,73
DA:390,73
DA:393,73
DA:394,60
DA:395,73
DA:396,13
DA:397,13
DA:400,73
DA:401,73
DA:407,1
DA:408,19255
DA:409,19255
DA:415,1
DA:416,2
DA:417,2
DA:423,1
DA:424,1
DA:425,1
DA:430,1
DA:431,2
DA:432,2
DA:437,1
DA:438,2
DA:439,2
DA:444,1
DA:445,1
DA:446,1
DA:452,1
DA:457,3
DA:458,3
DA:459,3
DA:460,3
DA:461,3
DA:462,3
DA:463,3
DA:464,3
DA:465,3
DA:466,3
DA:467,1
DA:469,1
LF:212
LH:204
BRDA:131,0,0,104
BRDA:134,1,0,104
BRDA:136,2,0,103
BRDA:137,3,0,103
BRDA:138,4,0,102
BRDA:139,5,0,101
BRDA:140,6,0,102
BRDA:151,7,0,73
BRDA:161,8,0,72
BRDA:165,9,0,0
BRDA:169,10,0,0
BRDA:174,11,0,3
BRDA:176,12,0,5
BRDA:177,13,0,2
BRDA:179,14,0,3
BRDA:179,15,0,2
BRDA:181,16,0,1
BRDA:194,17,0,56
BRDA:207,18,0,73
BRDA:210,19,0,1168
BRDA:211,20,0,156
BRDA:228,21,0,73
BRDA:231,22,0,19255
BRDA:232,23,0,5
BRDA:249,24,0,73
BRDA:253,25,0,23360
BRDA:254,26,0,22192
BRDA:254,27,0,3952
BRDA:270,28,0,72
BRDA:274,29,0,18934
BRDA:275,30,0,2
BRDA:272,31,0,23040
BRDA:319,32,0,73
BRDA:324,33,0,23360
BRDA:325,34,0,19255
BRDA:330,35,0,163
BRDA:331,36,0,3954
BRDA:332,37,0,163
BRDA:348,38,0,73
BRDA:366,39,0,730
BRDA:370,40,0,657
BRDA:370,41,0,73
BRDA:367,42,0,233600
BRDA:368,43,0,23360
BRDA:379,44,0,73
BRDA:393,45,0,60
BRDA:395,46,0,13
BRDA:407,47,0,19255
BRDA:415,48,0,2
BRDA:423,49,0,1
BRDA:424,50,0,1
BRDA:430,51,0,2
BRDA:431,52,0,321
BRDA:437,53,0,2
BRDA:444,54,0,1
BRDA:445,55,0,320
BRDA:452,56,0,3
BRDA:460,57,0,32
BRDA:461,58,0,608
BRDA:463,59,0,32
BRDA:464,60,0,32
BRF:61
BRH:59
end_of_record
TN:
SF:src\core\theme-generation\templates\base-theme.ts
FNF:0
FNH:0
DA:66,1
DA:68,1
DA:69,1
DA:70,1
DA:71,1
DA:72,1
DA:73,1
DA:74,1
DA:75,1
DA:76,1
DA:77,1
DA:78,1
DA:79,1
DA:80,1
DA:81,1
DA:84,1
DA:85,1
DA:86,1
DA:87,1
DA:90,1
DA:91,1
DA:94,1
DA:95,1
DA:96,1
DA:99,1
DA:100,1
DA:101,1
DA:102,1
DA:103,1
DA:104,1
DA:105,1
DA:106,1
DA:109,1
DA:110,1
DA:111,1
DA:112,1
DA:113,1
DA:114,1
DA:115,1
DA:116,1
DA:117,1
DA:118,1
DA:119,1
DA:120,1
DA:121,1
DA:122,1
DA:123,1
DA:124,1
DA:125,1
DA:126,1
DA:127,1
DA:128,1
DA:131,1
DA:132,1
DA:133,1
DA:134,1
DA:135,1
DA:138,1
DA:139,1
DA:140,1
DA:141,1
DA:142,1
DA:143,1
DA:144,1
DA:145,1
DA:146,1
DA:147,1
DA:148,1
DA:149,1
DA:150,1
DA:151,1
DA:152,1
DA:153,1
DA:154,1
DA:155,1
DA:156,1
DA:157,1
DA:158,1
DA:159,1
DA:160,1
DA:161,1
DA:162,1
DA:163,1
DA:164,1
DA:165,1
DA:166,1
DA:167,1
DA:168,1
DA:169,1
DA:170,1
DA:171,1
DA:172,1
DA:173,1
DA:174,1
DA:175,1
DA:176,1
DA:177,1
DA:178,1
DA:179,1
DA:180,1
DA:181,1
DA:182,1
DA:183,1
DA:184,1
DA:187,1
DA:188,1
DA:191,1
DA:192,1
DA:193,1
DA:194,1
DA:197,1
DA:198,1
DA:199,1
DA:200,1
DA:201,1
DA:202,1
DA:203,1
DA:206,1
DA:207,1
DA:208,1
DA:209,1
DA:210,1
DA:211,1
DA:212,1
DA:213,1
DA:216,1
DA:217,1
DA:218,1
DA:219,1
DA:220,1
DA:221,1
DA:222,1
DA:223,1
DA:226,1
DA:227,1
DA:228,1
DA:231,1
DA:232,1
DA:235,1
DA:236,1
DA:237,1
DA:238,1
DA:239,1
DA:240,1
DA:241,1
DA:242,1
DA:245,1
DA:246,1
DA:247,1
DA:248,1
DA:249,1
DA:250,1
DA:251,1
DA:252,1
DA:253,1
DA:254,1
DA:255,1
DA:256,1
DA:257,1
DA:258,1
DA:259,1
DA:260,1
DA:261,1
DA:262,1
DA:263,1
DA:264,1
DA:265,1
DA:266,1
DA:269,1
DA:270,1
DA:271,1
DA:272,1
DA:273,1
DA:274,1
DA:275,1
DA:276,1
DA:277,1
DA:278,1
DA:279,1
DA:280,1
DA:283,1
DA:284,1
DA:285,1
DA:286,1
DA:287,1
DA:288,1
DA:291,1
DA:292,1
DA:293,1
DA:294,1
DA:295,1
DA:296,1
DA:297,1
DA:298,1
DA:301,1
DA:302,1
DA:303,1
DA:306,1
DA:307,1
DA:308,1
DA:309,1
DA:310,1
DA:311,1
DA:314,1
DA:315,1
DA:316,1
DA:317,1
DA:318,1
DA:319,1
DA:320,1
DA:323,1
DA:324,1
DA:325,1
DA:326,1
DA:327,1
DA:328,1
DA:329,1
DA:330,1
DA:331,1
DA:334,1
DA:335,1
DA:336,1
DA:337,1
DA:338,1
DA:339,1
DA:340,1
DA:341,1
DA:342,1
DA:343,1
DA:344,1
DA:345,1
DA:346,1
DA:347,1
DA:348,1
DA:349,1
DA:352,1
DA:353,1
DA:354,1
DA:357,1
DA:360,1
DA:361,1
DA:362,1
DA:363,1
DA:364,1
DA:365,1
DA:366,1
DA:367,1
DA:368,1
DA:369,1
DA:370,1
DA:371,1
DA:372,1
DA:373,1
DA:374,1
DA:375,1
DA:376,1
DA:377,1
DA:378,1
DA:379,1
DA:380,1
DA:381,1
DA:382,1
DA:383,1
DA:384,1
DA:385,1
DA:386,1
DA:387,1
DA:388,1
DA:389,1
DA:390,1
DA:391,1
DA:392,1
DA:395,1
DA:398,1
DA:399,1
DA:400,1
DA:401,1
DA:402,1
DA:403,1
DA:404,1
DA:405,1
DA:406,1
DA:407,1
DA:408,1
DA:409,1
DA:410,1
DA:411,1
DA:412,1
DA:413,1
DA:414,1
DA:415,1
DA:416,1
DA:419,1
DA:420,1
DA:421,1
DA:422,1
DA:423,1
DA:424,1
DA:425,1
DA:426,1
DA:427,1
DA:428,1
DA:429,1
DA:432,1
DA:433,1
DA:434,1
DA:435,1
DA:436,1
DA:437,1
DA:438,1
DA:439,1
DA:440,1
DA:441,1
DA:444,1
DA:445,1
DA:448,1
DA:449,1
DA:450,1
DA:451,1
DA:454,1
DA:455,1
DA:456,1
DA:461,1
DA:462,1
DA:463,1
DA:464,1
DA:465,1
DA:466,1
DA:467,1
DA:468,1
DA:469,1
DA:470,1
DA:471,1
DA:472,1
DA:473,1
DA:474,1
DA:475,1
DA:476,1
DA:477,1
DA:478,1
DA:484,1
DA:486,1
DA:487,1
DA:488,1
DA:489,1
DA:490,1
DA:491,1
DA:492,1
DA:493,1
DA:494,1
DA:495,1
DA:496,1
DA:497,1
DA:498,1
DA:499,1
DA:502,1
DA:503,1
DA:504,1
DA:505,1
DA:508,1
DA:509,1
DA:512,1
DA:513,1
DA:514,1
DA:517,1
DA:518,1
DA:519,1
DA:520,1
DA:521,1
DA:522,1
DA:523,1
DA:524,1
DA:527,1
DA:528,1
DA:529,1
DA:530,1
DA:531,1
DA:532,1
DA:533,1
DA:534,1
DA:535,1
DA:536,1
DA:537,1
DA:538,1
DA:539,1
DA:540,1
DA:541,1
DA:542,1
DA:543,1
DA:544,1
DA:545,1
DA:546,1
DA:549,1
DA:550,1
DA:551,1
DA:552,1
DA:553,1
DA:556,1
DA:557,1
DA:558,1
DA:559,1
DA:560,1
DA:561,1
DA:562,1
DA:563,1
DA:564,1
DA:565,1
DA:566,1
DA:567,1
DA:568,1
DA:569,1
DA:570,1
DA:571,1
DA:572,1
DA:573,1
DA:574,1
DA:575,1
DA:576,1
DA:577,1
DA:578,1
DA:579,1
DA:580,1
DA:581,1
DA:582,1
DA:583,1
DA:584,1
DA:585,1
DA:586,1
DA:587,1
DA:588,1
DA:589,1
DA:590,1
DA:591,1
DA:592,1
DA:593,1
DA:594,1
DA:595,1
DA:596,1
DA:597,1
DA:598,1
DA:599,1
DA:600,1
DA:601,1
DA:602,1
DA:605,1
DA:606,1
DA:609,1
DA:610,1
DA:611,1
DA:612,1
DA:615,1
DA:616,1
DA:617,1
DA:618,1
DA:619,1
DA:620,1
DA:621,1
DA:624,1
DA:625,1
DA:626,1
DA:627,1
DA:628,1
DA:629,1
DA:630,1
DA:631,1
DA:632,1
DA:633,1
DA:634,1
DA:635,1
DA:636,1
DA:637,1
DA:638,1
DA:639,1
DA:642,1
DA:643,1
DA:644,1
DA:647,1
DA:648,1
DA:651,1
DA:652,1
DA:653,1
DA:654,1
DA:655,1
DA:656,1
DA:657,1
DA:658,1
DA:661,1
DA:662,1
DA:665,1
DA:666,1
DA:667,1
DA:668,1
DA:669,1
DA:670,1
DA:671,1
DA:672,1
DA:673,1
DA:674,1
DA:675,1
DA:676,1
DA:677,1
DA:678,1
DA:679,1
DA:680,1
DA:683,1
DA:684,1
DA:685,1
DA:686,1
DA:689,1
DA:690,1
DA:691,1
DA:692,1
DA:693,1
DA:694,1
DA:695,1
DA:696,1
DA:697,1
DA:698,1
DA:699,1
DA:700,1
DA:703,1
DA:704,1
DA:705,1
DA:706,1
DA:707,1
DA:708,1
DA:711,1
DA:712,1
DA:713,1
DA:714,1
DA:715,1
DA:716,1
DA:717,1
DA:718,1
DA:721,1
DA:722,1
DA:723,1
DA:726,1
DA:727,1
DA:728,1
DA:729,1
DA:730,1
DA:731,1
DA:734,1
DA:735,1
DA:736,1
DA:737,1
DA:738,1
DA:739,1
DA:740,1
DA:743,1
DA:744,1
DA:745,1
DA:746,1
DA:747,1
DA:748,1
DA:749,1
DA:750,1
DA:751,1
DA:754,1
DA:755,1
DA:756,1
DA:757,1
DA:758,1
DA:759,1
DA:760,1
DA:761,1
DA:762,1
DA:763,1
DA:764,1
DA:765,1
DA:766,1
DA:767,1
DA:768,1
DA:769,1
DA:772,1
DA:773,1
DA:774,1
DA:777,1
DA:780,1
DA:781,1
DA:782,1
DA:783,1
DA:784,1
DA:785,1
DA:786,1
DA:787,1
DA:788,1
DA:789,1
DA:790,1
DA:791,1
DA:792,1
DA:793,1
DA:794,1
DA:795,1
DA:796,1
DA:797,1
DA:798,1
DA:799,1
DA:800,1
DA:801,1
DA:802,1
DA:803,1
DA:804,1
DA:805,1
DA:806,1
DA:807,1
DA:808,1
DA:809,1
DA:810,1
DA:811,1
DA:812,1
DA:815,1
DA:818,1
DA:819,1
DA:820,1
DA:821,1
DA:822,1
DA:823,1
DA:824,1
DA:825,1
DA:826,1
DA:827,1
DA:828,1
DA:829,1
DA:830,1
DA:831,1
DA:832,1
DA:833,1
DA:834,1
DA:835,1
DA:836,1
DA:839,1
DA:840,1
DA:841,1
DA:842,1
DA:843,1
DA:844,1
DA:845,1
DA:846,1
DA:847,1
DA:848,1
DA:849,1
DA:852,1
DA:853,1
DA:854,1
DA:855,1
DA:856,1
DA:857,1
DA:858,1
DA:859,1
DA:860,1
DA:861,1
DA:864,1
DA:865,1
DA:868,1
DA:869,1
DA:870,1
DA:871,1
DA:874,1
DA:875,1
DA:876,1
DA:881,1
DA:883,1
DA:884,1
DA:885,1
DA:886,1
DA:887,1
DA:888,1
DA:889,1
DA:890,1
DA:891,1
DA:892,1
DA:893,1
DA:894,1
DA:895,1
DA:896,1
DA:899,1
DA:900,1
DA:901,1
DA:902,1
DA:905,1
DA:906,1
DA:909,1
DA:910,1
DA:911,1
DA:914,1
DA:915,1
DA:916,1
DA:917,1
DA:918,1
DA:919,1
DA:920,1
DA:921,1
DA:924,1
DA:925,1
DA:926,1
DA:927,1
DA:928,1
DA:929,1
DA:930,1
DA:931,1
DA:932,1
DA:933,1
DA:934,1
DA:935,1
DA:936,1
DA:937,1
DA:938,1
DA:939,1
DA:940,1
DA:941,1
DA:942,1
DA:943,1
DA:946,1
DA:947,1
DA:948,1
DA:949,1
DA:950,1
DA:953,1
DA:954,1
DA:955,1
DA:956,1
DA:957,1
DA:958,1
DA:959,1
DA:960,1
DA:961,1
DA:962,1
DA:963,1
DA:964,1
DA:965,1
DA:966,1
DA:967,1
DA:968,1
DA:969,1
DA:970,1
DA:971,1
DA:972,1
DA:973,1
DA:974,1
DA:975,1
DA:976,1
DA:977,1
DA:978,1
DA:979,1
DA:980,1
DA:981,1
DA:982,1
DA:983,1
DA:984,1
DA:985,1
DA:986,1
DA:987,1
DA:988,1
DA:989,1
DA:990,1
DA:991,1
DA:992,1
DA:993,1
DA:994,1
DA:995,1
DA:996,1
DA:997,1
DA:998,1
DA:999,1
DA:1002,1
DA:1003,1
DA:1006,1
DA:1007,1
DA:1008,1
DA:1009,1
DA:1012,1
DA:1013,1
DA:1014,1
DA:1015,1
DA:1016,1
DA:1017,1
DA:1018,1
DA:1021,1
DA:1022,1
DA:1023,1
DA:1024,1
DA:1025,1
DA:1026,1
DA:1027,1
DA:1028,1
DA:1029,1
DA:1030,1
DA:1031,1
DA:1032,1
DA:1033,1
DA:1034,1
DA:1035,1
DA:1036,1
DA:1039,1
DA:1040,1
DA:1041,1
DA:1044,1
DA:1045,1
DA:1048,1
DA:1049,1
DA:1050,1
DA:1051,1
DA:1052,1
DA:1053,1
DA:1054,1
DA:1055,1
DA:1058,1
DA:1059,1
DA:1062,1
DA:1063,1
DA:1064,1
DA:1065,1
DA:1066,1
DA:1067,1
DA:1068,1
DA:1069,1
DA:1070,1
DA:1071,1
DA:1072,1
DA:1073,1
DA:1074,1
DA:1075,1
DA:1076,1
DA:1077,1
DA:1080,1
DA:1081,1
DA:1082,1
DA:1083,1
DA:1086,1
DA:1087,1
DA:1088,1
DA:1089,1
DA:1090,1
DA:1091,1
DA:1092,1
DA:1093,1
DA:1094,1
DA:1095,1
DA:1096,1
DA:1097,1
DA:1100,1
DA:1101,1
DA:1102,1
DA:1103,1
DA:1104,1
DA:1105,1
DA:1108,1
DA:1109,1
DA:1110,1
DA:1111,1
DA:1112,1
DA:1113,1
DA:1114,1
DA:1115,1
DA:1118,1
DA:1119,1
DA:1120,1
DA:1123,1
DA:1124,1
DA:1125,1
DA:1126,1
DA:1127,1
DA:1128,1
DA:1131,1
DA:1132,1
DA:1133,1
DA:1134,1
DA:1135,1
DA:1136,1
DA:1137,1
DA:1140,1
DA:1141,1
DA:1142,1
DA:1143,1
DA:1144,1
DA:1145,1
DA:1146,1
DA:1147,1
DA:1148,1
DA:1151,1
DA:1152,1
DA:1153,1
DA:1154,1
DA:1155,1
DA:1156,1
DA:1157,1
DA:1158,1
DA:1159,1
DA:1160,1
DA:1161,1
DA:1162,1
DA:1163,1
DA:1164,1
DA:1165,1
DA:1166,1
DA:1169,1
DA:1170,1
DA:1171,1
DA:1174,1
DA:1177,1
DA:1178,1
DA:1179,1
DA:1180,1
DA:1181,1
DA:1182,1
DA:1183,1
DA:1184,1
DA:1185,1
DA:1186,1
DA:1187,1
DA:1188,1
DA:1189,1
DA:1190,1
DA:1191,1
DA:1192,1
DA:1193,1
DA:1194,1
DA:1195,1
DA:1196,1
DA:1197,1
DA:1198,1
DA:1199,1
DA:1200,1
DA:1201,1
DA:1202,1
DA:1203,1
DA:1204,1
DA:1205,1
DA:1206,1
DA:1207,1
DA:1208,1
DA:1209,1
DA:1212,1
DA:1215,1
DA:1216,1
DA:1217,1
DA:1218,1
DA:1219,1
DA:1220,1
DA:1221,1
DA:1222,1
DA:1223,1
DA:1224,1
DA:1225,1
DA:1226,1
DA:1227,1
DA:1228,1
DA:1229,1
DA:1230,1
DA:1231,1
DA:1232,1
DA:1233,1
DA:1236,1
DA:1237,1
DA:1238,1
DA:1239,1
DA:1240,1
DA:1241,1
DA:1242,1
DA:1243,1
DA:1244,1
DA:1245,1
DA:1246,1
DA:1249,1
DA:1250,1
DA:1251,1
DA:1252,1
DA:1253,1
DA:1254,1
DA:1255,1
DA:1256,1
DA:1257,1
DA:1258,1
DA:1261,1
DA:1262,1
DA:1265,1
DA:1266,1
DA:1267,1
DA:1268,1
DA:1271,1
DA:1272,1
DA:1273,1
LF:984
LH:984
BRF:0
BRH:0
end_of_record
TN:
SF:src\utils\error-handling.ts
FN:54,<instance_members_initializer>
FN:61,AppError
FN:93,getUserFriendlyMessage
FN:128,createFileUploadError
FN:159,action
FN:167,createColorExtractionError
FN:197,action
FN:205,createThemeGenerationError
FN:235,action
FN:236,action
FN:244,createDownloadError
FN:266,action
FN:274,tryCatch
FN:290,tryCatchSync
FN:306,normalizeError
FN:328,isErrorCode
FN:335,logError
FN:359,formatBytes
FN:370,retry
FN:383,shouldRetry
FNF:20
FNH:15
FNDA:68,<instance_members_initializer>
FNDA:68,AppError
FNDA:71,getUserFriendlyMessage
FNDA:4,createFileUploadError
FNDA:0,action
FNDA:4,createColorExtractionError
FNDA:0,action
FNDA:3,createThemeGenerationError
FNDA:0,action
FNDA:0,action
FNDA:2,createDownloadError
FNDA:0,action
FNDA:3,tryCatch
FNDA:3,tryCatchSync
FNDA:37,normalizeError
FNDA:3,isErrorCode
FNDA:11,logError
FNDA:1,formatBytes
FNDA:4,retry
FNDA:3,shouldRetry
DA:8,1
DA:10,1
DA:11,1
DA:12,1
DA:13,1
DA:16,1
DA:17,1
DA:18,1
DA:19,1
DA:22,1
DA:23,1
DA:24,1
DA:27,1
DA:28,1
DA:31,1
DA:32,1
DA:33,1
DA:53,1
DA:54,1
DA:55,68
DA:56,68
DA:57,68
DA:58,68
DA:59,68
DA:61,1
DA:69,68
DA:70,68
DA:71,68
DA:72,68
DA:73,68
DA:74,68
DA:75,68
DA:76,68
DA:77,68
DA:79,68
DA:80,35
DA:81,35
DA:84,68
DA:85,68
DA:86,68
DA:87,68
DA:88,1
DA:93,1
DA:94,71
DA:96,71
DA:97,71
DA:98,71
DA:99,71
DA:102,71
DA:103,71
DA:104,71
DA:105,71
DA:108,71
DA:109,71
DA:110,71
DA:113,71
DA:114,71
DA:117,71
DA:118,71
DA:119,71
DA:120,71
DA:122,71
DA:123,71
DA:128,1
DA:129,4
DA:130,4
DA:131,4
DA:132,4
DA:133,4
DA:134,4
DA:135,4
DA:136,4
DA:137,4
DA:138,4
DA:139,4
DA:140,4
DA:141,4
DA:142,4
DA:143,4
DA:144,4
DA:145,4
DA:146,4
DA:147,4
DA:148,4
DA:149,4
DA:151,4
DA:153,4
DA:154,4
DA:155,4
DA:156,4
DA:157,4
DA:158,4
DA:159,3
DA:160,4
DA:161,4
DA:162,4
DA:167,1
DA:168,4
DA:169,4
DA:170,4
DA:171,4
DA:172,4
DA:173,4
DA:174,4
DA:175,4
DA:176,4
DA:177,4
DA:178,4
DA:179,4
DA:180,4
DA:181,4
DA:182,4
DA:183,4
DA:184,4
DA:185,4
DA:186,4
DA:187,4
DA:188,4
DA:190,4
DA:192,4
DA:193,4
DA:194,4
DA:195,4
DA:196,4
DA:197,4
DA:198,4
DA:199,4
DA:200,4
DA:205,1
DA:206,3
DA:207,3
DA:208,3
DA:209,3
DA:210,3
DA:211,3
DA:212,3
DA:213,3
DA:214,3
DA:215,3
DA:216,3
DA:217,3
DA:218,3
DA:219,3
DA:220,3
DA:221,3
DA:222,3
DA:223,3
DA:224,3
DA:225,3
DA:227,3
DA:229,3
DA:230,3
DA:231,3
DA:232,3
DA:233,3
DA:234,3
DA:235,3
DA:236,3
DA:237,3
DA:238,3
DA:239,3
DA:244,1
DA:245,2
DA:246,2
DA:247,2
DA:248,2
DA:249,2
DA:250,2
DA:251,2
DA:252,2
DA:253,2
DA:254,2
DA:255,2
DA:256,2
DA:257,2
DA:259,2
DA:261,2
DA:262,2
DA:263,2
DA:264,2
DA:265,2
DA:266,2
DA:267,2
DA:268,2
DA:269,2
DA:274,3
DA:275,3
DA:276,3
DA:277,3
DA:278,3
DA:279,3
DA:280,3
DA:281,2
DA:282,2
DA:283,2
DA:284,2
DA:285,3
DA:290,1
DA:291,3
DA:292,3
DA:293,3
DA:294,3
DA:295,3
DA:296,3
DA:297,2
DA:298,2
DA:299,2
DA:300,2
DA:301,3
DA:306,1
DA:307,37
DA:308,2
DA:309,2
DA:311,36
DA:312,33
DA:313,33
DA:314,33
DA:315,33
DA:316,33
DA:317,33
DA:319,2
DA:320,2
DA:321,2
DA:322,2
DA:323,2
DA:328,1
DA:329,3
DA:330,3
DA:335,1
DA:336,11
DA:337,11
DA:338,11
DA:339,11
DA:340,11
DA:341,11
DA:342,11
DA:343,11
DA:344,11
DA:345,11
DA:347,11
DA:348,9
DA:349,11
DA:350,1
DA:351,1
DA:352,1
DA:353,1
DA:354,11
DA:359,1
DA:360,1
DA:361,1
DA:362,1
DA:363,1
DA:364,1
DA:365,1
DA:370,4
DA:371,4
DA:372,4
DA:377,4
DA:378,4
DA:379,4
DA:380,4
DA:381,4
DA:382,4
DA:383,4
DA:384,4
DA:386,4
DA:388,4
DA:389,7
DA:390,7
DA:391,7
DA:392,5
DA:394,5
DA:395,2
DA:396,2
DA:398,3
DA:399,3
DA:400,3
DA:401,7
DA:403,3
DA:404,3
LF:280
LH:280
BRDA:8,0,0,2
BRDA:54,1,0,68
BRDA:61,2,0,68
BRDA:73,3,0,57
BRDA:74,4,0,67
BRDA:79,5,0,35
BRDA:93,6,0,71
BRDA:122,7,0,1
BRDA:128,8,0,4
BRDA:135,9,0,3
BRDA:135,10,0,1
BRDA:135,11,0,3
BRDA:139,12,0,3
BRDA:139,13,0,1
BRDA:139,14,0,3
BRDA:151,15,0,0
BRDA:156,16,0,1
BRDA:156,17,0,3
BRDA:157,18,0,3
BRDA:158,19,0,3
BRDA:160,20,0,1
BRDA:167,21,0,4
BRDA:186,22,0,1
BRDA:186,23,0,1
BRDA:186,24,0,3
BRDA:190,25,0,0
BRDA:195,26,0,1
BRDA:205,27,0,3
BRDA:217,28,0,1
BRDA:217,29,0,1
BRDA:217,30,0,2
BRDA:227,31,0,0
BRDA:233,32,0,1
BRDA:244,33,0,2
BRDA:259,34,0,0
BRDA:264,35,0,0
BRDA:274,36,0,3
BRDA:280,37,0,2
BRDA:282,38,0,1
BRDA:290,39,0,3
BRDA:296,40,0,2
BRDA:298,41,0,1
BRDA:306,42,0,37
BRDA:307,43,0,2
BRDA:309,44,0,36
BRDA:309,45,0,35
BRDA:311,46,0,33
BRDA:317,47,0,2
BRDA:328,48,0,3
BRDA:329,49,0,2
BRDA:335,50,0,11
BRDA:344,51,0,8
BRDA:344,52,0,3
BRDA:347,53,0,9
BRDA:349,54,0,2
BRDA:349,55,0,1
BRDA:359,56,0,1
BRDA:360,57,0,0
BRDA:370,58,0,4
BRDA:388,59,0,7
BRDA:391,60,0,5
BRDA:394,61,0,4
BRDA:394,62,0,2
BRDA:396,63,0,3
BRDA:401,64,0,3
BRDA:383,65,0,3
BRDA:399,66,0,3
BRF:67
BRH:61
end_of_record
TN:
SF:src\utils\file-utils.ts
FN:58,sanitizeFilename
FN:76,generateThemeFilename
FN:87,createThemeBlob
FN:109,downloadTheme
FN:147,createDownloadUrl
FN:157,revokeDownloadUrl
FN:167,isValidThemeContent
FNF:7
FNH:7
FNDA:19,sanitizeFilename
FNDA:10,generateThemeFilename
FNDA:10,createThemeBlob
FNDA:7,downloadTheme
FNDA:1,createDownloadUrl
FNDA:1,revokeDownloadUrl
FNDA:8,isValidThemeContent
DA:1,1
DA:6,1
DA:11,1
DA:58,1
DA:59,19
DA:60,19
DA:62,19
DA:63,19
DA:64,19
DA:65,19
DA:66,19
DA:67,2
DA:68,19
DA:76,1
DA:77,10
DA:78,10
DA:79,10
DA:87,1
DA:88,10
DA:89,10
DA:109,7
DA:110,7
DA:112,7
DA:114,7
DA:115,7
DA:117,7
DA:118,7
DA:120,7
DA:121,7
DA:122,7
DA:123,7
DA:125,7
DA:126,7
DA:127,7
DA:128,2
DA:130,2
DA:132,2
DA:133,2
DA:134,2
DA:135,2
DA:136,2
DA:137,2
DA:138,7
DA:147,1
DA:148,1
DA:149,1
DA:150,1
DA:157,1
DA:158,1
DA:159,1
DA:167,1
DA:168,8
DA:169,3
DA:170,3
DA:174,5
DA:177,5
DA:179,5
DA:180,8
LF:58
LH:58
BRDA:58,0,0,19
BRDA:66,1,0,2
BRDA:76,2,0,10
BRDA:87,3,0,10
BRDA:109,4,0,7
BRDA:115,5,0,1
BRDA:125,6,0,1
BRDA:127,7,0,2
BRDA:128,8,0,0
BRDA:130,9,0,1
BRDA:147,10,0,1
BRDA:157,11,0,1
BRDA:167,12,0,8
BRDA:168,13,0,5
BRDA:168,14,0,3
BRDA:170,15,0,5
BRDA:177,16,0,11
BRDA:177,17,0,7
BRF:18
BRH:17
end_of_record
